Looking for git in: git
Using git 2.25.1 from git
> git rev-parse --git-dir
Open repository: /home/mkasun/sandbox/snapdrop
> git status -z -u
> git symbolic-ref --short HEAD
> git rev-parse master
> git rev-parse --symbolic-full-name master@{u}
> git rev-list --left-right master...refs/remotes/origin/master
> git for-each-ref --sort -committerdate --format %(refname) %(objectname)
> git remote --verbose
Warning: Failed to watch ref '/home/mkasun/sandbox/snapdrop/.git/refs/remotes/origin/master', is most likely packed.
> git config --get commit.template
> git check-ignore -v -z --stdin
> git show --textconv :server/index.js
> git ls-files --stage -- /home/mkasun/sandbox/snapdrop/server/index.js
> git cat-file -s 208a61b365ae92946a12d78cc6b8b147b4a9a2da
> git show --textconv :server/index.js
> git ls-files --stage -- /home/mkasun/sandbox/snapdrop/server/index.js
> git cat-file -s 208a61b365ae92946a12d78cc6b8b147b4a9a2da
> git check-ignore -v -z --stdin
> git show --textconv HEAD:Dockerfile
> git ls-tree -l HEAD -- /home/mkasun/sandbox/snapdrop/Dockerfile
> git check-ignore -v -z --stdin
> git ls-tree -l HEAD -- /home/mkasun/sandbox/snapdrop/Dockerfile
> git show --textconv HEAD:tmp/Dockerfile
> git ls-tree -l HEAD -- /home/mkasun/sandbox/snapdrop/tmp/Dockerfile
> git check-ignore -v -z --stdin
> git show --textconv HEAD:tmp/server/index.js
> git ls-tree -l HEAD -- /home/mkasun/sandbox/snapdrop/tmp/server/index.js
> git check-ignore -v -z --stdin
> git show --textconv HEAD:tmp/server/package-lock.json
> git ls-tree -l HEAD -- /home/mkasun/sandbox/snapdrop/tmp/server/package-lock.json
> git show --textconv HEAD:tmp/server/package.json
> git ls-tree -l HEAD -- /home/mkasun/sandbox/snapdrop/tmp/server/package.json
> git show --textconv :server/index.js
> git ls-files --stage -- /home/mkasun/sandbox/snapdrop/server/index.js
> git cat-file -s 208a61b365ae92946a12d78cc6b8b147b4a9a2da
