[2022-02-02 16:23:18.793] [exthost] [info] Extension host with pid 155938 started
[2022-02-02 16:23:18.794] [exthost] [info] Skipping acquiring lock for /home/mkasun/.config/Code - OSS/User/workspaceStorage/b93fbe19c3cfbdb67657f455f104198f.
[2022-02-02 16:23:18.959] [exthost] [info] ExtensionService#_doActivateExtension golang.go, startup: false, activationEvent: 'onLanguage:go'
[2022-02-02 16:23:19.097] [exthost] [info] ExtensionService#_doActivateExtension vscode.debug-auto-launch, startup: true, activationEvent: '*'
[2022-02-02 16:23:19.102] [exthost] [info] ExtensionService#_doActivateExtension vscode.git-base, startup: true, activationEvent: '*', root cause: vscode.github
[2022-02-02 16:23:19.107] [exthost] [info] ExtensionService#_doActivateExtension vscodevim.vim, startup: true, activationEvent: '*'
[2022-02-02 16:23:19.364] [exthost] [info] ExtensionService#_doActivateExtension vscode.git, startup: true, activationEvent: '*'
[2022-02-02 16:23:19.411] [exthost] [info] ExtensionService#_doActivateExtension vscode.github, startup: true, activationEvent: '*'
[2022-02-02 16:23:19.470] [exthost] [info] Eager extensions activated
[2022-02-02 16:23:19.681] [exthost] [info] ExtensionService#_doActivateExtension vscode.emmet, startup: false, activationEvent: 'onStartupFinished'
[2022-02-02 16:23:19.745] [exthost] [info] ExtensionService#_doActivateExtension vscode.merge-conflict, startup: false, activationEvent: 'onStartupFinished'
[2022-02-02 16:23:20.622] [exthost] [error] [golang.go] provider FAILED
[2022-02-02 16:23:20.631] [exthost] [error] Error: context canceled
    at handleResponse (/home/mkasun/.vscode-oss/extensions/golang.go-0.31.0/dist/goMain.js:4366:40)
    at processMessageQueue (/home/mkasun/.vscode-oss/extensions/golang.go-0.31.0/dist/goMain.js:4204:13)
    at Immediate.<anonymous> (/home/mkasun/.vscode-oss/extensions/golang.go-0.31.0/dist/goMain.js:4190:11)
    at processImmediate (internal/timers.js:461:21)
[2022-02-02 16:23:20.919] [exthost] [error] [golang.go] provider FAILED
[2022-02-02 16:23:20.924] [exthost] [error] Canceled: Canceled
    at LanguageClient2.makeCancelError (/home/mkasun/.vscode-oss/extensions/golang.go-0.31.0/dist/goMain.js:12133:24)
    at LanguageClient2.handleFailedRequest (/home/mkasun/.vscode-oss/extensions/golang.go-0.31.0/dist/goMain.js:12124:24)
    at /home/mkasun/.vscode-oss/extensions/golang.go-0.31.0/dist/goMain.js:10836:31
    at Object.provideCodeLenses (/home/mkasun/.vscode-oss/extensions/golang.go-0.31.0/dist/goMain.js:73143:26)
    at r.provideCodeLenses (/usr/lib/code/out/vs/workbench/services/extensions/node/extensionHostProcess.js:95:88828)
[2022-02-02 16:30:47.437] [exthost] [error] [golang.go] provider FAILED
[2022-02-02 16:30:47.438] [exthost] [error] Canceled: Canceled
    at LanguageClient2.makeCancelError (/home/mkasun/.vscode-oss/extensions/golang.go-0.31.0/dist/goMain.js:12133:24)
    at LanguageClient2.handleFailedRequest (/home/mkasun/.vscode-oss/extensions/golang.go-0.31.0/dist/goMain.js:12124:24)
    at /home/mkasun/.vscode-oss/extensions/golang.go-0.31.0/dist/goMain.js:10624:31
    at h.provideDocumentHighlights (/usr/lib/code/out/vs/workbench/services/extensions/node/extensionHostProcess.js:95:91846)
[2022-02-02 16:31:38.341] [exthost] [error] [golang.go] provider FAILED
[2022-02-02 16:31:38.341] [exthost] [error] Error: context canceled
    at handleResponse (/home/mkasun/.vscode-oss/extensions/golang.go-0.31.0/dist/goMain.js:4366:40)
    at processMessageQueue (/home/mkasun/.vscode-oss/extensions/golang.go-0.31.0/dist/goMain.js:4204:13)
    at Immediate.<anonymous> (/home/mkasun/.vscode-oss/extensions/golang.go-0.31.0/dist/goMain.js:4190:11)
    at processImmediate (internal/timers.js:461:21)
[2022-02-02 16:32:20.363] [exthost] [error] [golang.go] provider FAILED
[2022-02-02 16:32:20.363] [exthost] [error] Canceled: Canceled
    at LanguageClient2.makeCancelError (/home/mkasun/.vscode-oss/extensions/golang.go-0.31.0/dist/goMain.js:12133:24)
    at LanguageClient2.handleFailedRequest (/home/mkasun/.vscode-oss/extensions/golang.go-0.31.0/dist/goMain.js:12124:24)
    at /home/mkasun/.vscode-oss/extensions/golang.go-0.31.0/dist/goMain.js:10624:31
    at h.provideDocumentHighlights (/usr/lib/code/out/vs/workbench/services/extensions/node/extensionHostProcess.js:95:91846)
[2022-02-02 16:32:59.847] [exthost] [error] [golang.go] provider FAILED
[2022-02-02 16:32:59.847] [exthost] [error] Error: context canceled
    at handleResponse (/home/mkasun/.vscode-oss/extensions/golang.go-0.31.0/dist/goMain.js:4366:40)
    at processMessageQueue (/home/mkasun/.vscode-oss/extensions/golang.go-0.31.0/dist/goMain.js:4204:13)
    at Immediate.<anonymous> (/home/mkasun/.vscode-oss/extensions/golang.go-0.31.0/dist/goMain.js:4190:11)
    at processImmediate (internal/timers.js:461:21)
[2022-02-03 04:31:19.495] [exthost] [warning] TextEditor is closed/disposed
[2022-02-03 04:31:19.509] [exthost] [warning] TextEditor is closed/disposed
[2022-02-03 04:32:24.654] [exthost] [warning] TextEditor is closed/disposed
[2022-02-03 04:32:24.654] [exthost] [warning] TextEditor is closed/disposed
[2022-02-03 04:32:38.181] [exthost] [warning] TextEditor is closed/disposed
[2022-02-03 04:32:38.181] [exthost] [warning] TextEditor is closed/disposed
[2022-02-03 04:53:54.050] [exthost] [error] [golang.go] provider FAILED
[2022-02-03 04:53:54.050] [exthost] [error] Canceled: Canceled
    at LanguageClient2.makeCancelError (/home/mkasun/.vscode-oss/extensions/golang.go-0.31.0/dist/goMain.js:12133:24)
    at LanguageClient2.handleFailedRequest (/home/mkasun/.vscode-oss/extensions/golang.go-0.31.0/dist/goMain.js:12124:24)
    at /home/mkasun/.vscode-oss/extensions/golang.go-0.31.0/dist/goMain.js:12506:31
    at Object.provideFoldingRanges (/home/mkasun/.vscode-oss/extensions/golang.go-0.31.0/dist/goMain.js:73136:24)
    at ne.provideFoldingRanges (/usr/lib/code/out/vs/workbench/services/extensions/node/extensionHostProcess.js:95:107898)
[2022-02-03 04:56:39.397] [exthost] [error] [golang.go] provider FAILED
[2022-02-03 04:56:39.397] [exthost] [error] Error: context canceled
    at handleResponse (/home/mkasun/.vscode-oss/extensions/golang.go-0.31.0/dist/goMain.js:4366:40)
    at processMessageQueue (/home/mkasun/.vscode-oss/extensions/golang.go-0.31.0/dist/goMain.js:4204:13)
    at Immediate.<anonymous> (/home/mkasun/.vscode-oss/extensions/golang.go-0.31.0/dist/goMain.js:4190:11)
    at processImmediate (internal/timers.js:461:21)
[2022-02-03 04:59:26.425] [exthost] [error] [golang.go] provider FAILED
[2022-02-03 04:59:26.425] [exthost] [error] Error: context canceled
    at handleResponse (/home/mkasun/.vscode-oss/extensions/golang.go-0.31.0/dist/goMain.js:4366:40)
    at processMessageQueue (/home/mkasun/.vscode-oss/extensions/golang.go-0.31.0/dist/goMain.js:4204:13)
    at Immediate.<anonymous> (/home/mkasun/.vscode-oss/extensions/golang.go-0.31.0/dist/goMain.js:4190:11)
    at processImmediate (internal/timers.js:461:21)
[2022-02-03 05:01:39.773] [exthost] [warning] TextEditor is closed/disposed
[2022-02-03 05:01:39.773] [exthost] [warning] TextEditor is closed/disposed
[2022-02-03 05:01:41.877] [exthost] [warning] TextEditor is closed/disposed
[2022-02-03 05:01:41.877] [exthost] [warning] TextEditor is closed/disposed
[2022-02-03 05:05:06.918] [exthost] [warning] TextEditor is closed/disposed
[2022-02-03 05:05:06.918] [exthost] [warning] TextEditor is closed/disposed
[2022-02-03 06:46:59.769] [exthost] [warning] TextEditor is closed/disposed
[2022-02-03 06:46:59.769] [exthost] [warning] TextEditor is closed/disposed
[2022-02-03 07:23:15.109] [exthost] [info] extension host terminating: renderer closed the socket
[2022-02-03 07:23:15.452] [exthost] [error] TypeError: r.some is not a function
    at Function.saveToDisk (/home/mkasun/.vscode-oss/extensions/vscodevim.vim-1.21.10/src/register/register.ts:350:30)
    at Object.e.deactivate (/home/mkasun/.vscode-oss/extensions/vscodevim.vim-1.21.10/extension.ts:37:18)
    at v._deactivate (/usr/lib/code/out/vs/workbench/services/extensions/node/extensionHostProcess.js:100:11513)
    at /usr/lib/code/out/vs/workbench/services/extensions/node/extensionHostProcess.js:100:10061
    at Array.map (<anonymous>)
    at v.deactivateAll (/usr/lib/code/out/vs/workbench/services/extensions/node/extensionHostProcess.js:100:10049)
    at p.terminate (/usr/lib/code/out/vs/workbench/services/extensions/node/extensionHostProcess.js:104:735)
    at r (/usr/lib/code/out/vs/workbench/services/extensions/node/extensionHostProcess.js:114:36400)
    at Socket.<anonymous> (/usr/lib/code/out/vs/workbench/services/extensions/node/extensionHostProcess.js:114:34012)
    at Socket.emit (events.js:327:22)
    at Pipe.<anonymous> (net.js:673:12)
[2022-02-03 07:23:15.452] [exthost] [info] Extension host with pid 155938 exiting with code 0
