[2022-02-03 09:21:28.938] [exthost] [info] Extension host with pid 2377 started
[2022-02-03 09:21:28.938] [exthost] [info] Skipping acquiring lock for /home/mkasun/.config/Code - OSS/User/workspaceStorage/b93fbe19c3cfbdb67657f455f104198f.
[2022-02-03 09:21:29.042] [exthost] [info] ExtensionService#_doActivateExtension golang.go, startup: false, activationEvent: 'onLanguage:go'
[2022-02-03 09:21:29.092] [exthost] [info] ExtensionService#_doActivateExtension vscode.debug-auto-launch, startup: true, activationEvent: '*'
[2022-02-03 09:21:29.097] [exthost] [info] ExtensionService#_doActivateExtension vscode.git-base, startup: true, activationEvent: '*', root cause: vscode.github
[2022-02-03 09:21:29.176] [exthost] [info] ExtensionService#_doActivateExtension vscodevim.vim, startup: true, activationEvent: '*'
[2022-02-03 09:21:29.651] [exthost] [info] ExtensionService#_doActivateExtension vscode.git, startup: true, activationEvent: '*'
[2022-02-03 09:21:30.064] [exthost] [info] ExtensionService#_doActivateExtension vscode.github, startup: true, activationEvent: '*'
[2022-02-03 09:21:30.643] [exthost] [info] Eager extensions activated
[2022-02-03 09:21:30.678] [exthost] [info] ExtensionService#_doActivateExtension vscode.emmet, startup: false, activationEvent: 'onStartupFinished'
[2022-02-03 09:21:30.798] [exthost] [info] ExtensionService#_doActivateExtension vscode.merge-conflict, startup: false, activationEvent: 'onStartupFinished'
[2022-02-03 09:27:11.149] [exthost] [error] [golang.go] provider FAILED
[2022-02-03 09:27:11.158] [exthost] [error] Canceled: Canceled
    at LanguageClient2.makeCancelError (/home/mkasun/.vscode-oss/extensions/golang.go-0.31.0/dist/goMain.js:12133:24)
    at LanguageClient2.handleFailedRequest (/home/mkasun/.vscode-oss/extensions/golang.go-0.31.0/dist/goMain.js:12124:24)
    at /home/mkasun/.vscode-oss/extensions/golang.go-0.31.0/dist/goMain.js:10624:31
    at runNextTicks (internal/process/task_queues.js:58:5)
    at processImmediate (internal/timers.js:434:9)
    at h.provideDocumentHighlights (/usr/lib/code/out/vs/workbench/services/extensions/node/extensionHostProcess.js:95:91846)
[2022-02-03 09:31:57.295] [exthost] [error] [golang.go] provider FAILED
[2022-02-03 09:31:57.296] [exthost] [error] Canceled: Canceled
    at LanguageClient2.makeCancelError (/home/mkasun/.vscode-oss/extensions/golang.go-0.31.0/dist/goMain.js:12133:24)
    at LanguageClient2.handleFailedRequest (/home/mkasun/.vscode-oss/extensions/golang.go-0.31.0/dist/goMain.js:12124:24)
    at /home/mkasun/.vscode-oss/extensions/golang.go-0.31.0/dist/goMain.js:10483:31
    at o.provideHover (/usr/lib/code/out/vs/workbench/services/extensions/node/extensionHostProcess.js:95:90908)
[2022-02-03 09:34:11.095] [exthost] [error] [golang.go] provider FAILED
[2022-02-03 09:34:11.096] [exthost] [error] Canceled: Canceled
    at LanguageClient2.makeCancelError (/home/mkasun/.vscode-oss/extensions/golang.go-0.31.0/dist/goMain.js:12133:24)
    at LanguageClient2.handleFailedRequest (/home/mkasun/.vscode-oss/extensions/golang.go-0.31.0/dist/goMain.js:12124:24)
    at /home/mkasun/.vscode-oss/extensions/golang.go-0.31.0/dist/goMain.js:10483:31
    at o.provideHover (/usr/lib/code/out/vs/workbench/services/extensions/node/extensionHostProcess.js:95:90908)
[2022-02-03 10:04:31.268] [exthost] [info] ExtensionService#_doActivateExtension ms-vscode.references-view, startup: false, activationEvent: 'onCommand:references-view.findReferences'
[2022-02-03 10:43:01.920] [exthost] [error] [golang.go] provider FAILED
[2022-02-03 10:43:01.921] [exthost] [error] Error: context canceled
    at handleResponse (/home/mkasun/.vscode-oss/extensions/golang.go-0.31.0/dist/goMain.js:4366:40)
    at processMessageQueue (/home/mkasun/.vscode-oss/extensions/golang.go-0.31.0/dist/goMain.js:4204:13)
    at Immediate.<anonymous> (/home/mkasun/.vscode-oss/extensions/golang.go-0.31.0/dist/goMain.js:4190:11)
    at processImmediate (internal/timers.js:461:21)
