Tools environment: GOPATH=/home/mkasun/sandbox/go/lxd-4.7/_dist
Installing 17 tools at /home/mkasun/sandbox/go/lxd-4.7/_dist/bin in module mode.
  gocode
  gopkgs
  go-outline
  go-symbols
  guru
  gorename
  gotests
  gomodifytags
  impl
  fillstruct
  goplay
  godoctor
  dlv
  gocode-gomod
  godef
  goreturns
  golint

Installing github.com/mdempsky/gocode (/home/mkasun/sandbox/go/lxd-4.7/_dist/bin/gocode) SUCCEEDED
Installing github.com/uudashr/gopkgs/v2/cmd/gopkgs (/home/mkasun/sandbox/go/lxd-4.7/_dist/bin/gopkgs) SUCCEEDED
Installing github.com/ramya-rao-a/go-outline (/home/mkasun/sandbox/go/lxd-4.7/_dist/bin/go-outline) SUCCEEDED
Installing github.com/acroca/go-symbols (/home/mkasun/sandbox/go/lxd-4.7/_dist/bin/go-symbols) SUCCEEDED
Installing golang.org/x/tools/cmd/guru (/home/mkasun/sandbox/go/lxd-4.7/_dist/bin/guru) SUCCEEDED
Installing golang.org/x/tools/cmd/gorename (/home/mkasun/sandbox/go/lxd-4.7/_dist/bin/gorename) SUCCEEDED
Installing github.com/cweill/gotests/... (/home/mkasun/sandbox/go/lxd-4.7/_dist/bin/gotests) SUCCEEDED
Installing github.com/fatih/gomodifytags (/home/mkasun/sandbox/go/lxd-4.7/_dist/bin/gomodifytags) SUCCEEDED
Installing github.com/josharian/impl (/home/mkasun/sandbox/go/lxd-4.7/_dist/bin/impl) SUCCEEDED
Installing github.com/davidrjenni/reftools/cmd/fillstruct (/home/mkasun/sandbox/go/lxd-4.7/_dist/bin/fillstruct) SUCCEEDED
Installing github.com/haya14busa/goplay/cmd/goplay (/home/mkasun/sandbox/go/lxd-4.7/_dist/bin/goplay) SUCCEEDED
Installing github.com/godoctor/godoctor (/home/mkasun/sandbox/go/lxd-4.7/_dist/bin/godoctor) SUCCEEDED
Installing github.com/go-delve/delve/cmd/dlv (/home/mkasun/sandbox/go/lxd-4.7/_dist/bin/dlv) SUCCEEDED
Installing github.com/stamblerre/gocode (/home/mkasun/sandbox/go/lxd-4.7/_dist/bin/gocode-gomod) SUCCEEDED
Installing github.com/rogpeppe/godef (/home/mkasun/sandbox/go/lxd-4.7/_dist/bin/godef) SUCCEEDED
Installing github.com/sqs/goreturns (/home/mkasun/sandbox/go/lxd-4.7/_dist/bin/goreturns) SUCCEEDED
Installing golang.org/x/lint/golint (/home/mkasun/sandbox/go/lxd-4.7/_dist/bin/golint) SUCCEEDED

All tools successfully installed. You are ready to Go :).
Tools environment: GOPATH=/home/mkasun/sandbox/go/lxd-4.7/_dist
Installing 1 tool at /home/mkasun/sandbox/go/lxd-4.7/_dist/bin in module mode.
Starting linting the current package at /home/mkasun/sandbox/curl-google
Starting "go vet" under the folder /home/mkasun/sandbox/curl-google
Starting building the current package at /home/mkasun/sandbox/curl-google
Not able to determine import path of current package by using cwd: /home/mkasun/sandbox/curl-google and Go workspace: 
/home/mkasun/sandbox/curl-google>Finished running tool: /home/mkasun/sandbox/go/lxd-4.7/_dist/bin/golint
/home/mkasun/sandbox/curl-google/quickstart.go:73:53 func parameter parentId should be parentID
/home/mkasun/sandbox/curl-google/quickstart.go:90:90 func parameter parentId should be parentID

/home/mkasun/sandbox/curl-google>Finished running tool: /usr/bin/go build -o /tmp/vscode-gowVw207/go-code-check .

/home/mkasun/sandbox/curl-google>Finished running tool: /usr/bin/go vet .

Starting linting the current package at /home/mkasun/sandbox/curl-google
Starting "go vet" under the folder /home/mkasun/sandbox/curl-google
Starting building the current package at /home/mkasun/sandbox/curl-google
Not able to determine import path of current package by using cwd: /home/mkasun/sandbox/curl-google and Go workspace: 
/home/mkasun/sandbox/curl-google>Finished running tool: /home/mkasun/sandbox/go/lxd-4.7/_dist/bin/golint

/home/mkasun/sandbox/curl-google>Finished running tool: /usr/bin/go vet .

/home/mkasun/sandbox/curl-google>Finished running tool: /usr/bin/go build -o /tmp/vscode-gowVw207/go-code-check .

Starting linting the current package at /home/mkasun/sandbox/curl-google
Starting "go vet" under the folder /home/mkasun/sandbox/curl-google
Starting building the current package at /home/mkasun/sandbox/curl-google
Not able to determine import path of current package by using cwd: /home/mkasun/sandbox/curl-google and Go workspace: 
/home/mkasun/sandbox/curl-google>Finished running tool: /home/mkasun/sandbox/go/lxd-4.7/_dist/bin/golint

/home/mkasun/sandbox/curl-google>Finished running tool: /usr/bin/go vet .

/home/mkasun/sandbox/curl-google>Finished running tool: /usr/bin/go build -o /tmp/vscode-gowVw207/go-code-check .

Starting linting the current package at /home/mkasun/sandbox/curl-google
Starting "go vet" under the folder /home/mkasun/sandbox/curl-google
Starting building the current package at /home/mkasun/sandbox/curl-google
Not able to determine import path of current package by using cwd: /home/mkasun/sandbox/curl-google and Go workspace: 
/home/mkasun/sandbox/curl-google>Finished running tool: /home/mkasun/sandbox/go/lxd-4.7/_dist/bin/golint
/home/mkasun/sandbox/curl-google/quickstart.go:109:89 don't use underscores in Go names; func parameter update_id should be updateID
/home/mkasun/sandbox/curl-google/quickstart.go:159:4 don't use underscores in Go names; var update_id should be updateID

/home/mkasun/sandbox/curl-google>Finished running tool: /usr/bin/go build -o /tmp/vscode-gowVw207/go-code-check .
/home/mkasun/sandbox/curl-google/quickstart.go:109:46 undefined: sting
/home/mkasun/sandbox/curl-google/quickstart.go:109:121 undefined: err
/home/mkasun/sandbox/curl-google/quickstart.go:170:31 undefined: junk
/home/mkasun/sandbox/curl-google/quickstart.go:170:58 undefined: update
/home/mkasun/sandbox/curl-google/quickstart.go:175:75 undefined: dir

/home/mkasun/sandbox/curl-google>Finished running tool: /usr/bin/go vet .
/home/mkasun/sandbox/curl-google/quickstart.go:109:46 undeclared name: sting

Starting linting the current package at /home/mkasun/sandbox/curl-google
Starting "go vet" under the folder /home/mkasun/sandbox/curl-google
Starting building the current package at /home/mkasun/sandbox/curl-google
Not able to determine import path of current package by using cwd: /home/mkasun/sandbox/curl-google and Go workspace: 
/home/mkasun/sandbox/curl-google>Finished running tool: /home/mkasun/sandbox/go/lxd-4.7/_dist/bin/golint
/home/mkasun/sandbox/curl-google/quickstart.go:109:90 don't use underscores in Go names; func parameter update_id should be updateID
/home/mkasun/sandbox/curl-google/quickstart.go:159:4 don't use underscores in Go names; var update_Id should be updateID

/home/mkasun/sandbox/curl-google>Finished running tool: /usr/bin/go build -o /tmp/vscode-gowVw207/go-code-check .
/home/mkasun/sandbox/curl-google/quickstart.go:170:60 undefined: update

/home/mkasun/sandbox/curl-google>Finished running tool: /usr/bin/go vet .
/home/mkasun/sandbox/curl-google/quickstart.go:170:60 undeclared name: update

Starting linting the current package at /home/mkasun/sandbox/curl-google
Starting "go vet" under the folder /home/mkasun/sandbox/curl-google
Starting building the current package at /home/mkasun/sandbox/curl-google
Not able to determine import path of current package by using cwd: /home/mkasun/sandbox/curl-google and Go workspace: 
/home/mkasun/sandbox/curl-google>Finished running tool: /home/mkasun/sandbox/go/lxd-4.7/_dist/bin/golint
/home/mkasun/sandbox/curl-google/quickstart.go:159:4 var updateId should be updateID

/home/mkasun/sandbox/curl-google>Finished running tool: /usr/bin/go build -o /tmp/vscode-gowVw207/go-code-check .
/home/mkasun/sandbox/curl-google/quickstart.go:170:60 undefined: updateId

/home/mkasun/sandbox/curl-google>Finished running tool: /usr/bin/go vet .
/home/mkasun/sandbox/curl-google/quickstart.go:170:60 undeclared name: updateId

Starting linting the current package at /home/mkasun/sandbox/curl-google
Starting "go vet" under the folder /home/mkasun/sandbox/curl-google
Starting building the current package at /home/mkasun/sandbox/curl-google
Not able to determine import path of current package by using cwd: /home/mkasun/sandbox/curl-google and Go workspace: 
/home/mkasun/sandbox/curl-google>Finished running tool: /home/mkasun/sandbox/go/lxd-4.7/_dist/bin/golint
/home/mkasun/sandbox/curl-google/quickstart.go:148:2 var updateId should be updateID

/home/mkasun/sandbox/curl-google>Finished running tool: /usr/bin/go vet .

/home/mkasun/sandbox/curl-google>Finished running tool: /usr/bin/go build -o /tmp/vscode-gowVw207/go-code-check .

Starting linting the current package at /home/mkasun/sandbox/curl-google
Starting "go vet" under the folder /home/mkasun/sandbox/curl-google
Starting building the current package at /home/mkasun/sandbox/curl-google
Not able to determine import path of current package by using cwd: /home/mkasun/sandbox/curl-google and Go workspace: 
/home/mkasun/sandbox/curl-google>Finished running tool: /home/mkasun/sandbox/go/lxd-4.7/_dist/bin/golint
/home/mkasun/sandbox/curl-google/quickstart.go:148:2 var updateId should be updateID

/home/mkasun/sandbox/curl-google>Finished running tool: /usr/bin/go build -o /tmp/vscode-gowVw207/go-code-check .
/home/mkasun/sandbox/curl-google/quickstart.go:148:2 updateId declared and not used

/home/mkasun/sandbox/curl-google>Finished running tool: /usr/bin/go vet .
/home/mkasun/sandbox/curl-google/quickstart.go:148:2 updateId declared but not used

Starting linting the current package at /home/mkasun/sandbox/curl-google
Starting "go vet" under the folder /home/mkasun/sandbox/curl-google
Starting building the current package at /home/mkasun/sandbox/curl-google
Not able to determine import path of current package by using cwd: /home/mkasun/sandbox/curl-google and Go workspace: 
/home/mkasun/sandbox/curl-google>Finished running tool: /home/mkasun/sandbox/go/lxd-4.7/_dist/bin/golint
/home/mkasun/sandbox/curl-google/quickstart.go:148:2 var updateId should be updateID

/home/mkasun/sandbox/curl-google>Finished running tool: /usr/bin/go vet .

/home/mkasun/sandbox/curl-google>Finished running tool: /usr/bin/go build -o /tmp/vscode-gowVw207/go-code-check .

Starting linting the current package at /home/mkasun/sandbox/curl-google
Starting "go vet" under the folder /home/mkasun/sandbox/curl-google
Starting building the current package at /home/mkasun/sandbox/curl-google
Not able to determine import path of current package by using cwd: /home/mkasun/sandbox/curl-google and Go workspace: 
/home/mkasun/sandbox/curl-google>Finished running tool: /home/mkasun/sandbox/go/lxd-4.7/_dist/bin/golint
/home/mkasun/sandbox/curl-google/quickstart.go:148:2 var updateId should be updateID

/home/mkasun/sandbox/curl-google>Finished running tool: /usr/bin/go vet .

/home/mkasun/sandbox/curl-google>Finished running tool: /usr/bin/go build -o /tmp/vscode-gowVw207/go-code-check .

Starting linting the current package at /home/mkasun/sandbox/curl-google
Starting "go vet" under the folder /home/mkasun/sandbox/curl-google
Starting building the current package at /home/mkasun/sandbox/curl-google
Not able to determine import path of current package by using cwd: /home/mkasun/sandbox/curl-google and Go workspace: 
/home/mkasun/sandbox/curl-google>Finished running tool: /home/mkasun/sandbox/go/lxd-4.7/_dist/bin/golint
/home/mkasun/sandbox/curl-google/quickstart.go:147:2 var updateId should be updateID

/home/mkasun/sandbox/curl-google>Finished running tool: /usr/bin/go build -o /tmp/vscode-gowVw207/go-code-check .
/home/mkasun/sandbox/curl-google/quickstart.go:170:3 file declared and not used
/home/mkasun/sandbox/curl-google/quickstart.go:170:9 err declared and not used
/home/mkasun/sandbox/curl-google/quickstart.go:172:3 file declared and not used
/home/mkasun/sandbox/curl-google/quickstart.go:172:9 err declared and not used

/home/mkasun/sandbox/curl-google>Finished running tool: /usr/bin/go vet .
/home/mkasun/sandbox/curl-google/quickstart.go:170:3 file declared but not used

Starting linting the current package at /home/mkasun/sandbox/curl-google
Starting "go vet" under the folder /home/mkasun/sandbox/curl-google
Starting building the current package at /home/mkasun/sandbox/curl-google
Not able to determine import path of current package by using cwd: /home/mkasun/sandbox/curl-google and Go workspace: 
/home/mkasun/sandbox/curl-google>Finished running tool: /home/mkasun/sandbox/go/lxd-4.7/_dist/bin/golint
/home/mkasun/sandbox/curl-google/quickstart.go:147:2 var updateId should be updateID

/home/mkasun/sandbox/curl-google>Finished running tool: /usr/bin/go build -o /tmp/vscode-gowVw207/go-code-check .
/home/mkasun/sandbox/curl-google/quickstart.go:178:47 undefined: file

/home/mkasun/sandbox/curl-google>Finished running tool: /usr/bin/go vet .
/home/mkasun/sandbox/curl-google/quickstart.go:178:47 undeclared name: file

Starting linting the current package at /home/mkasun/sandbox/curl-google
Starting "go vet" under the folder /home/mkasun/sandbox/curl-google
Starting building the current package at /home/mkasun/sandbox/curl-google
Not able to determine import path of current package by using cwd: /home/mkasun/sandbox/curl-google and Go workspace: 
/home/mkasun/sandbox/curl-google>Finished running tool: /home/mkasun/sandbox/go/lxd-4.7/_dist/bin/golint

/home/mkasun/sandbox/curl-google>Finished running tool: /usr/bin/go build -o /tmp/vscode-gowVw207/go-code-check .
/home/mkasun/sandbox/curl-google/quickstart.go:163:61 undefined: i
/home/mkasun/sandbox/curl-google/quickstart.go:175:47 undefined: file

/home/mkasun/sandbox/curl-google>Finished running tool: /usr/bin/go vet .
/home/mkasun/sandbox/curl-google/quickstart.go:163:61 undeclared name: i

Starting linting the current package at /home/mkasun/sandbox/curl-google
Starting "go vet" under the folder /home/mkasun/sandbox/curl-google
Starting building the current package at /home/mkasun/sandbox/curl-google
Not able to determine import path of current package by using cwd: /home/mkasun/sandbox/curl-google and Go workspace: 
/home/mkasun/sandbox/curl-google>Finished running tool: /home/mkasun/sandbox/go/lxd-4.7/_dist/bin/golint

/home/mkasun/sandbox/curl-google>Finished running tool: /usr/bin/go build -o /tmp/vscode-gowVw207/go-code-check .
/home/mkasun/sandbox/curl-google/quickstart.go:164:61 undefined: i

/home/mkasun/sandbox/curl-google>Finished running tool: /usr/bin/go vet .
/home/mkasun/sandbox/curl-google/quickstart.go:164:61 undeclared name: i

Starting linting the current package at /home/mkasun/sandbox/curl-google
Starting "go vet" under the folder /home/mkasun/sandbox/curl-google
Starting building the current package at /home/mkasun/sandbox/curl-google
Not able to determine import path of current package by using cwd: /home/mkasun/sandbox/curl-google and Go workspace: 
/home/mkasun/sandbox/curl-google>Finished running tool: /home/mkasun/sandbox/go/lxd-4.7/_dist/bin/golint

/home/mkasun/sandbox/curl-google>Finished running tool: /usr/bin/go vet .

/home/mkasun/sandbox/curl-google>Finished running tool: /usr/bin/go build -o /tmp/vscode-gowVw207/go-code-check .

Starting linting the current package at /home/mkasun/sandbox/curl-google
Starting "go vet" under the folder /home/mkasun/sandbox/curl-google
Starting building the current package at /home/mkasun/sandbox/curl-google
Not able to determine import path of current package by using cwd: /home/mkasun/sandbox/curl-google and Go workspace: 
/home/mkasun/sandbox/curl-google>Finished running tool: /home/mkasun/sandbox/go/lxd-4.7/_dist/bin/golint

/home/mkasun/sandbox/curl-google>Finished running tool: /usr/bin/go build -o /tmp/vscode-gowVw207/go-code-check .
/home/mkasun/sandbox/curl-google/quickstart.go:146:37 syntax error: unexpected =, expecting comma or )

/home/mkasun/sandbox/curl-google>Finished running tool: /usr/bin/go vet .
/home/mkasun/sandbox/curl-google/quickstart.go:146:37 expected '==', found '='

Starting linting the current package at /home/mkasun/sandbox/curl-google
Starting "go vet" under the folder /home/mkasun/sandbox/curl-google
Starting building the current package at /home/mkasun/sandbox/curl-google
Not able to determine import path of current package by using cwd: /home/mkasun/sandbox/curl-google and Go workspace: 
/home/mkasun/sandbox/curl-google>Finished running tool: /home/mkasun/sandbox/go/lxd-4.7/_dist/bin/golint

/home/mkasun/sandbox/curl-google>Finished running tool: /usr/bin/go build -o /tmp/vscode-gowVw207/go-code-check .
/home/mkasun/sandbox/curl-google/quickstart.go:146:37 syntax error: unexpected =, expecting comma or )

/home/mkasun/sandbox/curl-google>Finished running tool: /usr/bin/go vet .
/home/mkasun/sandbox/curl-google/quickstart.go:146:37 expected '==', found '='

Starting linting the current package at /home/mkasun/sandbox/curl-google
Starting "go vet" under the folder /home/mkasun/sandbox/curl-google
Starting building the current package at /home/mkasun/sandbox/curl-google
Not able to determine import path of current package by using cwd: /home/mkasun/sandbox/curl-google and Go workspace: 
/home/mkasun/sandbox/curl-google>Finished running tool: /home/mkasun/sandbox/go/lxd-4.7/_dist/bin/golint

/home/mkasun/sandbox/curl-google>Finished running tool: /usr/bin/go build -o /tmp/vscode-gowVw207/go-code-check .
/home/mkasun/sandbox/curl-google/quickstart.go:147:25 syntax error: unexpected literal ").Do(), expecting comma or )
/home/mkasun/sandbox/curl-google/quickstart.go:147:32 newline in string
/home/mkasun/sandbox/curl-google/quickstart.go:148:2 syntax error: unexpected if at end of statement

/home/mkasun/sandbox/curl-google>Finished running tool: /usr/bin/go vet .
/home/mkasun/sandbox/curl-google/quickstart.go:147:25 string literal not terminated (and 10 more errors)

Starting linting the current package at /home/mkasun/sandbox/curl-google
Starting "go vet" under the folder /home/mkasun/sandbox/curl-google
Starting building the current package at /home/mkasun/sandbox/curl-google
Not able to determine import path of current package by using cwd: /home/mkasun/sandbox/curl-google and Go workspace: 
/home/mkasun/sandbox/curl-google>Finished running tool: /home/mkasun/sandbox/go/lxd-4.7/_dist/bin/golint

/home/mkasun/sandbox/curl-google>Finished running tool: /usr/bin/go build -o /tmp/vscode-gowVw207/go-code-check .
/home/mkasun/sandbox/curl-google/quickstart.go:146:28 srv.Files.List().q undefined (type *drive.FilesListCall has no field or method q, but does have Q)
/home/mkasun/sandbox/curl-google/quickstart.go:147:10 undefined: files
/home/mkasun/sandbox/curl-google/quickstart.go:147:16 undefined: id
/home/mkasun/sandbox/curl-google/quickstart.go:147:20 undefined: name

/home/mkasun/sandbox/curl-google>Finished running tool: /usr/bin/go vet .
/home/mkasun/sandbox/curl-google/quickstart.go:146:29 srv.Files.List().q undefined (type *v3.FilesListCall has no field or method q)

Starting linting the current package at /home/mkasun/sandbox/curl-google
Starting "go vet" under the folder /home/mkasun/sandbox/curl-google
Starting building the current package at /home/mkasun/sandbox/curl-google
Not able to determine import path of current package by using cwd: /home/mkasun/sandbox/curl-google and Go workspace: 
/home/mkasun/sandbox/curl-google>Finished running tool: /home/mkasun/sandbox/go/lxd-4.7/_dist/bin/golint

/home/mkasun/sandbox/curl-google>Finished running tool: /usr/bin/go build -o /tmp/vscode-gowVw207/go-code-check .
/home/mkasun/sandbox/curl-google/quickstart.go:146:28 srv.Files.List().q undefined (type *drive.FilesListCall has no field or method q, but does have Q)

/home/mkasun/sandbox/curl-google>Finished running tool: /usr/bin/go vet .
/home/mkasun/sandbox/curl-google/quickstart.go:146:29 srv.Files.List().q undefined (type *v3.FilesListCall has no field or method q)

Starting linting the current package at /home/mkasun/sandbox/curl-google
Starting "go vet" under the folder /home/mkasun/sandbox/curl-google
Starting building the current package at /home/mkasun/sandbox/curl-google
Not able to determine import path of current package by using cwd: /home/mkasun/sandbox/curl-google and Go workspace: 
/home/mkasun/sandbox/curl-google>Finished running tool: /home/mkasun/sandbox/go/lxd-4.7/_dist/bin/golint

/home/mkasun/sandbox/curl-google>Finished running tool: /usr/bin/go vet .

/home/mkasun/sandbox/curl-google>Finished running tool: /usr/bin/go build -o /tmp/vscode-gowVw207/go-code-check .

Starting linting the current package at /home/mkasun/sandbox/curl-google
Starting "go vet" under the folder /home/mkasun/sandbox/curl-google
Starting building the current package at /home/mkasun/sandbox/curl-google
Not able to determine import path of current package by using cwd: /home/mkasun/sandbox/curl-google and Go workspace: 
/home/mkasun/sandbox/curl-google>Finished running tool: /home/mkasun/sandbox/go/lxd-4.7/_dist/bin/golint

/home/mkasun/sandbox/curl-google>Finished running tool: /usr/bin/go build -o /tmp/vscode-gowVw207/go-code-check .
/home/mkasun/sandbox/curl-google/quickstart.go:146:37 syntax error: unexpected =, expecting comma or )
/home/mkasun/sandbox/curl-google/quickstart.go:146:39 invalid character literal (more than one character)

/home/mkasun/sandbox/curl-google>Finished running tool: /usr/bin/go vet .
/home/mkasun/sandbox/curl-google/quickstart.go:146:37 expected '==', found '=' (and 1 more errors)

Starting linting the current package at /home/mkasun/sandbox/curl-google
Starting "go vet" under the folder /home/mkasun/sandbox/curl-google
Starting building the current package at /home/mkasun/sandbox/curl-google
Not able to determine import path of current package by using cwd: /home/mkasun/sandbox/curl-google and Go workspace: 
/home/mkasun/sandbox/curl-google>Finished running tool: /home/mkasun/sandbox/go/lxd-4.7/_dist/bin/golint

/home/mkasun/sandbox/curl-google>Finished running tool: /usr/bin/go vet .

/home/mkasun/sandbox/curl-google>Finished running tool: /usr/bin/go build -o /tmp/vscode-gowVw207/go-code-check .

Starting linting the current package at /home/mkasun/sandbox/curl-google
Starting "go vet" under the folder /home/mkasun/sandbox/curl-google
Starting building the current package at /home/mkasun/sandbox/curl-google
Not able to determine import path of current package by using cwd: /home/mkasun/sandbox/curl-google and Go workspace: 
/home/mkasun/sandbox/curl-google>Finished running tool: /home/mkasun/sandbox/go/lxd-4.7/_dist/bin/golint

/home/mkasun/sandbox/curl-google>Finished running tool: /usr/bin/go vet .

/home/mkasun/sandbox/curl-google>Finished running tool: /usr/bin/go build -o /tmp/vscode-gowVw207/go-code-check .

Starting linting the current package at /home/mkasun/sandbox/curl-google
Starting "go vet" under the folder /home/mkasun/sandbox/curl-google
Starting building the current package at /home/mkasun/sandbox/curl-google
Not able to determine import path of current package by using cwd: /home/mkasun/sandbox/curl-google and Go workspace: 
/home/mkasun/sandbox/curl-google>Finished running tool: /home/mkasun/sandbox/go/lxd-4.7/_dist/bin/golint

/home/mkasun/sandbox/curl-google>Finished running tool: /usr/bin/go build -o /tmp/vscode-gowVw207/go-code-check .
/home/mkasun/sandbox/curl-google/quickstart.go:146:32 syntax error: unexpected =, expecting comma or )

/home/mkasun/sandbox/curl-google>Finished running tool: /usr/bin/go vet .
/home/mkasun/sandbox/curl-google/quickstart.go:146:32 expected '==', found '='

Starting linting the current package at /home/mkasun/sandbox/curl-google
Starting "go vet" under the folder /home/mkasun/sandbox/curl-google
Starting building the current package at /home/mkasun/sandbox/curl-google
Not able to determine import path of current package by using cwd: /home/mkasun/sandbox/curl-google and Go workspace: 
/home/mkasun/sandbox/curl-google>Finished running tool: /home/mkasun/sandbox/go/lxd-4.7/_dist/bin/golint

/home/mkasun/sandbox/curl-google>Finished running tool: /usr/bin/go build -o /tmp/vscode-gowVw207/go-code-check .
/home/mkasun/sandbox/curl-google/quickstart.go:148:4 syntax error: unexpected err at end of statement
/home/mkasun/sandbox/curl-google/quickstart.go:151:2 syntax error: non-declaration statement outside function body

/home/mkasun/sandbox/curl-google>Finished running tool: /usr/bin/go vet .
/home/mkasun/sandbox/curl-google/quickstart.go:148:4 expected ';', found err

Starting linting the current package at /home/mkasun/sandbox/curl-google
Starting "go vet" under the folder /home/mkasun/sandbox/curl-google
Starting building the current package at /home/mkasun/sandbox/curl-google
Not able to determine import path of current package by using cwd: /home/mkasun/sandbox/curl-google and Go workspace: 
/home/mkasun/sandbox/curl-google>Finished running tool: /home/mkasun/sandbox/go/lxd-4.7/_dist/bin/golint

/home/mkasun/sandbox/curl-google>Finished running tool: /usr/bin/go vet .

/home/mkasun/sandbox/curl-google>Finished running tool: /usr/bin/go build -o /tmp/vscode-gowVw207/go-code-check .

Starting linting the current package at /home/mkasun/sandbox/curl-google
Starting "go vet" under the folder /home/mkasun/sandbox/curl-google
Starting building the current package at /home/mkasun/sandbox/curl-google
Not able to determine import path of current package by using cwd: /home/mkasun/sandbox/curl-google and Go workspace: 
/home/mkasun/sandbox/curl-google>Finished running tool: /home/mkasun/sandbox/go/lxd-4.7/_dist/bin/golint

/home/mkasun/sandbox/curl-google>Finished running tool: /usr/bin/go vet .

/home/mkasun/sandbox/curl-google>Finished running tool: /usr/bin/go build -o /tmp/vscode-gowVw207/go-code-check .

Starting linting the current package at /home/mkasun/sandbox/curl-google
Starting "go vet" under the folder /home/mkasun/sandbox/curl-google
Starting building the current package at /home/mkasun/sandbox/curl-google
Not able to determine import path of current package by using cwd: /home/mkasun/sandbox/curl-google and Go workspace: 
/home/mkasun/sandbox/curl-google>Finished running tool: /home/mkasun/sandbox/go/lxd-4.7/_dist/bin/golint

/home/mkasun/sandbox/curl-google>Finished running tool: /usr/bin/go vet .

/home/mkasun/sandbox/curl-google>Finished running tool: /usr/bin/go build -o /tmp/vscode-gowVw207/go-code-check .

Starting linting the current package at /home/mkasun/sandbox/curl-google
Starting "go vet" under the folder /home/mkasun/sandbox/curl-google
Starting building the current package at /home/mkasun/sandbox/curl-google
Not able to determine import path of current package by using cwd: /home/mkasun/sandbox/curl-google and Go workspace: 
/home/mkasun/sandbox/curl-google>Finished running tool: /home/mkasun/sandbox/go/lxd-4.7/_dist/bin/golint

/home/mkasun/sandbox/curl-google>Finished running tool: /usr/bin/go build -o /tmp/vscode-gowVw207/go-code-check .
/home/mkasun/sandbox/curl-google/quickstart.go:146:37 syntax error: unexpected =, expecting comma or )

/home/mkasun/sandbox/curl-google>Finished running tool: /usr/bin/go vet .
/home/mkasun/sandbox/curl-google/quickstart.go:146:37 expected '==', found '='

Starting linting the current package at /home/mkasun/sandbox/curl-google
Starting "go vet" under the folder /home/mkasun/sandbox/curl-google
Starting building the current package at /home/mkasun/sandbox/curl-google
Not able to determine import path of current package by using cwd: /home/mkasun/sandbox/curl-google and Go workspace: 
/home/mkasun/sandbox/curl-google>Finished running tool: /home/mkasun/sandbox/go/lxd-4.7/_dist/bin/golint

/home/mkasun/sandbox/curl-google>Finished running tool: /usr/bin/go build -o /tmp/vscode-gowVw207/go-code-check .
/home/mkasun/sandbox/curl-google/quickstart.go:146:31 invalid character literal (more than one character)
/home/mkasun/sandbox/curl-google/quickstart.go:146:31 cannot use '\u0000' (type rune) as type string in argument to srv.Files.List().Q

/home/mkasun/sandbox/curl-google>Finished running tool: /usr/bin/go vet .
/home/mkasun/sandbox/curl-google/quickstart.go:146:31 illegal rune literal

Starting linting the current package at /home/mkasun/sandbox/curl-google
Starting "go vet" under the folder /home/mkasun/sandbox/curl-google
Starting building the current package at /home/mkasun/sandbox/curl-google
Not able to determine import path of current package by using cwd: /home/mkasun/sandbox/curl-google and Go workspace: 
/home/mkasun/sandbox/curl-google>Finished running tool: /home/mkasun/sandbox/go/lxd-4.7/_dist/bin/golint

/home/mkasun/sandbox/curl-google>Finished running tool: /usr/bin/go build -o /tmp/vscode-gowVw207/go-code-check .

/home/mkasun/sandbox/curl-google>Finished running tool: /usr/bin/go vet .

Starting linting the current package at /home/mkasun/sandbox/curl-google
Starting "go vet" under the folder /home/mkasun/sandbox/curl-google
Starting building the current package at /home/mkasun/sandbox/curl-google
Not able to determine import path of current package by using cwd: /home/mkasun/sandbox/curl-google and Go workspace: 
/home/mkasun/sandbox/curl-google>Finished running tool: /home/mkasun/sandbox/go/lxd-4.7/_dist/bin/golint

/home/mkasun/sandbox/curl-google>Finished running tool: /usr/bin/go build -o /tmp/vscode-gowVw207/go-code-check .
/home/mkasun/sandbox/curl-google/quickstart.go:146:31 invalid character literal (more than one character)
/home/mkasun/sandbox/curl-google/quickstart.go:146:31 cannot use '\u0000' (type rune) as type string in argument to srv.Files.List().Q

/home/mkasun/sandbox/curl-google>Finished running tool: /usr/bin/go vet .
/home/mkasun/sandbox/curl-google/quickstart.go:146:31 illegal rune literal

Starting linting the current package at /home/mkasun/sandbox/curl-google
Starting "go vet" under the folder /home/mkasun/sandbox/curl-google
Starting building the current package at /home/mkasun/sandbox/curl-google
Not able to determine import path of current package by using cwd: /home/mkasun/sandbox/curl-google and Go workspace: 
/home/mkasun/sandbox/curl-google>Finished running tool: /home/mkasun/sandbox/go/lxd-4.7/_dist/bin/golint

/home/mkasun/sandbox/curl-google>Finished running tool: /usr/bin/go vet .

/home/mkasun/sandbox/curl-google>Finished running tool: /usr/bin/go build -o /tmp/vscode-gowVw207/go-code-check .

Starting linting the current package at /home/mkasun/sandbox/curl-google
Starting "go vet" under the folder /home/mkasun/sandbox/curl-google
Starting building the current package at /home/mkasun/sandbox/curl-google
Not able to determine import path of current package by using cwd: /home/mkasun/sandbox/curl-google and Go workspace: 
/home/mkasun/sandbox/curl-google>Finished running tool: /home/mkasun/sandbox/go/lxd-4.7/_dist/bin/golint

/home/mkasun/sandbox/curl-google>Finished running tool: /usr/bin/go build -o /tmp/vscode-gowVw207/go-code-check .
/home/mkasun/sandbox/curl-google/quickstart.go:146:32 syntax error: unexpected :, expecting comma or )

/home/mkasun/sandbox/curl-google>Finished running tool: /usr/bin/go vet .
/home/mkasun/sandbox/curl-google/quickstart.go:146:32 missing ',' in argument list

Starting linting the current package at /home/mkasun/sandbox/curl-google
Starting "go vet" under the folder /home/mkasun/sandbox/curl-google
Starting building the current package at /home/mkasun/sandbox/curl-google
Not able to determine import path of current package by using cwd: /home/mkasun/sandbox/curl-google and Go workspace: 
/home/mkasun/sandbox/curl-google>Finished running tool: /home/mkasun/sandbox/go/lxd-4.7/_dist/bin/golint

/home/mkasun/sandbox/curl-google>Finished running tool: /usr/bin/go vet .

/home/mkasun/sandbox/curl-google>Finished running tool: /usr/bin/go build -o /tmp/vscode-gowVw207/go-code-check .

Starting linting the current package at /home/mkasun/sandbox/curl-google
Starting "go vet" under the folder /home/mkasun/sandbox/curl-google
Starting building the current package at /home/mkasun/sandbox/curl-google
Not able to determine import path of current package by using cwd: /home/mkasun/sandbox/curl-google and Go workspace: 
/home/mkasun/sandbox/curl-google>Finished running tool: /home/mkasun/sandbox/go/lxd-4.7/_dist/bin/golint

/home/mkasun/sandbox/curl-google>Finished running tool: /usr/bin/go vet .

/home/mkasun/sandbox/curl-google>Finished running tool: /usr/bin/go build -o /tmp/vscode-gowVw207/go-code-check .

Starting linting the current package at /home/mkasun/sandbox/curl-google
Starting "go vet" under the folder /home/mkasun/sandbox/curl-google
Starting building the current package at /home/mkasun/sandbox/curl-google
Not able to determine import path of current package by using cwd: /home/mkasun/sandbox/curl-google and Go workspace: 
/home/mkasun/sandbox/curl-google>Finished running tool: /home/mkasun/sandbox/go/lxd-4.7/_dist/bin/golint

/home/mkasun/sandbox/curl-google>Finished running tool: /usr/bin/go vet .

/home/mkasun/sandbox/curl-google>Finished running tool: /usr/bin/go build -o /tmp/vscode-gowVw207/go-code-check .

Starting linting the current package at /home/mkasun/sandbox/curl-google
Starting "go vet" under the folder /home/mkasun/sandbox/curl-google
Starting building the current package at /home/mkasun/sandbox/curl-google
Not able to determine import path of current package by using cwd: /home/mkasun/sandbox/curl-google and Go workspace: 
/home/mkasun/sandbox/curl-google>Finished running tool: /home/mkasun/sandbox/go/lxd-4.7/_dist/bin/golint

/home/mkasun/sandbox/curl-google>Finished running tool: /usr/bin/go build -o /tmp/vscode-gowVw207/go-code-check .
/home/mkasun/sandbox/curl-google/quickstart.go:160:46 r.Name undefined (type *drive.FileList has no field or method Name)
/home/mkasun/sandbox/curl-google/quickstart.go:160:54 r.Id undefined (type *drive.FileList has no field or method Id)
/home/mkasun/sandbox/curl-google/quickstart.go:160:60 r.MimeType undefined (type *drive.FileList has no field or method MimeType)
/home/mkasun/sandbox/curl-google/quickstart.go:160:72 r.Parents undefined (type *drive.FileList has no field or method Parents)

/home/mkasun/sandbox/curl-google>Finished running tool: /usr/bin/go vet .
/home/mkasun/sandbox/curl-google/quickstart.go:160:47 r.Name undefined (type *v3.FileList has no field or method Name)

Starting linting the current package at /home/mkasun/sandbox/curl-google
Starting "go vet" under the folder /home/mkasun/sandbox/curl-google
Starting building the current package at /home/mkasun/sandbox/curl-google
Not able to determine import path of current package by using cwd: /home/mkasun/sandbox/curl-google and Go workspace: 
/home/mkasun/sandbox/curl-google>Finished running tool: /home/mkasun/sandbox/go/lxd-4.7/_dist/bin/golint

/home/mkasun/sandbox/curl-google>Finished running tool: /usr/bin/go build -o /tmp/vscode-gowVw207/go-code-check .
/home/mkasun/sandbox/curl-google/quickstart.go:160:44 r.Files.Kind undefined (type []*drive.File has no field or method Kind)
/home/mkasun/sandbox/curl-google/quickstart.go:160:58 r.Files.Name undefined (type []*drive.File has no field or method Name)
/home/mkasun/sandbox/curl-google/quickstart.go:160:72 r.Files.id undefined (type []*drive.File has no field or method id)
/home/mkasun/sandbox/curl-google/quickstart.go:160:84 r.Files.MimeType undefined (type []*drive.File has no field or method MimeType)
/home/mkasun/sandbox/curl-google/quickstart.go:160:102 r.Files.Parents undefined (type []*drive.File has no field or method Parents)

/home/mkasun/sandbox/curl-google>Finished running tool: /usr/bin/go vet .
/home/mkasun/sandbox/curl-google/quickstart.go:160:45 r.Files.Kind undefined (type []*v3.File has no field or method Kind)

Starting linting the current package at /home/mkasun/sandbox/curl-google
Starting "go vet" under the folder /home/mkasun/sandbox/curl-google
Starting building the current package at /home/mkasun/sandbox/curl-google
Not able to determine import path of current package by using cwd: /home/mkasun/sandbox/curl-google and Go workspace: 
/home/mkasun/sandbox/curl-google>Finished running tool: /home/mkasun/sandbox/go/lxd-4.7/_dist/bin/golint

/home/mkasun/sandbox/curl-google>Finished running tool: /usr/bin/go build -o /tmp/vscode-gowVw207/go-code-check .
/home/mkasun/sandbox/curl-google/quickstart.go:160:44 r.Files.Kind undefined (type []*drive.File has no field or method Kind)
/home/mkasun/sandbox/curl-google/quickstart.go:160:58 r.Files.Name undefined (type []*drive.File has no field or method Name)
/home/mkasun/sandbox/curl-google/quickstart.go:160:72 r.Files.id undefined (type []*drive.File has no field or method id)
/home/mkasun/sandbox/curl-google/quickstart.go:160:84 r.Files.MimeType undefined (type []*drive.File has no field or method MimeType)
/home/mkasun/sandbox/curl-google/quickstart.go:160:102 r.Files.Parents undefined (type []*drive.File has no field or method Parents)

/home/mkasun/sandbox/curl-google>Finished running tool: /usr/bin/go vet .
/home/mkasun/sandbox/curl-google/quickstart.go:160:45 r.Files.Kind undefined (type []*v3.File has no field or method Kind)

Starting linting the current package at /home/mkasun/sandbox/curl-google
Starting "go vet" under the folder /home/mkasun/sandbox/curl-google
Starting building the current package at /home/mkasun/sandbox/curl-google
Not able to determine import path of current package by using cwd: /home/mkasun/sandbox/curl-google and Go workspace: 
/home/mkasun/sandbox/curl-google>Finished running tool: /home/mkasun/sandbox/go/lxd-4.7/_dist/bin/golint

/home/mkasun/sandbox/curl-google>Finished running tool: /usr/bin/go build -o /tmp/vscode-gowVw207/go-code-check .
/home/mkasun/sandbox/curl-google/quickstart.go:161:45 syntax error: unexpected i, expecting comma or )

/home/mkasun/sandbox/curl-google>Finished running tool: /usr/bin/go vet .
/home/mkasun/sandbox/curl-google/quickstart.go:161:45 missing ',' in argument list (and 1 more errors)

Starting linting the current package at /home/mkasun/sandbox/curl-google
Starting "go vet" under the folder /home/mkasun/sandbox/curl-google
Starting building the current package at /home/mkasun/sandbox/curl-google
Not able to determine import path of current package by using cwd: /home/mkasun/sandbox/curl-google and Go workspace: 
/home/mkasun/sandbox/curl-google>Finished running tool: /home/mkasun/sandbox/go/lxd-4.7/_dist/bin/golint

/home/mkasun/sandbox/curl-google>Finished running tool: /usr/bin/go build -o /tmp/vscode-gowVw207/go-code-check .
/home/mkasun/sandbox/curl-google/quickstart.go:161:37 syntax error: unexpected i, expecting comma or )

/home/mkasun/sandbox/curl-google>Finished running tool: /usr/bin/go vet .
/home/mkasun/sandbox/curl-google/quickstart.go:161:37 missing ',' in argument list (and 1 more errors)

Starting linting the current package at /home/mkasun/sandbox/curl-google
Starting "go vet" under the folder /home/mkasun/sandbox/curl-google
Starting building the current package at /home/mkasun/sandbox/curl-google
Not able to determine import path of current package by using cwd: /home/mkasun/sandbox/curl-google and Go workspace: 
/home/mkasun/sandbox/curl-google>Finished running tool: /home/mkasun/sandbox/go/lxd-4.7/_dist/bin/golint

/home/mkasun/sandbox/curl-google>Finished running tool: /usr/bin/go build -o /tmp/vscode-gowVw207/go-code-check .
/home/mkasun/sandbox/curl-google/quickstart.go:161:45 syntax error: unexpected i, expecting comma or )

/home/mkasun/sandbox/curl-google>Finished running tool: /usr/bin/go vet .
/home/mkasun/sandbox/curl-google/quickstart.go:161:45 missing ',' in argument list (and 1 more errors)

Starting linting the current package at /home/mkasun/sandbox/curl-google
Starting "go vet" under the folder /home/mkasun/sandbox/curl-google
Starting building the current package at /home/mkasun/sandbox/curl-google
Not able to determine import path of current package by using cwd: /home/mkasun/sandbox/curl-google and Go workspace: 
/home/mkasun/sandbox/curl-google>Finished running tool: /home/mkasun/sandbox/go/lxd-4.7/_dist/bin/golint

/home/mkasun/sandbox/curl-google>Finished running tool: /usr/bin/go vet .

/home/mkasun/sandbox/curl-google>Finished running tool: /usr/bin/go build -o /tmp/vscode-gowVw207/go-code-check .

Starting linting the current package at /home/mkasun/sandbox/curl-google
Starting "go vet" under the folder /home/mkasun/sandbox/curl-google
Starting building the current package at /home/mkasun/sandbox/curl-google
Not able to determine import path of current package by using cwd: /home/mkasun/sandbox/curl-google and Go workspace: 
/home/mkasun/sandbox/curl-google>Finished running tool: /home/mkasun/sandbox/go/lxd-4.7/_dist/bin/golint

/home/mkasun/sandbox/curl-google>Finished running tool: /usr/bin/go vet .

/home/mkasun/sandbox/curl-google>Finished running tool: /usr/bin/go build -o /tmp/vscode-gowVw207/go-code-check .

Starting linting the current package at /home/mkasun/sandbox/curl-google
Starting "go vet" under the folder /home/mkasun/sandbox/curl-google
Starting building the current package at /home/mkasun/sandbox/curl-google
Not able to determine import path of current package by using cwd: /home/mkasun/sandbox/curl-google and Go workspace: 
/home/mkasun/sandbox/curl-google>Finished running tool: /home/mkasun/sandbox/go/lxd-4.7/_dist/bin/golint

/home/mkasun/sandbox/curl-google>Finished running tool: /usr/bin/go vet .

/home/mkasun/sandbox/curl-google>Finished running tool: /usr/bin/go build -o /tmp/vscode-gowVw207/go-code-check .

Starting linting the current package at /home/mkasun/sandbox/curl-google
Starting "go vet" under the folder /home/mkasun/sandbox/curl-google
Starting building the current package at /home/mkasun/sandbox/curl-google
Not able to determine import path of current package by using cwd: /home/mkasun/sandbox/curl-google and Go workspace: 
/home/mkasun/sandbox/curl-google>Finished running tool: /home/mkasun/sandbox/go/lxd-4.7/_dist/bin/golint

/home/mkasun/sandbox/curl-google>Finished running tool: /usr/bin/go build -o /tmp/vscode-gowVw207/go-code-check .
/home/mkasun/sandbox/curl-google/quickstart.go:163:61 undefined: i

/home/mkasun/sandbox/curl-google>Finished running tool: /usr/bin/go vet .
/home/mkasun/sandbox/curl-google/quickstart.go:163:61 undeclared name: i

Starting linting the current package at /home/mkasun/sandbox/curl-google
Starting "go vet" under the folder /home/mkasun/sandbox/curl-google
Starting building the current package at /home/mkasun/sandbox/curl-google
Not able to determine import path of current package by using cwd: /home/mkasun/sandbox/curl-google and Go workspace: 
/home/mkasun/sandbox/curl-google>Finished running tool: /home/mkasun/sandbox/go/lxd-4.7/_dist/bin/golint

/home/mkasun/sandbox/curl-google>Finished running tool: /usr/bin/go vet .

/home/mkasun/sandbox/curl-google>Finished running tool: /usr/bin/go build -o /tmp/vscode-gowVw207/go-code-check .

Starting linting the current package at /home/mkasun/sandbox/curl-google
Starting "go vet" under the folder /home/mkasun/sandbox/curl-google
Starting building the current package at /home/mkasun/sandbox/curl-google
Not able to determine import path of current package by using cwd: /home/mkasun/sandbox/curl-google and Go workspace: 
/home/mkasun/sandbox/curl-google>Finished running tool: /home/mkasun/sandbox/go/lxd-4.7/_dist/bin/golint

/home/mkasun/sandbox/curl-google>Finished running tool: /usr/bin/go vet .

/home/mkasun/sandbox/curl-google>Finished running tool: /usr/bin/go build -o /tmp/vscode-gowVw207/go-code-check .

Starting linting the current package at /home/mkasun/sandbox/curl-google
Starting "go vet" under the folder /home/mkasun/sandbox/curl-google
Starting building the current package at /home/mkasun/sandbox/curl-google
Not able to determine import path of current package by using cwd: /home/mkasun/sandbox/curl-google and Go workspace: 
/home/mkasun/sandbox/curl-google>Finished running tool: /home/mkasun/sandbox/go/lxd-4.7/_dist/bin/golint

/home/mkasun/sandbox/curl-google>Finished running tool: /usr/bin/go vet .

/home/mkasun/sandbox/curl-google>Finished running tool: /usr/bin/go build -o /tmp/vscode-gowVw207/go-code-check .

Starting linting the current package at /home/mkasun/sandbox/curl-google
Starting "go vet" under the folder /home/mkasun/sandbox/curl-google
Starting building the current package at /home/mkasun/sandbox/curl-google
Not able to determine import path of current package by using cwd: /home/mkasun/sandbox/curl-google and Go workspace: 
/home/mkasun/sandbox/curl-google>Finished running tool: /home/mkasun/sandbox/go/lxd-4.7/_dist/bin/golint

/home/mkasun/sandbox/curl-google>Finished running tool: /usr/bin/go vet .

/home/mkasun/sandbox/curl-google>Finished running tool: /usr/bin/go build -o /tmp/vscode-gowVw207/go-code-check .

Starting linting the current package at /home/mkasun/sandbox/curl-google
Starting "go vet" under the folder /home/mkasun/sandbox/curl-google
Starting building the current package at /home/mkasun/sandbox/curl-google
Not able to determine import path of current package by using cwd: /home/mkasun/sandbox/curl-google and Go workspace: 
/home/mkasun/sandbox/curl-google>Finished running tool: /home/mkasun/sandbox/go/lxd-4.7/_dist/bin/golint

/home/mkasun/sandbox/curl-google>Finished running tool: /usr/bin/go vet .

/home/mkasun/sandbox/curl-google>Finished running tool: /usr/bin/go build -o /tmp/vscode-gowVw207/go-code-check .

Starting linting the current package at /home/mkasun/sandbox/curl-google
Starting "go vet" under the folder /home/mkasun/sandbox/curl-google
Starting building the current package at /home/mkasun/sandbox/curl-google
Not able to determine import path of current package by using cwd: /home/mkasun/sandbox/curl-google and Go workspace: 
/home/mkasun/sandbox/curl-google>Finished running tool: /home/mkasun/sandbox/go/lxd-4.7/_dist/bin/golint

/home/mkasun/sandbox/curl-google>Finished running tool: /usr/bin/go vet .

/home/mkasun/sandbox/curl-google>Finished running tool: /usr/bin/go build -o /tmp/vscode-gowVw207/go-code-check .

