[2020-11-17 17:25:37.562] [exthost] [info] extension host started
[2020-11-17 17:25:37.588] [exthost] [info] ExtensionService#_doActivateExtension vscode.microsoft-authentication {"startup":false,"extensionId":{"value":"vscode.microsoft-authentication","_lower":"vscode.microsoft-authentication"},"activationEvent":"onAuthenticationRequest:microsoft"}
[2020-11-17 17:25:37.588] [exthost] [info] ExtensionService#loadCommonJSModule file:///usr/share/code/resources/app/extensions/microsoft-authentication/dist/extension.js
[2020-11-17 17:25:37.605] [exthost] [info] ExtensionService#_doActivateExtension vscode.debug-auto-launch {"startup":true,"extensionId":{"value":"vscode.debug-auto-launch","_lower":"vscode.debug-auto-launch"},"activationEvent":"*"}
[2020-11-17 17:25:37.605] [exthost] [info] ExtensionService#loadCommonJSModule file:///usr/share/code/resources/app/extensions/debug-auto-launch/dist/extension
[2020-11-17 17:25:37.608] [exthost] [info] ExtensionService#_doActivateExtension vscode.emmet {"startup":true,"extensionId":{"value":"vscode.emmet","_lower":"vscode.emmet"},"activationEvent":"*"}
[2020-11-17 17:25:37.608] [exthost] [info] ExtensionService#loadCommonJSModule file:///usr/share/code/resources/app/extensions/emmet/dist/node/emmetNodeMain
[2020-11-17 17:25:37.640] [exthost] [info] ExtensionService#_doActivateExtension vscode.git {"startup":true,"extensionId":{"value":"vscode.github","_lower":"vscode.github"},"activationEvent":"*"}
[2020-11-17 17:25:37.640] [exthost] [info] ExtensionService#loadCommonJSModule file:///usr/share/code/resources/app/extensions/git/dist/main
[2020-11-17 17:25:37.683] [exthost] [info] ExtensionService#_doActivateExtension vscode.merge-conflict {"startup":true,"extensionId":{"value":"vscode.merge-conflict","_lower":"vscode.merge-conflict"},"activationEvent":"*"}
[2020-11-17 17:25:37.683] [exthost] [info] ExtensionService#loadCommonJSModule file:///usr/share/code/resources/app/extensions/merge-conflict/dist/mergeConflictMain
[2020-11-17 17:25:37.686] [exthost] [info] ExtensionService#_doActivateExtension vscode.search-result {"startup":true,"extensionId":{"value":"vscode.search-result","_lower":"vscode.search-result"},"activationEvent":"*"}
[2020-11-17 17:25:37.686] [exthost] [info] ExtensionService#loadCommonJSModule file:///usr/share/code/resources/app/extensions/search-result/dist/extension.js
[2020-11-17 17:25:37.776] [exthost] [info] ExtensionService#_doActivateExtension vscode.github {"startup":true,"extensionId":{"value":"vscode.github","_lower":"vscode.github"},"activationEvent":"*"}
[2020-11-17 17:25:37.776] [exthost] [info] ExtensionService#loadCommonJSModule file:///usr/share/code/resources/app/extensions/github/dist/extension.js
[2020-11-17 17:25:37.785] [exthost] [info] eager extensions activated
[2020-11-17 17:25:37.786] [exthost] [info] ExtensionService#_doActivateExtension ms-vscode.js-debug {"startup":false,"extensionId":{"value":"ms-vscode.js-debug","_lower":"ms-vscode.js-debug"},"activationEvent":"onCommand:extension.js-debug.clearAutoAttachVariables"}
[2020-11-17 17:25:37.786] [exthost] [info] ExtensionService#loadCommonJSModule file:///usr/share/code/resources/app/extensions/ms-vscode.js-debug/src/extension.js
[2020-11-17 17:25:37.973] [exthost] [info] ExtensionService#_doActivateExtension vscode.github-authentication {"startup":false,"extensionId":{"value":"vscode.github-authentication","_lower":"vscode.github-authentication"},"activationEvent":"onAuthenticationRequest:github"}
[2020-11-17 17:25:37.973] [exthost] [info] ExtensionService#loadCommonJSModule file:///usr/share/code/resources/app/extensions/github-authentication/dist/extension.js
[2020-11-17 17:27:06.415] [exthost] [info] extension host started
[2020-11-17 17:27:06.504] [exthost] [info] ExtensionService#_doActivateExtension vscode.microsoft-authentication {"startup":false,"extensionId":{"value":"vscode.microsoft-authentication","_lower":"vscode.microsoft-authentication"},"activationEvent":"onAuthenticationRequest:microsoft"}
[2020-11-17 17:27:06.504] [exthost] [info] ExtensionService#loadCommonJSModule file:///usr/share/code/resources/app/extensions/microsoft-authentication/dist/extension.js
[2020-11-17 17:27:06.515] [exthost] [info] ExtensionService#_doActivateExtension vscode.debug-auto-launch {"startup":true,"extensionId":{"value":"vscode.debug-auto-launch","_lower":"vscode.debug-auto-launch"},"activationEvent":"*"}
[2020-11-17 17:27:06.515] [exthost] [info] ExtensionService#loadCommonJSModule file:///usr/share/code/resources/app/extensions/debug-auto-launch/dist/extension
[2020-11-17 17:27:06.517] [exthost] [info] ExtensionService#_doActivateExtension vscode.emmet {"startup":true,"extensionId":{"value":"vscode.emmet","_lower":"vscode.emmet"},"activationEvent":"*"}
[2020-11-17 17:27:06.517] [exthost] [info] ExtensionService#loadCommonJSModule file:///usr/share/code/resources/app/extensions/emmet/dist/node/emmetNodeMain
[2020-11-17 17:27:06.529] [exthost] [info] ExtensionService#_doActivateExtension vscode.git {"startup":true,"extensionId":{"value":"vscode.github","_lower":"vscode.github"},"activationEvent":"*"}
[2020-11-17 17:27:06.529] [exthost] [info] ExtensionService#loadCommonJSModule file:///usr/share/code/resources/app/extensions/git/dist/main
[2020-11-17 17:27:06.547] [exthost] [info] ExtensionService#_doActivateExtension vscode.merge-conflict {"startup":true,"extensionId":{"value":"vscode.merge-conflict","_lower":"vscode.merge-conflict"},"activationEvent":"*"}
[2020-11-17 17:27:06.547] [exthost] [info] ExtensionService#loadCommonJSModule file:///usr/share/code/resources/app/extensions/merge-conflict/dist/mergeConflictMain
[2020-11-17 17:27:06.550] [exthost] [info] ExtensionService#_doActivateExtension vscode.search-result {"startup":true,"extensionId":{"value":"vscode.search-result","_lower":"vscode.search-result"},"activationEvent":"*"}
[2020-11-17 17:27:06.550] [exthost] [info] ExtensionService#loadCommonJSModule file:///usr/share/code/resources/app/extensions/search-result/dist/extension.js
[2020-11-17 17:27:06.635] [exthost] [info] ExtensionService#_doActivateExtension vscode.github {"startup":true,"extensionId":{"value":"vscode.github","_lower":"vscode.github"},"activationEvent":"*"}
[2020-11-17 17:27:06.635] [exthost] [info] ExtensionService#loadCommonJSModule file:///usr/share/code/resources/app/extensions/github/dist/extension.js
[2020-11-17 17:27:06.682] [exthost] [info] eager extensions activated
[2020-11-17 17:27:06.682] [exthost] [info] ExtensionService#_doActivateExtension ms-vscode.js-debug {"startup":false,"extensionId":{"value":"ms-vscode.js-debug","_lower":"ms-vscode.js-debug"},"activationEvent":"onCommand:extension.js-debug.clearAutoAttachVariables"}
[2020-11-17 17:27:06.682] [exthost] [info] ExtensionService#loadCommonJSModule file:///usr/share/code/resources/app/extensions/ms-vscode.js-debug/src/extension.js
[2020-11-17 17:27:06.766] [exthost] [info] ExtensionService#_doActivateExtension vscode.github-authentication {"startup":false,"extensionId":{"value":"vscode.github-authentication","_lower":"vscode.github-authentication"},"activationEvent":"onAuthenticationRequest:github"}
[2020-11-17 17:27:06.766] [exthost] [info] ExtensionService#loadCommonJSModule file:///usr/share/code/resources/app/extensions/github-authentication/dist/extension.js
[2020-11-17 17:28:38.916] [exthost] [info] extension host started
[2020-11-17 17:28:38.945] [exthost] [info] ExtensionService#_doActivateExtension vscode.microsoft-authentication {"startup":false,"extensionId":{"value":"vscode.microsoft-authentication","_lower":"vscode.microsoft-authentication"},"activationEvent":"onAuthenticationRequest:microsoft"}
[2020-11-17 17:28:38.945] [exthost] [info] ExtensionService#loadCommonJSModule file:///usr/share/code/resources/app/extensions/microsoft-authentication/dist/extension.js
[2020-11-17 17:28:38.955] [exthost] [info] ExtensionService#_doActivateExtension vscode.debug-auto-launch {"startup":true,"extensionId":{"value":"vscode.debug-auto-launch","_lower":"vscode.debug-auto-launch"},"activationEvent":"*"}
[2020-11-17 17:28:38.955] [exthost] [info] ExtensionService#loadCommonJSModule file:///usr/share/code/resources/app/extensions/debug-auto-launch/dist/extension
[2020-11-17 17:28:38.957] [exthost] [info] ExtensionService#_doActivateExtension vscode.emmet {"startup":true,"extensionId":{"value":"vscode.emmet","_lower":"vscode.emmet"},"activationEvent":"*"}
[2020-11-17 17:28:38.957] [exthost] [info] ExtensionService#loadCommonJSModule file:///usr/share/code/resources/app/extensions/emmet/dist/node/emmetNodeMain
[2020-11-17 17:28:38.971] [exthost] [info] ExtensionService#_doActivateExtension vscode.git {"startup":true,"extensionId":{"value":"vscode.github","_lower":"vscode.github"},"activationEvent":"*"}
[2020-11-17 17:28:38.971] [exthost] [info] ExtensionService#loadCommonJSModule file:///usr/share/code/resources/app/extensions/git/dist/main
[2020-11-17 17:28:38.989] [exthost] [info] ExtensionService#_doActivateExtension vscode.merge-conflict {"startup":true,"extensionId":{"value":"vscode.merge-conflict","_lower":"vscode.merge-conflict"},"activationEvent":"*"}
[2020-11-17 17:28:38.990] [exthost] [info] ExtensionService#loadCommonJSModule file:///usr/share/code/resources/app/extensions/merge-conflict/dist/mergeConflictMain
[2020-11-17 17:28:38.992] [exthost] [info] ExtensionService#_doActivateExtension vscode.search-result {"startup":true,"extensionId":{"value":"vscode.search-result","_lower":"vscode.search-result"},"activationEvent":"*"}
[2020-11-17 17:28:38.993] [exthost] [info] ExtensionService#loadCommonJSModule file:///usr/share/code/resources/app/extensions/search-result/dist/extension.js
[2020-11-17 17:28:39.231] [exthost] [info] ExtensionService#_doActivateExtension vscode.github {"startup":true,"extensionId":{"value":"vscode.github","_lower":"vscode.github"},"activationEvent":"*"}
[2020-11-17 17:28:39.231] [exthost] [info] ExtensionService#loadCommonJSModule file:///usr/share/code/resources/app/extensions/github/dist/extension.js
[2020-11-17 17:28:39.280] [exthost] [info] ExtensionService#_doActivateExtension ms-vscode.js-debug {"startup":false,"extensionId":{"value":"ms-vscode.js-debug","_lower":"ms-vscode.js-debug"},"activationEvent":"onCommand:extension.js-debug.clearAutoAttachVariables"}
[2020-11-17 17:28:39.280] [exthost] [info] ExtensionService#loadCommonJSModule file:///usr/share/code/resources/app/extensions/ms-vscode.js-debug/src/extension.js
[2020-11-17 17:28:39.401] [exthost] [info] ExtensionService#_doActivateExtension golang.go {"startup":true,"extensionId":{"value":"golang.go","_lower":"golang.go"},"activationEvent":"workspaceContains:**/*.go"}
[2020-11-17 17:28:39.401] [exthost] [info] ExtensionService#loadCommonJSModule file:///home/mkasun/.vscode/extensions/golang.go-0.18.1/dist/goMain.js
[2020-11-17 17:28:39.648] [exthost] [info] eager extensions activated
[2020-11-17 17:28:39.707] [exthost] [info] ExtensionService#_doActivateExtension vscode.github-authentication {"startup":false,"extensionId":{"value":"vscode.github-authentication","_lower":"vscode.github-authentication"},"activationEvent":"onAuthenticationRequest:github"}
[2020-11-17 17:28:39.707] [exthost] [info] ExtensionService#loadCommonJSModule file:///usr/share/code/resources/app/extensions/github-authentication/dist/extension.js
[2020-11-17 17:29:58.570] [exthost] [info] ExtensionService#_doActivateExtension vscode.configuration-editing {"startup":false,"extensionId":{"value":"vscode.configuration-editing","_lower":"vscode.configuration-editing"},"activationEvent":"onLanguage:json"}
[2020-11-17 17:29:58.570] [exthost] [info] ExtensionService#loadCommonJSModule file:///usr/share/code/resources/app/extensions/configuration-editing/dist/configurationEditingMain
[2020-11-17 17:29:58.579] [exthost] [info] ExtensionService#_doActivateExtension vscode.extension-editing {"startup":false,"extensionId":{"value":"vscode.extension-editing","_lower":"vscode.extension-editing"},"activationEvent":"onLanguage:json"}
[2020-11-17 17:29:58.579] [exthost] [info] ExtensionService#loadCommonJSModule file:///usr/share/code/resources/app/extensions/extension-editing/dist/extensionEditingMain
[2020-11-17 17:29:58.599] [exthost] [info] ExtensionService#_doActivateExtension vscode.json-language-features {"startup":false,"extensionId":{"value":"vscode.json-language-features","_lower":"vscode.json-language-features"},"activationEvent":"onLanguage:json"}
[2020-11-17 17:29:58.599] [exthost] [info] ExtensionService#loadCommonJSModule file:///usr/share/code/resources/app/extensions/json-language-features/client/dist/node/jsonClientMain
[2020-11-17 17:29:58.648] [exthost] [info] ExtensionService#_doActivateExtension vscode.npm {"startup":false,"extensionId":{"value":"vscode.npm","_lower":"vscode.npm"},"activationEvent":"onLanguage:json"}
[2020-11-17 17:29:58.648] [exthost] [info] ExtensionService#loadCommonJSModule file:///usr/share/code/resources/app/extensions/npm/dist/npmMain
[2020-11-17 17:30:04.664] [exthost] [info] ExtensionService#_doActivateExtension vscodevim.vim {"startup":false,"extensionId":{"value":"vscodevim.vim","_lower":"vscodevim.vim"},"activationEvent":"*"}
[2020-11-17 17:30:04.665] [exthost] [info] ExtensionService#loadCommonJSModule file:///home/mkasun/.vscode/extensions/vscodevim.vim-1.17.1/out/extension
[2020-11-17 17:32:00.984] [exthost] [error] [golang.go] provider FAILED
[2020-11-17 17:32:00.984] [exthost] [error] Command failed: /home/mkasun/sandbox/go/lxd-4.7/_dist/bin/godef -t -i -f /home/mkasun/sandbox/curl-google/quickstart.go -o 2492
godef: no declaration found for &{0xc000384580 Create}

[2020-11-17 17:32:08.492] [exthost] [error] [golang.go] provider FAILED
[2020-11-17 17:32:08.492] [exthost] [error] Command failed: /home/mkasun/sandbox/go/lxd-4.7/_dist/bin/godef -t -i -f /home/mkasun/sandbox/curl-google/quickstart.go -o 2493
godef: no declaration found for &{0xc0003505e0 Create}

[2020-11-17 17:32:33.315] [exthost] [info] ExtensionService#_doActivateExtension vscode.debug-server-ready {"startup":false,"extensionId":{"value":"vscode.debug-server-ready","_lower":"vscode.debug-server-ready"},"activationEvent":"onDebugResolve"}
[2020-11-17 17:32:33.315] [exthost] [info] ExtensionService#loadCommonJSModule file:///usr/share/code/resources/app/extensions/debug-server-ready/dist/extension
[2020-11-17 17:41:33.378] [exthost] [info] ExtensionService#_doActivateExtension vscode.python {"startup":false,"extensionId":{"value":"vscode.python","_lower":"vscode.python"},"activationEvent":"onLanguage:python"}
[2020-11-17 17:41:33.379] [exthost] [info] ExtensionService#loadCommonJSModule file:///usr/share/code/resources/app/extensions/python/dist/pythonMain
[2020-11-17 17:41:33.381] [exthost] [info] ExtensionService#_doActivateExtension ms-toolsai.jupyter {"startup":false,"extensionId":{"value":"ms-toolsai.jupyter","_lower":"ms-toolsai.jupyter"},"activationEvent":"onLanguage:python"}
[2020-11-17 17:41:33.381] [exthost] [info] ExtensionService#loadCommonJSModule file:///home/mkasun/.vscode/extensions/ms-toolsai.jupyter-2020.11.358541065/out/client/extension
[2020-11-17 17:41:34.587] [exthost] [info] ExtensionService#_doActivateExtension ms-python.python {"startup":false,"extensionId":{"value":"ms-python.python","_lower":"ms-python.python"},"activationEvent":"onLanguage:python"}
[2020-11-17 17:41:34.587] [exthost] [info] ExtensionService#loadCommonJSModule file:///home/mkasun/.vscode/extensions/ms-python.python-2020.11.367453362/out/client/extension
[2020-11-17 17:43:57.881] [exthost] [error] [golang.go] provider FAILED
[2020-11-17 17:43:57.881] [exthost] [error] Command failed: /home/mkasun/sandbox/go/lxd-4.7/_dist/bin/godef -t -i -f /home/mkasun/sandbox/curl-google/src/google.golang.org/api/doc.go -o 2220
godef: no object

[2020-11-17 18:06:59.734] [exthost] [warning] TextEditor is closed/disposed
[2020-11-17 18:06:59.734] [exthost] [warning] TextEditor is closed/disposed
[2020-11-17 18:16:11.139] [exthost] [error] [golang.go] provider FAILED
[2020-11-17 18:16:11.149] [exthost] [error] Error: name must not be falsy
	at Function.validate (/usr/share/code/resources/app/out/vs/workbench/services/extensions/node/extensionHostProcess.js:525:315)
	at new S (/usr/share/code/resources/app/out/vs/workbench/services/extensions/node/extensionHostProcess.js:525:264)
	at new S (/usr/share/code/resources/app/out/vs/workbench/services/extensions/node/extensionHostProcess.js:511:436)
	at /home/mkasun/.vscode/extensions/golang.go-0.18.1/dist/goMain.js:15985:28
	at Array.forEach (<anonymous>)
	at convertToCodeSymbols (/home/mkasun/.vscode/extensions/golang.go-0.18.1/dist/goMain.js:15963:19)
	at /home/mkasun/.vscode/extensions/golang.go-0.18.1/dist/goMain.js:15897:16
	at Generator.next (<anonymous>)
	at fulfilled (/home/mkasun/.vscode/extensions/golang.go-0.18.1/dist/goMain.js:15874:58)
[2020-11-17 18:16:19.408] [exthost] [error] [golang.go] provider FAILED
[2020-11-17 18:16:19.408] [exthost] [error] Error: name must not be falsy
	at Function.validate (/usr/share/code/resources/app/out/vs/workbench/services/extensions/node/extensionHostProcess.js:525:315)
	at new S (/usr/share/code/resources/app/out/vs/workbench/services/extensions/node/extensionHostProcess.js:525:264)
	at new S (/usr/share/code/resources/app/out/vs/workbench/services/extensions/node/extensionHostProcess.js:511:436)
	at /home/mkasun/.vscode/extensions/golang.go-0.18.1/dist/goMain.js:15985:28
	at Array.forEach (<anonymous>)
	at convertToCodeSymbols (/home/mkasun/.vscode/extensions/golang.go-0.18.1/dist/goMain.js:15963:19)
	at /home/mkasun/.vscode/extensions/golang.go-0.18.1/dist/goMain.js:15897:16
	at Generator.next (<anonymous>)
	at fulfilled (/home/mkasun/.vscode/extensions/golang.go-0.18.1/dist/goMain.js:15874:58)
[2020-11-17 18:16:39.813] [exthost] [error] [golang.go] provider FAILED
[2020-11-17 18:16:39.813] [exthost] [error] Error: name must not be falsy
	at Function.validate (/usr/share/code/resources/app/out/vs/workbench/services/extensions/node/extensionHostProcess.js:525:315)
	at new S (/usr/share/code/resources/app/out/vs/workbench/services/extensions/node/extensionHostProcess.js:525:264)
	at new S (/usr/share/code/resources/app/out/vs/workbench/services/extensions/node/extensionHostProcess.js:511:436)
	at /home/mkasun/.vscode/extensions/golang.go-0.18.1/dist/goMain.js:15985:28
	at Array.forEach (<anonymous>)
	at convertToCodeSymbols (/home/mkasun/.vscode/extensions/golang.go-0.18.1/dist/goMain.js:15963:19)
	at /home/mkasun/.vscode/extensions/golang.go-0.18.1/dist/goMain.js:15897:16
	at Generator.next (<anonymous>)
	at fulfilled (/home/mkasun/.vscode/extensions/golang.go-0.18.1/dist/goMain.js:15874:58)
[2020-11-17 18:16:44.229] [exthost] [error] [golang.go] provider FAILED
[2020-11-17 18:16:44.229] [exthost] [error] Error: name must not be falsy
	at Function.validate (/usr/share/code/resources/app/out/vs/workbench/services/extensions/node/extensionHostProcess.js:525:315)
	at new S (/usr/share/code/resources/app/out/vs/workbench/services/extensions/node/extensionHostProcess.js:525:264)
	at new S (/usr/share/code/resources/app/out/vs/workbench/services/extensions/node/extensionHostProcess.js:511:436)
	at /home/mkasun/.vscode/extensions/golang.go-0.18.1/dist/goMain.js:15985:28
	at Array.forEach (<anonymous>)
	at convertToCodeSymbols (/home/mkasun/.vscode/extensions/golang.go-0.18.1/dist/goMain.js:15963:19)
	at /home/mkasun/.vscode/extensions/golang.go-0.18.1/dist/goMain.js:15897:16
	at Generator.next (<anonymous>)
	at fulfilled (/home/mkasun/.vscode/extensions/golang.go-0.18.1/dist/goMain.js:15874:58)
[2020-11-17 18:16:44.791] [exthost] [error] [golang.go] provider FAILED
[2020-11-17 18:16:44.791] [exthost] [error] Error: name must not be falsy
	at Function.validate (/usr/share/code/resources/app/out/vs/workbench/services/extensions/node/extensionHostProcess.js:525:315)
	at new S (/usr/share/code/resources/app/out/vs/workbench/services/extensions/node/extensionHostProcess.js:525:264)
	at new S (/usr/share/code/resources/app/out/vs/workbench/services/extensions/node/extensionHostProcess.js:511:436)
	at /home/mkasun/.vscode/extensions/golang.go-0.18.1/dist/goMain.js:15985:28
	at Array.forEach (<anonymous>)
	at convertToCodeSymbols (/home/mkasun/.vscode/extensions/golang.go-0.18.1/dist/goMain.js:15963:19)
	at /home/mkasun/.vscode/extensions/golang.go-0.18.1/dist/goMain.js:15897:16
	at Generator.next (<anonymous>)
	at fulfilled (/home/mkasun/.vscode/extensions/golang.go-0.18.1/dist/goMain.js:15874:58)
	at runMicrotasks (<anonymous>)
	at processTicksAndRejections (internal/process/task_queues.js:94:5)
[2020-11-17 18:20:04.280] [exthost] [error] [golang.go] provider FAILED
[2020-11-17 18:20:04.280] [exthost] [error] Error: name must not be falsy
	at Function.validate (/usr/share/code/resources/app/out/vs/workbench/services/extensions/node/extensionHostProcess.js:525:315)
	at new S (/usr/share/code/resources/app/out/vs/workbench/services/extensions/node/extensionHostProcess.js:525:264)
	at new S (/usr/share/code/resources/app/out/vs/workbench/services/extensions/node/extensionHostProcess.js:511:436)
	at /home/mkasun/.vscode/extensions/golang.go-0.18.1/dist/goMain.js:15985:28
	at Array.forEach (<anonymous>)
	at convertToCodeSymbols (/home/mkasun/.vscode/extensions/golang.go-0.18.1/dist/goMain.js:15963:19)
	at /home/mkasun/.vscode/extensions/golang.go-0.18.1/dist/goMain.js:15897:16
	at Generator.next (<anonymous>)
	at fulfilled (/home/mkasun/.vscode/extensions/golang.go-0.18.1/dist/goMain.js:15874:58)
[2020-11-17 18:26:48.020] [exthost] [info] ExtensionService#_doActivateExtension ms-vscode.node-debug2 {"startup":false,"extensionId":{"value":"ms-vscode.node-debug","_lower":"ms-vscode.node-debug"},"activationEvent":"onDebugInitialConfigurations"}
[2020-11-17 18:26:48.021] [exthost] [info] ExtensionService#loadCommonJSModule file:///usr/share/code/resources/app/extensions/ms-vscode.node-debug2/out/src/extension
[2020-11-17 18:26:48.040] [exthost] [info] ExtensionService#_doActivateExtension ms-vscode.node-debug {"startup":false,"extensionId":{"value":"ms-vscode.node-debug","_lower":"ms-vscode.node-debug"},"activationEvent":"onDebugInitialConfigurations"}
[2020-11-17 18:26:48.041] [exthost] [info] ExtensionService#loadCommonJSModule file:///usr/share/code/resources/app/extensions/ms-vscode.node-debug/dist/extension.js
[2020-11-17 18:37:07.309] [exthost] [warning] TextEditor is closed/disposed
[2020-11-17 18:37:07.309] [exthost] [warning] TextEditor is closed/disposed
[2020-11-18 09:02:02.304] [exthost] [error] [golang.go] provider FAILED
[2020-11-18 09:02:02.304] [exthost] [error] Error: name must not be falsy
	at Function.validate (/usr/share/code/resources/app/out/vs/workbench/services/extensions/node/extensionHostProcess.js:525:315)
	at new S (/usr/share/code/resources/app/out/vs/workbench/services/extensions/node/extensionHostProcess.js:525:264)
	at new S (/usr/share/code/resources/app/out/vs/workbench/services/extensions/node/extensionHostProcess.js:511:436)
	at /home/mkasun/.vscode/extensions/golang.go-0.18.1/dist/goMain.js:15985:28
	at Array.forEach (<anonymous>)
	at convertToCodeSymbols (/home/mkasun/.vscode/extensions/golang.go-0.18.1/dist/goMain.js:15963:19)
	at /home/mkasun/.vscode/extensions/golang.go-0.18.1/dist/goMain.js:15897:16
	at Generator.next (<anonymous>)
	at fulfilled (/home/mkasun/.vscode/extensions/golang.go-0.18.1/dist/goMain.js:15874:58)
[2020-11-18 09:02:02.657] [exthost] [error] [golang.go] provider FAILED
[2020-11-18 09:02:02.658] [exthost] [error] Error: name must not be falsy
	at Function.validate (/usr/share/code/resources/app/out/vs/workbench/services/extensions/node/extensionHostProcess.js:525:315)
	at new S (/usr/share/code/resources/app/out/vs/workbench/services/extensions/node/extensionHostProcess.js:525:264)
	at new S (/usr/share/code/resources/app/out/vs/workbench/services/extensions/node/extensionHostProcess.js:511:436)
	at /home/mkasun/.vscode/extensions/golang.go-0.18.1/dist/goMain.js:15985:28
	at Array.forEach (<anonymous>)
	at convertToCodeSymbols (/home/mkasun/.vscode/extensions/golang.go-0.18.1/dist/goMain.js:15963:19)
	at /home/mkasun/.vscode/extensions/golang.go-0.18.1/dist/goMain.js:15897:16
	at Generator.next (<anonymous>)
	at fulfilled (/home/mkasun/.vscode/extensions/golang.go-0.18.1/dist/goMain.js:15874:58)
	at runMicrotasks (<anonymous>)
	at processTicksAndRejections (internal/process/task_queues.js:94:5)
[2020-11-18 09:02:08.322] [exthost] [error] [golang.go] provider FAILED
[2020-11-18 09:02:08.323] [exthost] [error] Error: name must not be falsy
	at Function.validate (/usr/share/code/resources/app/out/vs/workbench/services/extensions/node/extensionHostProcess.js:525:315)
	at new S (/usr/share/code/resources/app/out/vs/workbench/services/extensions/node/extensionHostProcess.js:525:264)
	at new S (/usr/share/code/resources/app/out/vs/workbench/services/extensions/node/extensionHostProcess.js:511:436)
	at /home/mkasun/.vscode/extensions/golang.go-0.18.1/dist/goMain.js:15985:28
	at Array.forEach (<anonymous>)
	at convertToCodeSymbols (/home/mkasun/.vscode/extensions/golang.go-0.18.1/dist/goMain.js:15963:19)
	at /home/mkasun/.vscode/extensions/golang.go-0.18.1/dist/goMain.js:15897:16
	at Generator.next (<anonymous>)
	at fulfilled (/home/mkasun/.vscode/extensions/golang.go-0.18.1/dist/goMain.js:15874:58)
	at runMicrotasks (<anonymous>)
	at processTicksAndRejections (internal/process/task_queues.js:94:5)
[2020-11-18 09:02:26.796] [exthost] [error] [golang.go] provider FAILED
[2020-11-18 09:02:26.796] [exthost] [error] Check the console in dev tools to find errors when formatting.
[2020-11-18 09:03:43.251] [exthost] [error] [golang.go] provider FAILED
[2020-11-18 09:03:43.251] [exthost] [error] Check the console in dev tools to find errors when formatting.
[2020-11-18 09:04:39.493] [exthost] [error] [golang.go] provider FAILED
[2020-11-18 09:04:39.493] [exthost] [error] Error: name must not be falsy
	at Function.validate (/usr/share/code/resources/app/out/vs/workbench/services/extensions/node/extensionHostProcess.js:525:315)
	at new S (/usr/share/code/resources/app/out/vs/workbench/services/extensions/node/extensionHostProcess.js:525:264)
	at new S (/usr/share/code/resources/app/out/vs/workbench/services/extensions/node/extensionHostProcess.js:511:436)
	at /home/mkasun/.vscode/extensions/golang.go-0.18.1/dist/goMain.js:15985:28
	at Array.forEach (<anonymous>)
	at convertToCodeSymbols (/home/mkasun/.vscode/extensions/golang.go-0.18.1/dist/goMain.js:15963:19)
	at /home/mkasun/.vscode/extensions/golang.go-0.18.1/dist/goMain.js:15897:16
	at Generator.next (<anonymous>)
	at fulfilled (/home/mkasun/.vscode/extensions/golang.go-0.18.1/dist/goMain.js:15874:58)
	at runMicrotasks (<anonymous>)
	at processTicksAndRejections (internal/process/task_queues.js:94:5)
[2020-11-18 09:04:41.908] [exthost] [error] [golang.go] provider FAILED
[2020-11-18 09:04:41.908] [exthost] [error] Error: name must not be falsy
	at Function.validate (/usr/share/code/resources/app/out/vs/workbench/services/extensions/node/extensionHostProcess.js:525:315)
	at new S (/usr/share/code/resources/app/out/vs/workbench/services/extensions/node/extensionHostProcess.js:525:264)
	at new S (/usr/share/code/resources/app/out/vs/workbench/services/extensions/node/extensionHostProcess.js:511:436)
	at /home/mkasun/.vscode/extensions/golang.go-0.18.1/dist/goMain.js:15985:28
	at Array.forEach (<anonymous>)
	at convertToCodeSymbols (/home/mkasun/.vscode/extensions/golang.go-0.18.1/dist/goMain.js:15963:19)
	at /home/mkasun/.vscode/extensions/golang.go-0.18.1/dist/goMain.js:15897:16
	at Generator.next (<anonymous>)
	at fulfilled (/home/mkasun/.vscode/extensions/golang.go-0.18.1/dist/goMain.js:15874:58)
	at runMicrotasks (<anonymous>)
	at processTicksAndRejections (internal/process/task_queues.js:94:5)
[2020-11-18 09:04:42.508] [exthost] [error] [golang.go] provider FAILED
[2020-11-18 09:04:42.508] [exthost] [error] Error: name must not be falsy
	at Function.validate (/usr/share/code/resources/app/out/vs/workbench/services/extensions/node/extensionHostProcess.js:525:315)
	at new S (/usr/share/code/resources/app/out/vs/workbench/services/extensions/node/extensionHostProcess.js:525:264)
	at new S (/usr/share/code/resources/app/out/vs/workbench/services/extensions/node/extensionHostProcess.js:511:436)
	at /home/mkasun/.vscode/extensions/golang.go-0.18.1/dist/goMain.js:15985:28
	at Array.forEach (<anonymous>)
	at convertToCodeSymbols (/home/mkasun/.vscode/extensions/golang.go-0.18.1/dist/goMain.js:15963:19)
	at /home/mkasun/.vscode/extensions/golang.go-0.18.1/dist/goMain.js:15897:16
	at Generator.next (<anonymous>)
	at fulfilled (/home/mkasun/.vscode/extensions/golang.go-0.18.1/dist/goMain.js:15874:58)
	at runMicrotasks (<anonymous>)
	at processTicksAndRejections (internal/process/task_queues.js:94:5)
[2020-11-18 09:04:43.414] [exthost] [error] [golang.go] provider FAILED
[2020-11-18 09:04:43.414] [exthost] [error] Error: name must not be falsy
	at Function.validate (/usr/share/code/resources/app/out/vs/workbench/services/extensions/node/extensionHostProcess.js:525:315)
	at new S (/usr/share/code/resources/app/out/vs/workbench/services/extensions/node/extensionHostProcess.js:525:264)
	at new S (/usr/share/code/resources/app/out/vs/workbench/services/extensions/node/extensionHostProcess.js:511:436)
	at /home/mkasun/.vscode/extensions/golang.go-0.18.1/dist/goMain.js:15985:28
	at Array.forEach (<anonymous>)
	at convertToCodeSymbols (/home/mkasun/.vscode/extensions/golang.go-0.18.1/dist/goMain.js:15963:19)
	at /home/mkasun/.vscode/extensions/golang.go-0.18.1/dist/goMain.js:15897:16
	at Generator.next (<anonymous>)
	at fulfilled (/home/mkasun/.vscode/extensions/golang.go-0.18.1/dist/goMain.js:15874:58)
[2020-11-18 09:04:50.224] [exthost] [error] [golang.go] provider FAILED
[2020-11-18 09:04:50.224] [exthost] [error] Error: name must not be falsy
	at Function.validate (/usr/share/code/resources/app/out/vs/workbench/services/extensions/node/extensionHostProcess.js:525:315)
	at new S (/usr/share/code/resources/app/out/vs/workbench/services/extensions/node/extensionHostProcess.js:525:264)
	at new S (/usr/share/code/resources/app/out/vs/workbench/services/extensions/node/extensionHostProcess.js:511:436)
	at /home/mkasun/.vscode/extensions/golang.go-0.18.1/dist/goMain.js:15985:28
	at Array.forEach (<anonymous>)
	at convertToCodeSymbols (/home/mkasun/.vscode/extensions/golang.go-0.18.1/dist/goMain.js:15963:19)
	at /home/mkasun/.vscode/extensions/golang.go-0.18.1/dist/goMain.js:15897:16
	at Generator.next (<anonymous>)
	at fulfilled (/home/mkasun/.vscode/extensions/golang.go-0.18.1/dist/goMain.js:15874:58)
[2020-11-18 09:04:53.534] [exthost] [error] [golang.go] provider FAILED
[2020-11-18 09:04:53.534] [exthost] [error] Error: name must not be falsy
	at Function.validate (/usr/share/code/resources/app/out/vs/workbench/services/extensions/node/extensionHostProcess.js:525:315)
	at new S (/usr/share/code/resources/app/out/vs/workbench/services/extensions/node/extensionHostProcess.js:525:264)
	at new S (/usr/share/code/resources/app/out/vs/workbench/services/extensions/node/extensionHostProcess.js:511:436)
	at /home/mkasun/.vscode/extensions/golang.go-0.18.1/dist/goMain.js:15985:28
	at Array.forEach (<anonymous>)
	at convertToCodeSymbols (/home/mkasun/.vscode/extensions/golang.go-0.18.1/dist/goMain.js:15963:19)
	at /home/mkasun/.vscode/extensions/golang.go-0.18.1/dist/goMain.js:15897:16
	at Generator.next (<anonymous>)
	at fulfilled (/home/mkasun/.vscode/extensions/golang.go-0.18.1/dist/goMain.js:15874:58)
[2020-11-18 09:04:56.781] [exthost] [error] [golang.go] provider FAILED
[2020-11-18 09:04:56.781] [exthost] [error] Check the console in dev tools to find errors when formatting.
[2020-11-18 09:06:08.684] [exthost] [error] [golang.go] provider FAILED
[2020-11-18 09:06:08.684] [exthost] [error] Error: name must not be falsy
	at Function.validate (/usr/share/code/resources/app/out/vs/workbench/services/extensions/node/extensionHostProcess.js:525:315)
	at new S (/usr/share/code/resources/app/out/vs/workbench/services/extensions/node/extensionHostProcess.js:525:264)
	at new S (/usr/share/code/resources/app/out/vs/workbench/services/extensions/node/extensionHostProcess.js:511:436)
	at /home/mkasun/.vscode/extensions/golang.go-0.18.1/dist/goMain.js:15985:28
	at Array.forEach (<anonymous>)
	at convertToCodeSymbols (/home/mkasun/.vscode/extensions/golang.go-0.18.1/dist/goMain.js:15963:19)
	at /home/mkasun/.vscode/extensions/golang.go-0.18.1/dist/goMain.js:15897:16
	at Generator.next (<anonymous>)
	at fulfilled (/home/mkasun/.vscode/extensions/golang.go-0.18.1/dist/goMain.js:15874:58)
	at runMicrotasks (<anonymous>)
	at processTicksAndRejections (internal/process/task_queues.js:94:5)
[2020-11-18 09:08:45.761] [exthost] [error] [golang.go] provider FAILED
[2020-11-18 09:08:45.761] [exthost] [error] Error: name must not be falsy
	at Function.validate (/usr/share/code/resources/app/out/vs/workbench/services/extensions/node/extensionHostProcess.js:525:315)
	at new S (/usr/share/code/resources/app/out/vs/workbench/services/extensions/node/extensionHostProcess.js:525:264)
	at new S (/usr/share/code/resources/app/out/vs/workbench/services/extensions/node/extensionHostProcess.js:511:436)
	at /home/mkasun/.vscode/extensions/golang.go-0.18.1/dist/goMain.js:15985:28
	at Array.forEach (<anonymous>)
	at convertToCodeSymbols (/home/mkasun/.vscode/extensions/golang.go-0.18.1/dist/goMain.js:15963:19)
	at /home/mkasun/.vscode/extensions/golang.go-0.18.1/dist/goMain.js:15897:16
	at Generator.next (<anonymous>)
	at fulfilled (/home/mkasun/.vscode/extensions/golang.go-0.18.1/dist/goMain.js:15874:58)
[2020-11-18 09:08:51.904] [exthost] [error] [golang.go] provider FAILED
[2020-11-18 09:08:51.904] [exthost] [error] Error: name must not be falsy
	at Function.validate (/usr/share/code/resources/app/out/vs/workbench/services/extensions/node/extensionHostProcess.js:525:315)
	at new S (/usr/share/code/resources/app/out/vs/workbench/services/extensions/node/extensionHostProcess.js:525:264)
	at new S (/usr/share/code/resources/app/out/vs/workbench/services/extensions/node/extensionHostProcess.js:511:436)
	at /home/mkasun/.vscode/extensions/golang.go-0.18.1/dist/goMain.js:15985:28
	at Array.forEach (<anonymous>)
	at convertToCodeSymbols (/home/mkasun/.vscode/extensions/golang.go-0.18.1/dist/goMain.js:15963:19)
	at /home/mkasun/.vscode/extensions/golang.go-0.18.1/dist/goMain.js:15897:16
	at Generator.next (<anonymous>)
	at fulfilled (/home/mkasun/.vscode/extensions/golang.go-0.18.1/dist/goMain.js:15874:58)
[2020-11-18 09:08:59.002] [exthost] [error] [golang.go] provider FAILED
[2020-11-18 09:08:59.002] [exthost] [error] Check the console in dev tools to find errors when formatting.
[2020-11-18 09:09:16.577] [exthost] [error] [golang.go] provider FAILED
[2020-11-18 09:09:16.577] [exthost] [error] Error: name must not be falsy
	at Function.validate (/usr/share/code/resources/app/out/vs/workbench/services/extensions/node/extensionHostProcess.js:525:315)
	at new S (/usr/share/code/resources/app/out/vs/workbench/services/extensions/node/extensionHostProcess.js:525:264)
	at new S (/usr/share/code/resources/app/out/vs/workbench/services/extensions/node/extensionHostProcess.js:511:436)
	at /home/mkasun/.vscode/extensions/golang.go-0.18.1/dist/goMain.js:15985:28
	at Array.forEach (<anonymous>)
	at convertToCodeSymbols (/home/mkasun/.vscode/extensions/golang.go-0.18.1/dist/goMain.js:15963:19)
	at /home/mkasun/.vscode/extensions/golang.go-0.18.1/dist/goMain.js:15897:16
	at Generator.next (<anonymous>)
	at fulfilled (/home/mkasun/.vscode/extensions/golang.go-0.18.1/dist/goMain.js:15874:58)
	at runMicrotasks (<anonymous>)
	at processTicksAndRejections (internal/process/task_queues.js:94:5)
[2020-11-18 09:15:01.736] [exthost] [error] [golang.go] provider FAILED
[2020-11-18 09:15:01.736] [exthost] [error] Check the console in dev tools to find errors when formatting.
[2020-11-18 09:16:31.802] [exthost] [error] [golang.go] provider FAILED
[2020-11-18 09:16:31.802] [exthost] [error] Error: name must not be falsy
	at Function.validate (/usr/share/code/resources/app/out/vs/workbench/services/extensions/node/extensionHostProcess.js:525:315)
	at new S (/usr/share/code/resources/app/out/vs/workbench/services/extensions/node/extensionHostProcess.js:525:264)
	at new S (/usr/share/code/resources/app/out/vs/workbench/services/extensions/node/extensionHostProcess.js:511:436)
	at /home/mkasun/.vscode/extensions/golang.go-0.18.1/dist/goMain.js:15985:28
	at Array.forEach (<anonymous>)
	at convertToCodeSymbols (/home/mkasun/.vscode/extensions/golang.go-0.18.1/dist/goMain.js:15963:19)
	at /home/mkasun/.vscode/extensions/golang.go-0.18.1/dist/goMain.js:15897:16
	at Generator.next (<anonymous>)
	at fulfilled (/home/mkasun/.vscode/extensions/golang.go-0.18.1/dist/goMain.js:15874:58)
	at runMicrotasks (<anonymous>)
	at processTicksAndRejections (internal/process/task_queues.js:94:5)
[2020-11-18 09:17:31.430] [exthost] [error] [golang.go] provider FAILED
[2020-11-18 09:17:31.431] [exthost] [error] Error: name must not be falsy
	at Function.validate (/usr/share/code/resources/app/out/vs/workbench/services/extensions/node/extensionHostProcess.js:525:315)
	at new S (/usr/share/code/resources/app/out/vs/workbench/services/extensions/node/extensionHostProcess.js:525:264)
	at new S (/usr/share/code/resources/app/out/vs/workbench/services/extensions/node/extensionHostProcess.js:511:436)
	at /home/mkasun/.vscode/extensions/golang.go-0.18.1/dist/goMain.js:15985:28
	at Array.forEach (<anonymous>)
	at convertToCodeSymbols (/home/mkasun/.vscode/extensions/golang.go-0.18.1/dist/goMain.js:15963:19)
	at /home/mkasun/.vscode/extensions/golang.go-0.18.1/dist/goMain.js:15897:16
	at Generator.next (<anonymous>)
	at fulfilled (/home/mkasun/.vscode/extensions/golang.go-0.18.1/dist/goMain.js:15874:58)
[2020-11-18 09:17:42.141] [exthost] [error] [golang.go] provider FAILED
[2020-11-18 09:17:42.141] [exthost] [error] Error: name must not be falsy
	at Function.validate (/usr/share/code/resources/app/out/vs/workbench/services/extensions/node/extensionHostProcess.js:525:315)
	at new S (/usr/share/code/resources/app/out/vs/workbench/services/extensions/node/extensionHostProcess.js:525:264)
	at new S (/usr/share/code/resources/app/out/vs/workbench/services/extensions/node/extensionHostProcess.js:511:436)
	at /home/mkasun/.vscode/extensions/golang.go-0.18.1/dist/goMain.js:15985:28
	at Array.forEach (<anonymous>)
	at convertToCodeSymbols (/home/mkasun/.vscode/extensions/golang.go-0.18.1/dist/goMain.js:15963:19)
	at /home/mkasun/.vscode/extensions/golang.go-0.18.1/dist/goMain.js:15897:16
	at Generator.next (<anonymous>)
	at fulfilled (/home/mkasun/.vscode/extensions/golang.go-0.18.1/dist/goMain.js:15874:58)
[2020-11-18 09:17:43.252] [exthost] [error] [golang.go] provider FAILED
[2020-11-18 09:17:43.252] [exthost] [error] Error: name must not be falsy
	at Function.validate (/usr/share/code/resources/app/out/vs/workbench/services/extensions/node/extensionHostProcess.js:525:315)
	at new S (/usr/share/code/resources/app/out/vs/workbench/services/extensions/node/extensionHostProcess.js:525:264)
	at new S (/usr/share/code/resources/app/out/vs/workbench/services/extensions/node/extensionHostProcess.js:511:436)
	at /home/mkasun/.vscode/extensions/golang.go-0.18.1/dist/goMain.js:15985:28
	at Array.forEach (<anonymous>)
	at convertToCodeSymbols (/home/mkasun/.vscode/extensions/golang.go-0.18.1/dist/goMain.js:15963:19)
	at /home/mkasun/.vscode/extensions/golang.go-0.18.1/dist/goMain.js:15897:16
	at Generator.next (<anonymous>)
	at fulfilled (/home/mkasun/.vscode/extensions/golang.go-0.18.1/dist/goMain.js:15874:58)
[2020-11-18 09:17:43.794] [exthost] [error] [golang.go] provider FAILED
[2020-11-18 09:17:43.794] [exthost] [error] Error: name must not be falsy
	at Function.validate (/usr/share/code/resources/app/out/vs/workbench/services/extensions/node/extensionHostProcess.js:525:315)
	at new S (/usr/share/code/resources/app/out/vs/workbench/services/extensions/node/extensionHostProcess.js:525:264)
	at new S (/usr/share/code/resources/app/out/vs/workbench/services/extensions/node/extensionHostProcess.js:511:436)
	at /home/mkasun/.vscode/extensions/golang.go-0.18.1/dist/goMain.js:15985:28
	at Array.forEach (<anonymous>)
	at convertToCodeSymbols (/home/mkasun/.vscode/extensions/golang.go-0.18.1/dist/goMain.js:15963:19)
	at /home/mkasun/.vscode/extensions/golang.go-0.18.1/dist/goMain.js:15897:16
	at Generator.next (<anonymous>)
	at fulfilled (/home/mkasun/.vscode/extensions/golang.go-0.18.1/dist/goMain.js:15874:58)
	at runMicrotasks (<anonymous>)
	at processTicksAndRejections (internal/process/task_queues.js:94:5)
[2020-11-18 09:17:49.858] [exthost] [error] [golang.go] provider FAILED
[2020-11-18 09:17:49.858] [exthost] [error] Error: name must not be falsy
	at Function.validate (/usr/share/code/resources/app/out/vs/workbench/services/extensions/node/extensionHostProcess.js:525:315)
	at new S (/usr/share/code/resources/app/out/vs/workbench/services/extensions/node/extensionHostProcess.js:525:264)
	at new S (/usr/share/code/resources/app/out/vs/workbench/services/extensions/node/extensionHostProcess.js:511:436)
	at /home/mkasun/.vscode/extensions/golang.go-0.18.1/dist/goMain.js:15985:28
	at Array.forEach (<anonymous>)
	at convertToCodeSymbols (/home/mkasun/.vscode/extensions/golang.go-0.18.1/dist/goMain.js:15963:19)
	at /home/mkasun/.vscode/extensions/golang.go-0.18.1/dist/goMain.js:15897:16
	at Generator.next (<anonymous>)
	at fulfilled (/home/mkasun/.vscode/extensions/golang.go-0.18.1/dist/goMain.js:15874:58)
	at runMicrotasks (<anonymous>)
	at processTicksAndRejections (internal/process/task_queues.js:94:5)
[2020-11-18 09:17:51.371] [exthost] [error] [golang.go] provider FAILED
[2020-11-18 09:17:51.371] [exthost] [error] Error: name must not be falsy
	at Function.validate (/usr/share/code/resources/app/out/vs/workbench/services/extensions/node/extensionHostProcess.js:525:315)
	at new S (/usr/share/code/resources/app/out/vs/workbench/services/extensions/node/extensionHostProcess.js:525:264)
	at new S (/usr/share/code/resources/app/out/vs/workbench/services/extensions/node/extensionHostProcess.js:511:436)
	at /home/mkasun/.vscode/extensions/golang.go-0.18.1/dist/goMain.js:15985:28
	at Array.forEach (<anonymous>)
	at convertToCodeSymbols (/home/mkasun/.vscode/extensions/golang.go-0.18.1/dist/goMain.js:15963:19)
	at /home/mkasun/.vscode/extensions/golang.go-0.18.1/dist/goMain.js:15897:16
	at Generator.next (<anonymous>)
	at fulfilled (/home/mkasun/.vscode/extensions/golang.go-0.18.1/dist/goMain.js:15874:58)
	at runMicrotasks (<anonymous>)
	at processTicksAndRejections (internal/process/task_queues.js:94:5)
[2020-11-18 09:17:52.060] [exthost] [error] [golang.go] provider FAILED
[2020-11-18 09:17:52.060] [exthost] [error] Error: name must not be falsy
	at Function.validate (/usr/share/code/resources/app/out/vs/workbench/services/extensions/node/extensionHostProcess.js:525:315)
	at new S (/usr/share/code/resources/app/out/vs/workbench/services/extensions/node/extensionHostProcess.js:525:264)
	at new S (/usr/share/code/resources/app/out/vs/workbench/services/extensions/node/extensionHostProcess.js:511:436)
	at /home/mkasun/.vscode/extensions/golang.go-0.18.1/dist/goMain.js:15985:28
	at Array.forEach (<anonymous>)
	at convertToCodeSymbols (/home/mkasun/.vscode/extensions/golang.go-0.18.1/dist/goMain.js:15963:19)
	at /home/mkasun/.vscode/extensions/golang.go-0.18.1/dist/goMain.js:15897:16
	at Generator.next (<anonymous>)
	at fulfilled (/home/mkasun/.vscode/extensions/golang.go-0.18.1/dist/goMain.js:15874:58)
[2020-11-18 09:17:53.283] [exthost] [error] [golang.go] provider FAILED
[2020-11-18 09:17:53.283] [exthost] [error] Error: name must not be falsy
	at Function.validate (/usr/share/code/resources/app/out/vs/workbench/services/extensions/node/extensionHostProcess.js:525:315)
	at new S (/usr/share/code/resources/app/out/vs/workbench/services/extensions/node/extensionHostProcess.js:525:264)
	at new S (/usr/share/code/resources/app/out/vs/workbench/services/extensions/node/extensionHostProcess.js:511:436)
	at /home/mkasun/.vscode/extensions/golang.go-0.18.1/dist/goMain.js:15985:28
	at Array.forEach (<anonymous>)
	at convertToCodeSymbols (/home/mkasun/.vscode/extensions/golang.go-0.18.1/dist/goMain.js:15963:19)
	at /home/mkasun/.vscode/extensions/golang.go-0.18.1/dist/goMain.js:15897:16
	at Generator.next (<anonymous>)
	at fulfilled (/home/mkasun/.vscode/extensions/golang.go-0.18.1/dist/goMain.js:15874:58)
[2020-11-18 09:17:54.146] [exthost] [error] [golang.go] provider FAILED
[2020-11-18 09:17:54.147] [exthost] [error] Error: name must not be falsy
	at Function.validate (/usr/share/code/resources/app/out/vs/workbench/services/extensions/node/extensionHostProcess.js:525:315)
	at new S (/usr/share/code/resources/app/out/vs/workbench/services/extensions/node/extensionHostProcess.js:525:264)
	at new S (/usr/share/code/resources/app/out/vs/workbench/services/extensions/node/extensionHostProcess.js:511:436)
	at /home/mkasun/.vscode/extensions/golang.go-0.18.1/dist/goMain.js:15985:28
	at Array.forEach (<anonymous>)
	at convertToCodeSymbols (/home/mkasun/.vscode/extensions/golang.go-0.18.1/dist/goMain.js:15963:19)
	at /home/mkasun/.vscode/extensions/golang.go-0.18.1/dist/goMain.js:15897:16
	at Generator.next (<anonymous>)
	at fulfilled (/home/mkasun/.vscode/extensions/golang.go-0.18.1/dist/goMain.js:15874:58)
[2020-11-18 09:17:55.914] [exthost] [error] [golang.go] provider FAILED
[2020-11-18 09:17:55.915] [exthost] [error] Error: name must not be falsy
	at Function.validate (/usr/share/code/resources/app/out/vs/workbench/services/extensions/node/extensionHostProcess.js:525:315)
	at new S (/usr/share/code/resources/app/out/vs/workbench/services/extensions/node/extensionHostProcess.js:525:264)
	at new S (/usr/share/code/resources/app/out/vs/workbench/services/extensions/node/extensionHostProcess.js:511:436)
	at /home/mkasun/.vscode/extensions/golang.go-0.18.1/dist/goMain.js:15985:28
	at Array.forEach (<anonymous>)
	at convertToCodeSymbols (/home/mkasun/.vscode/extensions/golang.go-0.18.1/dist/goMain.js:15963:19)
	at /home/mkasun/.vscode/extensions/golang.go-0.18.1/dist/goMain.js:15897:16
	at Generator.next (<anonymous>)
	at fulfilled (/home/mkasun/.vscode/extensions/golang.go-0.18.1/dist/goMain.js:15874:58)
[2020-11-18 09:17:58.269] [exthost] [error] [golang.go] provider FAILED
[2020-11-18 09:17:58.269] [exthost] [error] Error: name must not be falsy
	at Function.validate (/usr/share/code/resources/app/out/vs/workbench/services/extensions/node/extensionHostProcess.js:525:315)
	at new S (/usr/share/code/resources/app/out/vs/workbench/services/extensions/node/extensionHostProcess.js:525:264)
	at new S (/usr/share/code/resources/app/out/vs/workbench/services/extensions/node/extensionHostProcess.js:511:436)
	at /home/mkasun/.vscode/extensions/golang.go-0.18.1/dist/goMain.js:15985:28
	at Array.forEach (<anonymous>)
	at convertToCodeSymbols (/home/mkasun/.vscode/extensions/golang.go-0.18.1/dist/goMain.js:15963:19)
	at /home/mkasun/.vscode/extensions/golang.go-0.18.1/dist/goMain.js:15897:16
	at Generator.next (<anonymous>)
	at fulfilled (/home/mkasun/.vscode/extensions/golang.go-0.18.1/dist/goMain.js:15874:58)
[2020-11-18 09:17:59.175] [exthost] [error] [golang.go] provider FAILED
[2020-11-18 09:17:59.175] [exthost] [error] Error: name must not be falsy
	at Function.validate (/usr/share/code/resources/app/out/vs/workbench/services/extensions/node/extensionHostProcess.js:525:315)
	at new S (/usr/share/code/resources/app/out/vs/workbench/services/extensions/node/extensionHostProcess.js:525:264)
	at new S (/usr/share/code/resources/app/out/vs/workbench/services/extensions/node/extensionHostProcess.js:511:436)
	at /home/mkasun/.vscode/extensions/golang.go-0.18.1/dist/goMain.js:15985:28
	at Array.forEach (<anonymous>)
	at convertToCodeSymbols (/home/mkasun/.vscode/extensions/golang.go-0.18.1/dist/goMain.js:15963:19)
	at /home/mkasun/.vscode/extensions/golang.go-0.18.1/dist/goMain.js:15897:16
	at Generator.next (<anonymous>)
	at fulfilled (/home/mkasun/.vscode/extensions/golang.go-0.18.1/dist/goMain.js:15874:58)
[2020-11-18 09:18:00.491] [exthost] [error] [golang.go] provider FAILED
[2020-11-18 09:18:00.491] [exthost] [error] Error: name must not be falsy
	at Function.validate (/usr/share/code/resources/app/out/vs/workbench/services/extensions/node/extensionHostProcess.js:525:315)
	at new S (/usr/share/code/resources/app/out/vs/workbench/services/extensions/node/extensionHostProcess.js:525:264)
	at new S (/usr/share/code/resources/app/out/vs/workbench/services/extensions/node/extensionHostProcess.js:511:436)
	at /home/mkasun/.vscode/extensions/golang.go-0.18.1/dist/goMain.js:15985:28
	at Array.forEach (<anonymous>)
	at convertToCodeSymbols (/home/mkasun/.vscode/extensions/golang.go-0.18.1/dist/goMain.js:15963:19)
	at /home/mkasun/.vscode/extensions/golang.go-0.18.1/dist/goMain.js:15897:16
	at Generator.next (<anonymous>)
	at fulfilled (/home/mkasun/.vscode/extensions/golang.go-0.18.1/dist/goMain.js:15874:58)
[2020-11-18 09:18:02.253] [exthost] [error] [golang.go] provider FAILED
[2020-11-18 09:18:02.253] [exthost] [error] Error: name must not be falsy
	at Function.validate (/usr/share/code/resources/app/out/vs/workbench/services/extensions/node/extensionHostProcess.js:525:315)
	at new S (/usr/share/code/resources/app/out/vs/workbench/services/extensions/node/extensionHostProcess.js:525:264)
	at new S (/usr/share/code/resources/app/out/vs/workbench/services/extensions/node/extensionHostProcess.js:511:436)
	at /home/mkasun/.vscode/extensions/golang.go-0.18.1/dist/goMain.js:15985:28
	at Array.forEach (<anonymous>)
	at convertToCodeSymbols (/home/mkasun/.vscode/extensions/golang.go-0.18.1/dist/goMain.js:15963:19)
	at /home/mkasun/.vscode/extensions/golang.go-0.18.1/dist/goMain.js:15897:16
	at Generator.next (<anonymous>)
	at fulfilled (/home/mkasun/.vscode/extensions/golang.go-0.18.1/dist/goMain.js:15874:58)
[2020-11-18 09:18:04.534] [exthost] [error] [golang.go] provider FAILED
[2020-11-18 09:18:04.534] [exthost] [error] Error: name must not be falsy
	at Function.validate (/usr/share/code/resources/app/out/vs/workbench/services/extensions/node/extensionHostProcess.js:525:315)
	at new S (/usr/share/code/resources/app/out/vs/workbench/services/extensions/node/extensionHostProcess.js:525:264)
	at new S (/usr/share/code/resources/app/out/vs/workbench/services/extensions/node/extensionHostProcess.js:511:436)
	at /home/mkasun/.vscode/extensions/golang.go-0.18.1/dist/goMain.js:15985:28
	at Array.forEach (<anonymous>)
	at convertToCodeSymbols (/home/mkasun/.vscode/extensions/golang.go-0.18.1/dist/goMain.js:15963:19)
	at /home/mkasun/.vscode/extensions/golang.go-0.18.1/dist/goMain.js:15897:16
	at Generator.next (<anonymous>)
	at fulfilled (/home/mkasun/.vscode/extensions/golang.go-0.18.1/dist/goMain.js:15874:58)
[2020-11-18 09:18:05.159] [exthost] [error] [golang.go] provider FAILED
[2020-11-18 09:18:05.159] [exthost] [error] Error: name must not be falsy
	at Function.validate (/usr/share/code/resources/app/out/vs/workbench/services/extensions/node/extensionHostProcess.js:525:315)
	at new S (/usr/share/code/resources/app/out/vs/workbench/services/extensions/node/extensionHostProcess.js:525:264)
	at new S (/usr/share/code/resources/app/out/vs/workbench/services/extensions/node/extensionHostProcess.js:511:436)
	at /home/mkasun/.vscode/extensions/golang.go-0.18.1/dist/goMain.js:15985:28
	at Array.forEach (<anonymous>)
	at convertToCodeSymbols (/home/mkasun/.vscode/extensions/golang.go-0.18.1/dist/goMain.js:15963:19)
	at /home/mkasun/.vscode/extensions/golang.go-0.18.1/dist/goMain.js:15897:16
	at Generator.next (<anonymous>)
	at fulfilled (/home/mkasun/.vscode/extensions/golang.go-0.18.1/dist/goMain.js:15874:58)
[2020-11-18 09:18:06.315] [exthost] [error] [golang.go] provider FAILED
[2020-11-18 09:18:06.315] [exthost] [error] Error: name must not be falsy
	at Function.validate (/usr/share/code/resources/app/out/vs/workbench/services/extensions/node/extensionHostProcess.js:525:315)
	at new S (/usr/share/code/resources/app/out/vs/workbench/services/extensions/node/extensionHostProcess.js:525:264)
	at new S (/usr/share/code/resources/app/out/vs/workbench/services/extensions/node/extensionHostProcess.js:511:436)
	at /home/mkasun/.vscode/extensions/golang.go-0.18.1/dist/goMain.js:15985:28
	at Array.forEach (<anonymous>)
	at convertToCodeSymbols (/home/mkasun/.vscode/extensions/golang.go-0.18.1/dist/goMain.js:15963:19)
	at /home/mkasun/.vscode/extensions/golang.go-0.18.1/dist/goMain.js:15897:16
	at Generator.next (<anonymous>)
	at fulfilled (/home/mkasun/.vscode/extensions/golang.go-0.18.1/dist/goMain.js:15874:58)
	at runMicrotasks (<anonymous>)
	at processTicksAndRejections (internal/process/task_queues.js:94:5)
[2020-11-18 09:18:08.363] [exthost] [error] [golang.go] provider FAILED
[2020-11-18 09:18:08.363] [exthost] [error] Error: name must not be falsy
	at Function.validate (/usr/share/code/resources/app/out/vs/workbench/services/extensions/node/extensionHostProcess.js:525:315)
	at new S (/usr/share/code/resources/app/out/vs/workbench/services/extensions/node/extensionHostProcess.js:525:264)
	at new S (/usr/share/code/resources/app/out/vs/workbench/services/extensions/node/extensionHostProcess.js:511:436)
	at /home/mkasun/.vscode/extensions/golang.go-0.18.1/dist/goMain.js:15985:28
	at Array.forEach (<anonymous>)
	at convertToCodeSymbols (/home/mkasun/.vscode/extensions/golang.go-0.18.1/dist/goMain.js:15963:19)
	at /home/mkasun/.vscode/extensions/golang.go-0.18.1/dist/goMain.js:15897:16
	at Generator.next (<anonymous>)
	at fulfilled (/home/mkasun/.vscode/extensions/golang.go-0.18.1/dist/goMain.js:15874:58)
[2020-11-18 09:18:09.900] [exthost] [error] [golang.go] provider FAILED
[2020-11-18 09:18:09.900] [exthost] [error] Error: name must not be falsy
	at Function.validate (/usr/share/code/resources/app/out/vs/workbench/services/extensions/node/extensionHostProcess.js:525:315)
	at new S (/usr/share/code/resources/app/out/vs/workbench/services/extensions/node/extensionHostProcess.js:525:264)
	at new S (/usr/share/code/resources/app/out/vs/workbench/services/extensions/node/extensionHostProcess.js:511:436)
	at /home/mkasun/.vscode/extensions/golang.go-0.18.1/dist/goMain.js:15985:28
	at Array.forEach (<anonymous>)
	at convertToCodeSymbols (/home/mkasun/.vscode/extensions/golang.go-0.18.1/dist/goMain.js:15963:19)
	at /home/mkasun/.vscode/extensions/golang.go-0.18.1/dist/goMain.js:15897:16
	at Generator.next (<anonymous>)
	at fulfilled (/home/mkasun/.vscode/extensions/golang.go-0.18.1/dist/goMain.js:15874:58)
[2020-11-18 09:18:10.718] [exthost] [error] [golang.go] provider FAILED
[2020-11-18 09:18:10.718] [exthost] [error] Error: name must not be falsy
	at Function.validate (/usr/share/code/resources/app/out/vs/workbench/services/extensions/node/extensionHostProcess.js:525:315)
	at new S (/usr/share/code/resources/app/out/vs/workbench/services/extensions/node/extensionHostProcess.js:525:264)
	at new S (/usr/share/code/resources/app/out/vs/workbench/services/extensions/node/extensionHostProcess.js:511:436)
	at /home/mkasun/.vscode/extensions/golang.go-0.18.1/dist/goMain.js:15985:28
	at Array.forEach (<anonymous>)
	at convertToCodeSymbols (/home/mkasun/.vscode/extensions/golang.go-0.18.1/dist/goMain.js:15963:19)
	at /home/mkasun/.vscode/extensions/golang.go-0.18.1/dist/goMain.js:15897:16
	at Generator.next (<anonymous>)
	at fulfilled (/home/mkasun/.vscode/extensions/golang.go-0.18.1/dist/goMain.js:15874:58)
	at runMicrotasks (<anonymous>)
	at processTicksAndRejections (internal/process/task_queues.js:94:5)
[2020-11-18 09:18:11.526] [exthost] [error] [golang.go] provider FAILED
[2020-11-18 09:18:11.526] [exthost] [error] Error: name must not be falsy
	at Function.validate (/usr/share/code/resources/app/out/vs/workbench/services/extensions/node/extensionHostProcess.js:525:315)
	at new S (/usr/share/code/resources/app/out/vs/workbench/services/extensions/node/extensionHostProcess.js:525:264)
	at new S (/usr/share/code/resources/app/out/vs/workbench/services/extensions/node/extensionHostProcess.js:511:436)
	at /home/mkasun/.vscode/extensions/golang.go-0.18.1/dist/goMain.js:15985:28
	at Array.forEach (<anonymous>)
	at convertToCodeSymbols (/home/mkasun/.vscode/extensions/golang.go-0.18.1/dist/goMain.js:15963:19)
	at /home/mkasun/.vscode/extensions/golang.go-0.18.1/dist/goMain.js:15897:16
	at Generator.next (<anonymous>)
	at fulfilled (/home/mkasun/.vscode/extensions/golang.go-0.18.1/dist/goMain.js:15874:58)
[2020-11-18 09:18:13.808] [exthost] [error] [golang.go] provider FAILED
[2020-11-18 09:18:13.809] [exthost] [error] Error: name must not be falsy
	at Function.validate (/usr/share/code/resources/app/out/vs/workbench/services/extensions/node/extensionHostProcess.js:525:315)
	at new S (/usr/share/code/resources/app/out/vs/workbench/services/extensions/node/extensionHostProcess.js:525:264)
	at new S (/usr/share/code/resources/app/out/vs/workbench/services/extensions/node/extensionHostProcess.js:511:436)
	at /home/mkasun/.vscode/extensions/golang.go-0.18.1/dist/goMain.js:15985:28
	at Array.forEach (<anonymous>)
	at convertToCodeSymbols (/home/mkasun/.vscode/extensions/golang.go-0.18.1/dist/goMain.js:15963:19)
	at /home/mkasun/.vscode/extensions/golang.go-0.18.1/dist/goMain.js:15897:16
	at Generator.next (<anonymous>)
	at fulfilled (/home/mkasun/.vscode/extensions/golang.go-0.18.1/dist/goMain.js:15874:58)
	at runMicrotasks (<anonymous>)
	at processTicksAndRejections (internal/process/task_queues.js:94:5)
[2020-11-18 09:18:14.873] [exthost] [error] [golang.go] provider FAILED
[2020-11-18 09:18:14.873] [exthost] [error] Error: name must not be falsy
	at Function.validate (/usr/share/code/resources/app/out/vs/workbench/services/extensions/node/extensionHostProcess.js:525:315)
	at new S (/usr/share/code/resources/app/out/vs/workbench/services/extensions/node/extensionHostProcess.js:525:264)
	at new S (/usr/share/code/resources/app/out/vs/workbench/services/extensions/node/extensionHostProcess.js:511:436)
	at /home/mkasun/.vscode/extensions/golang.go-0.18.1/dist/goMain.js:15985:28
	at Array.forEach (<anonymous>)
	at convertToCodeSymbols (/home/mkasun/.vscode/extensions/golang.go-0.18.1/dist/goMain.js:15963:19)
	at /home/mkasun/.vscode/extensions/golang.go-0.18.1/dist/goMain.js:15897:16
	at Generator.next (<anonymous>)
	at fulfilled (/home/mkasun/.vscode/extensions/golang.go-0.18.1/dist/goMain.js:15874:58)
[2020-11-18 09:18:16.290] [exthost] [error] [golang.go] provider FAILED
[2020-11-18 09:18:16.290] [exthost] [error] Error: name must not be falsy
	at Function.validate (/usr/share/code/resources/app/out/vs/workbench/services/extensions/node/extensionHostProcess.js:525:315)
	at new S (/usr/share/code/resources/app/out/vs/workbench/services/extensions/node/extensionHostProcess.js:525:264)
	at new S (/usr/share/code/resources/app/out/vs/workbench/services/extensions/node/extensionHostProcess.js:511:436)
	at /home/mkasun/.vscode/extensions/golang.go-0.18.1/dist/goMain.js:15985:28
	at Array.forEach (<anonymous>)
	at convertToCodeSymbols (/home/mkasun/.vscode/extensions/golang.go-0.18.1/dist/goMain.js:15963:19)
	at /home/mkasun/.vscode/extensions/golang.go-0.18.1/dist/goMain.js:15897:16
	at Generator.next (<anonymous>)
	at fulfilled (/home/mkasun/.vscode/extensions/golang.go-0.18.1/dist/goMain.js:15874:58)
[2020-11-18 09:18:19.882] [exthost] [error] [golang.go] provider FAILED
[2020-11-18 09:18:19.883] [exthost] [error] Error: name must not be falsy
	at Function.validate (/usr/share/code/resources/app/out/vs/workbench/services/extensions/node/extensionHostProcess.js:525:315)
	at new S (/usr/share/code/resources/app/out/vs/workbench/services/extensions/node/extensionHostProcess.js:525:264)
	at new S (/usr/share/code/resources/app/out/vs/workbench/services/extensions/node/extensionHostProcess.js:511:436)
	at /home/mkasun/.vscode/extensions/golang.go-0.18.1/dist/goMain.js:15985:28
	at Array.forEach (<anonymous>)
	at convertToCodeSymbols (/home/mkasun/.vscode/extensions/golang.go-0.18.1/dist/goMain.js:15963:19)
	at /home/mkasun/.vscode/extensions/golang.go-0.18.1/dist/goMain.js:15897:16
	at Generator.next (<anonymous>)
	at fulfilled (/home/mkasun/.vscode/extensions/golang.go-0.18.1/dist/goMain.js:15874:58)
[2020-11-18 09:19:05.339] [exthost] [error] [golang.go] provider FAILED
[2020-11-18 09:19:05.339] [exthost] [error] Error: name must not be falsy
	at Function.validate (/usr/share/code/resources/app/out/vs/workbench/services/extensions/node/extensionHostProcess.js:525:315)
	at new S (/usr/share/code/resources/app/out/vs/workbench/services/extensions/node/extensionHostProcess.js:525:264)
	at new S (/usr/share/code/resources/app/out/vs/workbench/services/extensions/node/extensionHostProcess.js:511:436)
	at /home/mkasun/.vscode/extensions/golang.go-0.18.1/dist/goMain.js:15985:28
	at Array.forEach (<anonymous>)
	at convertToCodeSymbols (/home/mkasun/.vscode/extensions/golang.go-0.18.1/dist/goMain.js:15963:19)
	at /home/mkasun/.vscode/extensions/golang.go-0.18.1/dist/goMain.js:15897:16
	at Generator.next (<anonymous>)
	at fulfilled (/home/mkasun/.vscode/extensions/golang.go-0.18.1/dist/goMain.js:15874:58)
[2020-11-18 09:19:10.034] [exthost] [error] [golang.go] provider FAILED
[2020-11-18 09:19:10.034] [exthost] [error] Error: name must not be falsy
	at Function.validate (/usr/share/code/resources/app/out/vs/workbench/services/extensions/node/extensionHostProcess.js:525:315)
	at new S (/usr/share/code/resources/app/out/vs/workbench/services/extensions/node/extensionHostProcess.js:525:264)
	at new S (/usr/share/code/resources/app/out/vs/workbench/services/extensions/node/extensionHostProcess.js:511:436)
	at /home/mkasun/.vscode/extensions/golang.go-0.18.1/dist/goMain.js:15985:28
	at Array.forEach (<anonymous>)
	at convertToCodeSymbols (/home/mkasun/.vscode/extensions/golang.go-0.18.1/dist/goMain.js:15963:19)
	at /home/mkasun/.vscode/extensions/golang.go-0.18.1/dist/goMain.js:15897:16
	at Generator.next (<anonymous>)
	at fulfilled (/home/mkasun/.vscode/extensions/golang.go-0.18.1/dist/goMain.js:15874:58)
	at runMicrotasks (<anonymous>)
	at processTicksAndRejections (internal/process/task_queues.js:94:5)
[2020-11-18 09:19:10.561] [exthost] [error] [golang.go] provider FAILED
[2020-11-18 09:19:10.561] [exthost] [error] Error: name must not be falsy
	at Function.validate (/usr/share/code/resources/app/out/vs/workbench/services/extensions/node/extensionHostProcess.js:525:315)
	at new S (/usr/share/code/resources/app/out/vs/workbench/services/extensions/node/extensionHostProcess.js:525:264)
	at new S (/usr/share/code/resources/app/out/vs/workbench/services/extensions/node/extensionHostProcess.js:511:436)
	at /home/mkasun/.vscode/extensions/golang.go-0.18.1/dist/goMain.js:15985:28
	at Array.forEach (<anonymous>)
	at convertToCodeSymbols (/home/mkasun/.vscode/extensions/golang.go-0.18.1/dist/goMain.js:15963:19)
	at /home/mkasun/.vscode/extensions/golang.go-0.18.1/dist/goMain.js:15897:16
	at Generator.next (<anonymous>)
	at fulfilled (/home/mkasun/.vscode/extensions/golang.go-0.18.1/dist/goMain.js:15874:58)
[2020-11-18 09:19:10.998] [exthost] [error] [golang.go] provider FAILED
[2020-11-18 09:19:10.998] [exthost] [error] Error: name must not be falsy
	at Function.validate (/usr/share/code/resources/app/out/vs/workbench/services/extensions/node/extensionHostProcess.js:525:315)
	at new S (/usr/share/code/resources/app/out/vs/workbench/services/extensions/node/extensionHostProcess.js:525:264)
	at new S (/usr/share/code/resources/app/out/vs/workbench/services/extensions/node/extensionHostProcess.js:511:436)
	at /home/mkasun/.vscode/extensions/golang.go-0.18.1/dist/goMain.js:15985:28
	at Array.forEach (<anonymous>)
	at convertToCodeSymbols (/home/mkasun/.vscode/extensions/golang.go-0.18.1/dist/goMain.js:15963:19)
	at /home/mkasun/.vscode/extensions/golang.go-0.18.1/dist/goMain.js:15897:16
	at Generator.next (<anonymous>)
	at fulfilled (/home/mkasun/.vscode/extensions/golang.go-0.18.1/dist/goMain.js:15874:58)
[2020-11-18 09:19:12.256] [exthost] [error] [golang.go] provider FAILED
[2020-11-18 09:19:12.256] [exthost] [error] Error: name must not be falsy
	at Function.validate (/usr/share/code/resources/app/out/vs/workbench/services/extensions/node/extensionHostProcess.js:525:315)
	at new S (/usr/share/code/resources/app/out/vs/workbench/services/extensions/node/extensionHostProcess.js:525:264)
	at new S (/usr/share/code/resources/app/out/vs/workbench/services/extensions/node/extensionHostProcess.js:511:436)
	at /home/mkasun/.vscode/extensions/golang.go-0.18.1/dist/goMain.js:15985:28
	at Array.forEach (<anonymous>)
	at convertToCodeSymbols (/home/mkasun/.vscode/extensions/golang.go-0.18.1/dist/goMain.js:15963:19)
	at /home/mkasun/.vscode/extensions/golang.go-0.18.1/dist/goMain.js:15897:16
	at Generator.next (<anonymous>)
	at fulfilled (/home/mkasun/.vscode/extensions/golang.go-0.18.1/dist/goMain.js:15874:58)
[2020-11-18 09:19:13.252] [exthost] [error] [golang.go] provider FAILED
[2020-11-18 09:19:13.253] [exthost] [error] Error: name must not be falsy
	at Function.validate (/usr/share/code/resources/app/out/vs/workbench/services/extensions/node/extensionHostProcess.js:525:315)
	at new S (/usr/share/code/resources/app/out/vs/workbench/services/extensions/node/extensionHostProcess.js:525:264)
	at new S (/usr/share/code/resources/app/out/vs/workbench/services/extensions/node/extensionHostProcess.js:511:436)
	at /home/mkasun/.vscode/extensions/golang.go-0.18.1/dist/goMain.js:15985:28
	at Array.forEach (<anonymous>)
	at convertToCodeSymbols (/home/mkasun/.vscode/extensions/golang.go-0.18.1/dist/goMain.js:15963:19)
	at /home/mkasun/.vscode/extensions/golang.go-0.18.1/dist/goMain.js:15897:16
	at Generator.next (<anonymous>)
	at fulfilled (/home/mkasun/.vscode/extensions/golang.go-0.18.1/dist/goMain.js:15874:58)
[2020-11-18 09:19:15.168] [exthost] [error] [golang.go] provider FAILED
[2020-11-18 09:19:15.168] [exthost] [error] Error: name must not be falsy
	at Function.validate (/usr/share/code/resources/app/out/vs/workbench/services/extensions/node/extensionHostProcess.js:525:315)
	at new S (/usr/share/code/resources/app/out/vs/workbench/services/extensions/node/extensionHostProcess.js:525:264)
	at new S (/usr/share/code/resources/app/out/vs/workbench/services/extensions/node/extensionHostProcess.js:511:436)
	at /home/mkasun/.vscode/extensions/golang.go-0.18.1/dist/goMain.js:15985:28
	at Array.forEach (<anonymous>)
	at convertToCodeSymbols (/home/mkasun/.vscode/extensions/golang.go-0.18.1/dist/goMain.js:15963:19)
	at /home/mkasun/.vscode/extensions/golang.go-0.18.1/dist/goMain.js:15897:16
	at Generator.next (<anonymous>)
	at fulfilled (/home/mkasun/.vscode/extensions/golang.go-0.18.1/dist/goMain.js:15874:58)
	at runMicrotasks (<anonymous>)
	at processTicksAndRejections (internal/process/task_queues.js:94:5)
[2020-11-18 09:19:16.047] [exthost] [error] [golang.go] provider FAILED
[2020-11-18 09:19:16.047] [exthost] [error] Error: name must not be falsy
	at Function.validate (/usr/share/code/resources/app/out/vs/workbench/services/extensions/node/extensionHostProcess.js:525:315)
	at new S (/usr/share/code/resources/app/out/vs/workbench/services/extensions/node/extensionHostProcess.js:525:264)
	at new S (/usr/share/code/resources/app/out/vs/workbench/services/extensions/node/extensionHostProcess.js:511:436)
	at /home/mkasun/.vscode/extensions/golang.go-0.18.1/dist/goMain.js:15985:28
	at Array.forEach (<anonymous>)
	at convertToCodeSymbols (/home/mkasun/.vscode/extensions/golang.go-0.18.1/dist/goMain.js:15963:19)
	at /home/mkasun/.vscode/extensions/golang.go-0.18.1/dist/goMain.js:15897:16
	at Generator.next (<anonymous>)
	at fulfilled (/home/mkasun/.vscode/extensions/golang.go-0.18.1/dist/goMain.js:15874:58)
	at runMicrotasks (<anonymous>)
	at processTicksAndRejections (internal/process/task_queues.js:94:5)
[2020-11-18 09:19:18.346] [exthost] [error] [golang.go] provider FAILED
[2020-11-18 09:19:18.347] [exthost] [error] Error: name must not be falsy
	at Function.validate (/usr/share/code/resources/app/out/vs/workbench/services/extensions/node/extensionHostProcess.js:525:315)
	at new S (/usr/share/code/resources/app/out/vs/workbench/services/extensions/node/extensionHostProcess.js:525:264)
	at new S (/usr/share/code/resources/app/out/vs/workbench/services/extensions/node/extensionHostProcess.js:511:436)
	at /home/mkasun/.vscode/extensions/golang.go-0.18.1/dist/goMain.js:15985:28
	at Array.forEach (<anonymous>)
	at convertToCodeSymbols (/home/mkasun/.vscode/extensions/golang.go-0.18.1/dist/goMain.js:15963:19)
	at /home/mkasun/.vscode/extensions/golang.go-0.18.1/dist/goMain.js:15897:16
	at Generator.next (<anonymous>)
	at fulfilled (/home/mkasun/.vscode/extensions/golang.go-0.18.1/dist/goMain.js:15874:58)
[2020-11-18 09:19:19.164] [exthost] [error] [golang.go] provider FAILED
[2020-11-18 09:19:19.164] [exthost] [error] Error: name must not be falsy
	at Function.validate (/usr/share/code/resources/app/out/vs/workbench/services/extensions/node/extensionHostProcess.js:525:315)
	at new S (/usr/share/code/resources/app/out/vs/workbench/services/extensions/node/extensionHostProcess.js:525:264)
	at new S (/usr/share/code/resources/app/out/vs/workbench/services/extensions/node/extensionHostProcess.js:511:436)
	at /home/mkasun/.vscode/extensions/golang.go-0.18.1/dist/goMain.js:15985:28
	at Array.forEach (<anonymous>)
	at convertToCodeSymbols (/home/mkasun/.vscode/extensions/golang.go-0.18.1/dist/goMain.js:15963:19)
	at /home/mkasun/.vscode/extensions/golang.go-0.18.1/dist/goMain.js:15897:16
	at Generator.next (<anonymous>)
	at fulfilled (/home/mkasun/.vscode/extensions/golang.go-0.18.1/dist/goMain.js:15874:58)
[2020-11-18 09:19:26.714] [exthost] [error] [golang.go] provider FAILED
[2020-11-18 09:19:26.714] [exthost] [error] Error: name must not be falsy
	at Function.validate (/usr/share/code/resources/app/out/vs/workbench/services/extensions/node/extensionHostProcess.js:525:315)
	at new S (/usr/share/code/resources/app/out/vs/workbench/services/extensions/node/extensionHostProcess.js:525:264)
	at new S (/usr/share/code/resources/app/out/vs/workbench/services/extensions/node/extensionHostProcess.js:511:436)
	at /home/mkasun/.vscode/extensions/golang.go-0.18.1/dist/goMain.js:15985:28
	at Array.forEach (<anonymous>)
	at convertToCodeSymbols (/home/mkasun/.vscode/extensions/golang.go-0.18.1/dist/goMain.js:15963:19)
	at /home/mkasun/.vscode/extensions/golang.go-0.18.1/dist/goMain.js:15897:16
	at Generator.next (<anonymous>)
	at fulfilled (/home/mkasun/.vscode/extensions/golang.go-0.18.1/dist/goMain.js:15874:58)
	at runMicrotasks (<anonymous>)
	at processTicksAndRejections (internal/process/task_queues.js:94:5)
[2020-11-18 09:19:28.732] [exthost] [error] [golang.go] provider FAILED
[2020-11-18 09:19:28.733] [exthost] [error] Error: name must not be falsy
	at Function.validate (/usr/share/code/resources/app/out/vs/workbench/services/extensions/node/extensionHostProcess.js:525:315)
	at new S (/usr/share/code/resources/app/out/vs/workbench/services/extensions/node/extensionHostProcess.js:525:264)
	at new S (/usr/share/code/resources/app/out/vs/workbench/services/extensions/node/extensionHostProcess.js:511:436)
	at /home/mkasun/.vscode/extensions/golang.go-0.18.1/dist/goMain.js:15985:28
	at Array.forEach (<anonymous>)
	at convertToCodeSymbols (/home/mkasun/.vscode/extensions/golang.go-0.18.1/dist/goMain.js:15963:19)
	at /home/mkasun/.vscode/extensions/golang.go-0.18.1/dist/goMain.js:15897:16
	at Generator.next (<anonymous>)
	at fulfilled (/home/mkasun/.vscode/extensions/golang.go-0.18.1/dist/goMain.js:15874:58)
[2020-11-18 09:19:30.207] [exthost] [error] [golang.go] provider FAILED
[2020-11-18 09:19:30.207] [exthost] [error] Error: name must not be falsy
	at Function.validate (/usr/share/code/resources/app/out/vs/workbench/services/extensions/node/extensionHostProcess.js:525:315)
	at new S (/usr/share/code/resources/app/out/vs/workbench/services/extensions/node/extensionHostProcess.js:525:264)
	at new S (/usr/share/code/resources/app/out/vs/workbench/services/extensions/node/extensionHostProcess.js:511:436)
	at /home/mkasun/.vscode/extensions/golang.go-0.18.1/dist/goMain.js:15985:28
	at Array.forEach (<anonymous>)
	at convertToCodeSymbols (/home/mkasun/.vscode/extensions/golang.go-0.18.1/dist/goMain.js:15963:19)
	at /home/mkasun/.vscode/extensions/golang.go-0.18.1/dist/goMain.js:15897:16
	at Generator.next (<anonymous>)
	at fulfilled (/home/mkasun/.vscode/extensions/golang.go-0.18.1/dist/goMain.js:15874:58)
[2020-11-18 09:19:32.307] [exthost] [error] [golang.go] provider FAILED
[2020-11-18 09:19:32.307] [exthost] [error] Error: name must not be falsy
	at Function.validate (/usr/share/code/resources/app/out/vs/workbench/services/extensions/node/extensionHostProcess.js:525:315)
	at new S (/usr/share/code/resources/app/out/vs/workbench/services/extensions/node/extensionHostProcess.js:525:264)
	at new S (/usr/share/code/resources/app/out/vs/workbench/services/extensions/node/extensionHostProcess.js:511:436)
	at /home/mkasun/.vscode/extensions/golang.go-0.18.1/dist/goMain.js:15985:28
	at Array.forEach (<anonymous>)
	at convertToCodeSymbols (/home/mkasun/.vscode/extensions/golang.go-0.18.1/dist/goMain.js:15963:19)
	at /home/mkasun/.vscode/extensions/golang.go-0.18.1/dist/goMain.js:15897:16
	at Generator.next (<anonymous>)
	at fulfilled (/home/mkasun/.vscode/extensions/golang.go-0.18.1/dist/goMain.js:15874:58)
[2020-11-18 09:19:32.837] [exthost] [error] [golang.go] provider FAILED
[2020-11-18 09:19:32.837] [exthost] [error] Error: name must not be falsy
	at Function.validate (/usr/share/code/resources/app/out/vs/workbench/services/extensions/node/extensionHostProcess.js:525:315)
	at new S (/usr/share/code/resources/app/out/vs/workbench/services/extensions/node/extensionHostProcess.js:525:264)
	at new S (/usr/share/code/resources/app/out/vs/workbench/services/extensions/node/extensionHostProcess.js:511:436)
	at /home/mkasun/.vscode/extensions/golang.go-0.18.1/dist/goMain.js:15985:28
	at Array.forEach (<anonymous>)
	at convertToCodeSymbols (/home/mkasun/.vscode/extensions/golang.go-0.18.1/dist/goMain.js:15963:19)
	at /home/mkasun/.vscode/extensions/golang.go-0.18.1/dist/goMain.js:15897:16
	at Generator.next (<anonymous>)
	at fulfilled (/home/mkasun/.vscode/extensions/golang.go-0.18.1/dist/goMain.js:15874:58)
[2020-11-18 09:19:34.326] [exthost] [error] [golang.go] provider FAILED
[2020-11-18 09:19:34.326] [exthost] [error] Error: name must not be falsy
	at Function.validate (/usr/share/code/resources/app/out/vs/workbench/services/extensions/node/extensionHostProcess.js:525:315)
	at new S (/usr/share/code/resources/app/out/vs/workbench/services/extensions/node/extensionHostProcess.js:525:264)
	at new S (/usr/share/code/resources/app/out/vs/workbench/services/extensions/node/extensionHostProcess.js:511:436)
	at /home/mkasun/.vscode/extensions/golang.go-0.18.1/dist/goMain.js:15985:28
	at Array.forEach (<anonymous>)
	at convertToCodeSymbols (/home/mkasun/.vscode/extensions/golang.go-0.18.1/dist/goMain.js:15963:19)
	at /home/mkasun/.vscode/extensions/golang.go-0.18.1/dist/goMain.js:15897:16
	at Generator.next (<anonymous>)
	at fulfilled (/home/mkasun/.vscode/extensions/golang.go-0.18.1/dist/goMain.js:15874:58)
[2020-11-18 09:19:41.830] [exthost] [error] [golang.go] provider FAILED
[2020-11-18 09:19:41.830] [exthost] [error] Error: name must not be falsy
	at Function.validate (/usr/share/code/resources/app/out/vs/workbench/services/extensions/node/extensionHostProcess.js:525:315)
	at new S (/usr/share/code/resources/app/out/vs/workbench/services/extensions/node/extensionHostProcess.js:525:264)
	at new S (/usr/share/code/resources/app/out/vs/workbench/services/extensions/node/extensionHostProcess.js:511:436)
	at /home/mkasun/.vscode/extensions/golang.go-0.18.1/dist/goMain.js:15985:28
	at Array.forEach (<anonymous>)
	at convertToCodeSymbols (/home/mkasun/.vscode/extensions/golang.go-0.18.1/dist/goMain.js:15963:19)
	at /home/mkasun/.vscode/extensions/golang.go-0.18.1/dist/goMain.js:15897:16
	at Generator.next (<anonymous>)
	at fulfilled (/home/mkasun/.vscode/extensions/golang.go-0.18.1/dist/goMain.js:15874:58)
[2020-11-18 09:19:53.049] [exthost] [error] [golang.go] provider FAILED
[2020-11-18 09:19:53.049] [exthost] [error] Check the console in dev tools to find errors when formatting.
[2020-11-18 09:41:56.105] [exthost] [error] [golang.go] provider FAILED
[2020-11-18 09:41:56.105] [exthost] [error] Error: name must not be falsy
	at Function.validate (/usr/share/code/resources/app/out/vs/workbench/services/extensions/node/extensionHostProcess.js:525:315)
	at new S (/usr/share/code/resources/app/out/vs/workbench/services/extensions/node/extensionHostProcess.js:525:264)
	at new S (/usr/share/code/resources/app/out/vs/workbench/services/extensions/node/extensionHostProcess.js:511:436)
	at /home/mkasun/.vscode/extensions/golang.go-0.18.1/dist/goMain.js:15985:28
	at Array.forEach (<anonymous>)
	at convertToCodeSymbols (/home/mkasun/.vscode/extensions/golang.go-0.18.1/dist/goMain.js:15963:19)
	at /home/mkasun/.vscode/extensions/golang.go-0.18.1/dist/goMain.js:15897:16
	at Generator.next (<anonymous>)
	at fulfilled (/home/mkasun/.vscode/extensions/golang.go-0.18.1/dist/goMain.js:15874:58)
	at runMicrotasks (<anonymous>)
	at processTicksAndRejections (internal/process/task_queues.js:94:5)
[2020-11-18 09:42:03.199] [exthost] [error] [golang.go] provider FAILED
[2020-11-18 09:42:03.199] [exthost] [error] Check the console in dev tools to find errors when formatting.
[2020-11-18 09:42:23.859] [exthost] [error] [golang.go] provider FAILED
[2020-11-18 09:42:23.859] [exthost] [error] Error: name must not be falsy
	at Function.validate (/usr/share/code/resources/app/out/vs/workbench/services/extensions/node/extensionHostProcess.js:525:315)
	at new S (/usr/share/code/resources/app/out/vs/workbench/services/extensions/node/extensionHostProcess.js:525:264)
	at new S (/usr/share/code/resources/app/out/vs/workbench/services/extensions/node/extensionHostProcess.js:511:436)
	at /home/mkasun/.vscode/extensions/golang.go-0.18.1/dist/goMain.js:15985:28
	at Array.forEach (<anonymous>)
	at convertToCodeSymbols (/home/mkasun/.vscode/extensions/golang.go-0.18.1/dist/goMain.js:15963:19)
	at /home/mkasun/.vscode/extensions/golang.go-0.18.1/dist/goMain.js:15897:16
	at Generator.next (<anonymous>)
	at fulfilled (/home/mkasun/.vscode/extensions/golang.go-0.18.1/dist/goMain.js:15874:58)
[2020-11-18 09:42:30.578] [exthost] [error] [golang.go] provider FAILED
[2020-11-18 09:42:30.578] [exthost] [error] Check the console in dev tools to find errors when formatting.
[2020-11-18 09:42:54.928] [exthost] [error] [golang.go] provider FAILED
[2020-11-18 09:42:54.928] [exthost] [error] Error: name must not be falsy
	at Function.validate (/usr/share/code/resources/app/out/vs/workbench/services/extensions/node/extensionHostProcess.js:525:315)
	at new S (/usr/share/code/resources/app/out/vs/workbench/services/extensions/node/extensionHostProcess.js:525:264)
	at new S (/usr/share/code/resources/app/out/vs/workbench/services/extensions/node/extensionHostProcess.js:511:436)
	at /home/mkasun/.vscode/extensions/golang.go-0.18.1/dist/goMain.js:15985:28
	at Array.forEach (<anonymous>)
	at convertToCodeSymbols (/home/mkasun/.vscode/extensions/golang.go-0.18.1/dist/goMain.js:15963:19)
	at /home/mkasun/.vscode/extensions/golang.go-0.18.1/dist/goMain.js:15897:16
	at Generator.next (<anonymous>)
	at fulfilled (/home/mkasun/.vscode/extensions/golang.go-0.18.1/dist/goMain.js:15874:58)
[2020-11-18 09:43:23.461] [exthost] [error] [golang.go] provider FAILED
[2020-11-18 09:43:23.461] [exthost] [error] Error: name must not be falsy
	at Function.validate (/usr/share/code/resources/app/out/vs/workbench/services/extensions/node/extensionHostProcess.js:525:315)
	at new S (/usr/share/code/resources/app/out/vs/workbench/services/extensions/node/extensionHostProcess.js:525:264)
	at new S (/usr/share/code/resources/app/out/vs/workbench/services/extensions/node/extensionHostProcess.js:511:436)
	at /home/mkasun/.vscode/extensions/golang.go-0.18.1/dist/goMain.js:15985:28
	at Array.forEach (<anonymous>)
	at convertToCodeSymbols (/home/mkasun/.vscode/extensions/golang.go-0.18.1/dist/goMain.js:15963:19)
	at /home/mkasun/.vscode/extensions/golang.go-0.18.1/dist/goMain.js:15897:16
	at Generator.next (<anonymous>)
	at fulfilled (/home/mkasun/.vscode/extensions/golang.go-0.18.1/dist/goMain.js:15874:58)
[2020-11-18 09:43:34.859] [exthost] [error] [golang.go] provider FAILED
[2020-11-18 09:43:34.860] [exthost] [error] Error: name must not be falsy
	at Function.validate (/usr/share/code/resources/app/out/vs/workbench/services/extensions/node/extensionHostProcess.js:525:315)
	at new S (/usr/share/code/resources/app/out/vs/workbench/services/extensions/node/extensionHostProcess.js:525:264)
	at new S (/usr/share/code/resources/app/out/vs/workbench/services/extensions/node/extensionHostProcess.js:511:436)
	at /home/mkasun/.vscode/extensions/golang.go-0.18.1/dist/goMain.js:15985:28
	at Array.forEach (<anonymous>)
	at convertToCodeSymbols (/home/mkasun/.vscode/extensions/golang.go-0.18.1/dist/goMain.js:15963:19)
	at /home/mkasun/.vscode/extensions/golang.go-0.18.1/dist/goMain.js:15897:16
	at Generator.next (<anonymous>)
	at fulfilled (/home/mkasun/.vscode/extensions/golang.go-0.18.1/dist/goMain.js:15874:58)
[2020-11-18 09:43:41.484] [exthost] [error] [golang.go] provider FAILED
[2020-11-18 09:43:41.484] [exthost] [error] Check the console in dev tools to find errors when formatting.
[2020-11-18 09:43:53.976] [exthost] [error] [golang.go] provider FAILED
[2020-11-18 09:43:53.977] [exthost] [error] Error: name must not be falsy
	at Function.validate (/usr/share/code/resources/app/out/vs/workbench/services/extensions/node/extensionHostProcess.js:525:315)
	at new S (/usr/share/code/resources/app/out/vs/workbench/services/extensions/node/extensionHostProcess.js:525:264)
	at new S (/usr/share/code/resources/app/out/vs/workbench/services/extensions/node/extensionHostProcess.js:511:436)
	at /home/mkasun/.vscode/extensions/golang.go-0.18.1/dist/goMain.js:15985:28
	at Array.forEach (<anonymous>)
	at convertToCodeSymbols (/home/mkasun/.vscode/extensions/golang.go-0.18.1/dist/goMain.js:15963:19)
	at /home/mkasun/.vscode/extensions/golang.go-0.18.1/dist/goMain.js:15897:16
	at Generator.next (<anonymous>)
	at fulfilled (/home/mkasun/.vscode/extensions/golang.go-0.18.1/dist/goMain.js:15874:58)
	at runMicrotasks (<anonymous>)
	at processTicksAndRejections (internal/process/task_queues.js:94:5)
[2020-11-18 09:45:08.965] [exthost] [error] [golang.go] provider FAILED
[2020-11-18 09:45:08.965] [exthost] [error] Check the console in dev tools to find errors when formatting.
[2020-11-18 10:00:01.220] [exthost] [error] [golang.go] provider FAILED
[2020-11-18 10:00:01.220] [exthost] [error] Command failed: /home/mkasun/sandbox/go/lxd-4.7/_dist/bin/godef -t -i -f /home/mkasun/sandbox/go/lxd-4.7/_dist/src/google.golang.org/api/drive/v3/drive-gen.go -o 80671

[2020-11-18 10:00:03.614] [exthost] [error] [golang.go] provider FAILED
[2020-11-18 10:00:03.614] [exthost] [error] Command failed: /home/mkasun/sandbox/go/lxd-4.7/_dist/bin/godef -t -i -f /home/mkasun/sandbox/go/lxd-4.7/_dist/src/google.golang.org/api/drive/v3/drive-gen.go -o 80662

[2020-11-18 10:00:06.377] [exthost] [error] [golang.go] provider FAILED
[2020-11-18 10:00:06.380] [exthost] [error] Error: Command failed: /home/mkasun/sandbox/go/lxd-4.7/_dist/bin/guru -json -modified describe /home/mkasun/sandbox/go/lxd-4.7/_dist/src/google.golang.org/api/drive/v3/drive-gen.go:#80663

	at ChildProcess.exithandler (child_process.js:304:12)
	at ChildProcess.emit (events.js:223:5)
	at maybeClose (internal/child_process.js:1021:16)
	at Process.ChildProcess._handle.onexit (internal/child_process.js:283:5)
[2020-11-18 10:04:36.380] [exthost] [error] [golang.go] provider FAILED
[2020-11-18 10:04:36.380] [exthost] [error] Check the console in dev tools to find errors when formatting.
[2020-11-18 10:04:50.059] [exthost] [error] [golang.go] provider FAILED
[2020-11-18 10:04:50.059] [exthost] [error] Check the console in dev tools to find errors when formatting.
[2020-11-18 10:05:28.240] [exthost] [error] [golang.go] provider FAILED
[2020-11-18 10:05:28.240] [exthost] [error] Check the console in dev tools to find errors when formatting.
