[2022-02-02 09:46:14.346] [exthost] [info] Extension host with pid 142787 started
[2022-02-02 09:46:14.394] [exthost] [info] ExtensionService#_doActivateExtension golang.go, startup: false, activationEvent: 'onLanguage:go'
[2022-02-02 09:46:14.444] [exthost] [info] ExtensionService#_doActivateExtension vscode.debug-auto-launch, startup: true, activationEvent: '*'
[2022-02-02 09:46:14.506] [exthost] [info] ExtensionService#_doActivateExtension vscode.git-base, startup: true, activationEvent: '*', root cause: vscode.github
[2022-02-02 09:46:14.523] [exthost] [info] ExtensionService#_doActivateExtension vscodevim.vim, startup: true, activationEvent: '*'
[2022-02-02 09:46:14.649] [exthost] [info] ExtensionService#_doActivateExtension vscode.git, startup: true, activationEvent: '*'
[2022-02-02 09:46:14.699] [exthost] [info] ExtensionService#_doActivateExtension vscode.github, startup: true, activationEvent: '*'
[2022-02-02 09:46:14.875] [exthost] [info] Eager extensions activated
[2022-02-02 09:46:14.922] [exthost] [info] ExtensionService#_doActivateExtension vscode.emmet, startup: false, activationEvent: 'onStartupFinished'
[2022-02-02 09:46:14.945] [exthost] [info] ExtensionService#_doActivateExtension vscode.merge-conflict, startup: false, activationEvent: 'onStartupFinished'
[2022-02-02 09:46:30.871] [exthost] [info] extension host terminating: renderer closed the socket
[2022-02-02 09:46:30.879] [exthost] [info] Extension host with pid 142787 exiting with code 0
[2022-02-02 09:46:32.728] [exthost] [info] Extension host with pid 143003 started
[2022-02-02 09:46:32.728] [exthost] [info] Skipping acquiring lock for /home/mkasun/.config/Code - OSS/User/workspaceStorage/b93fbe19c3cfbdb67657f455f104198f.
[2022-02-02 09:46:32.873] [exthost] [info] ExtensionService#_doActivateExtension vscode.debug-auto-launch, startup: true, activationEvent: '*'
[2022-02-02 09:46:32.876] [exthost] [info] ExtensionService#_doActivateExtension vscode.git-base, startup: true, activationEvent: '*', root cause: vscode.github
[2022-02-02 09:46:32.878] [exthost] [info] ExtensionService#_doActivateExtension vscodevim.vim, startup: true, activationEvent: '*'
[2022-02-02 09:46:32.958] [exthost] [info] ExtensionService#_doActivateExtension vscode.git, startup: true, activationEvent: '*'
[2022-02-02 09:46:32.977] [exthost] [info] ExtensionService#_doActivateExtension vscode.github, startup: true, activationEvent: '*'
[2022-02-02 09:46:33.146] [exthost] [info] ExtensionService#_doActivateExtension golang.go, startup: true, activationEvent: 'workspaceContains:*.go,*/*.go,*/*/*.go'
[2022-02-02 09:46:33.213] [exthost] [info] Eager extensions activated
[2022-02-02 09:46:33.248] [exthost] [info] ExtensionService#_doActivateExtension vscode.emmet, startup: false, activationEvent: 'onStartupFinished'
[2022-02-02 09:46:33.255] [exthost] [info] ExtensionService#_doActivateExtension vscode.merge-conflict, startup: false, activationEvent: 'onStartupFinished'
[2022-02-02 09:49:12.438] [exthost] [warning] TextEditor is closed/disposed
[2022-02-02 09:49:12.439] [exthost] [warning] TextEditor is closed/disposed
[2022-02-02 10:52:57.061] [exthost] [error] [golang.go] provider FAILED
[2022-02-02 10:52:57.077] [exthost] [error] Canceled: Canceled
    at LanguageClient2.makeCancelError (/home/mkasun/.vscode-oss/extensions/golang.go-0.31.0/dist/goMain.js:12133:24)
    at LanguageClient2.handleFailedRequest (/home/mkasun/.vscode-oss/extensions/golang.go-0.31.0/dist/goMain.js:12124:24)
    at /home/mkasun/.vscode-oss/extensions/golang.go-0.31.0/dist/goMain.js:10624:31
    at h.provideDocumentHighlights (/usr/lib/code/out/vs/workbench/services/extensions/node/extensionHostProcess.js:95:91846)
[2022-02-02 10:53:52.643] [exthost] [error] [golang.go] provider FAILED
[2022-02-02 10:53:52.644] [exthost] [error] Canceled: Canceled
    at LanguageClient2.makeCancelError (/home/mkasun/.vscode-oss/extensions/golang.go-0.31.0/dist/goMain.js:12133:24)
    at LanguageClient2.handleFailedRequest (/home/mkasun/.vscode-oss/extensions/golang.go-0.31.0/dist/goMain.js:12124:24)
    at /home/mkasun/.vscode-oss/extensions/golang.go-0.31.0/dist/goMain.js:10787:31
    at T.provideCodeActions (/usr/lib/code/out/vs/workbench/services/extensions/node/extensionHostProcess.js:95:93216)
[2022-02-02 10:53:53.800] [exthost] [error] [golang.go] provider FAILED
[2022-02-02 10:53:53.800] [exthost] [error] Canceled: Canceled
    at LanguageClient2.makeCancelError (/home/mkasun/.vscode-oss/extensions/golang.go-0.31.0/dist/goMain.js:12133:24)
    at LanguageClient2.handleFailedRequest (/home/mkasun/.vscode-oss/extensions/golang.go-0.31.0/dist/goMain.js:12124:24)
    at /home/mkasun/.vscode-oss/extensions/golang.go-0.31.0/dist/goMain.js:12506:31
    at Object.provideFoldingRanges (/home/mkasun/.vscode-oss/extensions/golang.go-0.31.0/dist/goMain.js:73136:24)
    at ne.provideFoldingRanges (/usr/lib/code/out/vs/workbench/services/extensions/node/extensionHostProcess.js:95:107898)
[2022-02-02 10:53:55.502] [exthost] [error] [golang.go] provider FAILED
[2022-02-02 10:53:55.503] [exthost] [error] Canceled: Canceled
    at LanguageClient2.makeCancelError (/home/mkasun/.vscode-oss/extensions/golang.go-0.31.0/dist/goMain.js:12133:24)
    at LanguageClient2.handleFailedRequest (/home/mkasun/.vscode-oss/extensions/golang.go-0.31.0/dist/goMain.js:12124:24)
    at /home/mkasun/.vscode-oss/extensions/golang.go-0.31.0/dist/goMain.js:12506:31
    at Object.provideFoldingRanges (/home/mkasun/.vscode-oss/extensions/golang.go-0.31.0/dist/goMain.js:73136:24)
    at ne.provideFoldingRanges (/usr/lib/code/out/vs/workbench/services/extensions/node/extensionHostProcess.js:95:107898)
[2022-02-02 10:54:44.666] [exthost] [error] [golang.go] provider FAILED
[2022-02-02 10:54:44.667] [exthost] [error] Error: context canceled
    at handleResponse (/home/mkasun/.vscode-oss/extensions/golang.go-0.31.0/dist/goMain.js:4366:40)
    at processMessageQueue (/home/mkasun/.vscode-oss/extensions/golang.go-0.31.0/dist/goMain.js:4204:13)
    at Immediate.<anonymous> (/home/mkasun/.vscode-oss/extensions/golang.go-0.31.0/dist/goMain.js:4190:11)
    at processImmediate (internal/timers.js:461:21)
[2022-02-02 10:54:53.634] [exthost] [error] [golang.go] provider FAILED
[2022-02-02 10:54:53.635] [exthost] [error] Canceled: Canceled
    at LanguageClient2.makeCancelError (/home/mkasun/.vscode-oss/extensions/golang.go-0.31.0/dist/goMain.js:12133:24)
    at LanguageClient2.handleFailedRequest (/home/mkasun/.vscode-oss/extensions/golang.go-0.31.0/dist/goMain.js:12124:24)
    at /home/mkasun/.vscode-oss/extensions/golang.go-0.31.0/dist/goMain.js:12506:31
    at Object.provideFoldingRanges (/home/mkasun/.vscode-oss/extensions/golang.go-0.31.0/dist/goMain.js:73136:24)
    at ne.provideFoldingRanges (/usr/lib/code/out/vs/workbench/services/extensions/node/extensionHostProcess.js:95:107898)
[2022-02-02 10:55:39.432] [exthost] [error] [golang.go] provider FAILED
[2022-02-02 10:55:39.432] [exthost] [error] Error: context canceled
    at handleResponse (/home/mkasun/.vscode-oss/extensions/golang.go-0.31.0/dist/goMain.js:4366:40)
    at processMessageQueue (/home/mkasun/.vscode-oss/extensions/golang.go-0.31.0/dist/goMain.js:4204:13)
    at Immediate.<anonymous> (/home/mkasun/.vscode-oss/extensions/golang.go-0.31.0/dist/goMain.js:4190:11)
    at processImmediate (internal/timers.js:461:21)
[2022-02-02 10:56:08.835] [exthost] [warning] TextEditor is closed/disposed
[2022-02-02 10:56:08.835] [exthost] [warning] TextEditor is closed/disposed
