[2020-11-25 19:21:15.579] [sharedprocess] [info] main {"machineId":"c5a8e7602ccb8f5703a55c747583575441ed92a91eb64420d5ea1fda1cf6872c","windowId":2}
[2020-11-25 19:21:19.116] [sharedprocess] [info] Installing extension: golang.go
[2020-11-25 19:21:19.117] [sharedprocess] [info] Installing extension: ms-python.python
[2020-11-25 19:21:19.117] [sharedprocess] [info] Installing extension: ms-toolsai.jupyter
[2020-11-25 19:21:28.063] [sharedprocess] [info] Downloaded extension: golang.go undefined
[2020-11-25 19:21:28.189] [sharedprocess] [info] Extracted extension to /home/mkasun/.vscode/extensions/.golang.go-0.19.0: golang.go
[2020-11-25 19:21:28.189] [sharedprocess] [info] Renamed to /home/mkasun/.vscode/extensions/golang.go-0.19.0
[2020-11-25 19:21:28.191] [sharedprocess] [info] Installation completed. golang.go
[2020-11-25 19:21:28.206] [sharedprocess] [info] Extensions installed successfully: golang.go
[2020-11-25 19:21:55.603] [sharedprocess] [info] Starting to clean up unused language packs.
[2020-11-25 19:22:31.688] [sharedprocess] [info] Downloaded extension: ms-python.python undefined
[2020-11-25 19:22:37.719] [sharedprocess] [info] Extracted extension to /home/mkasun/.vscode/extensions/.ms-python.python-2020.11.371526539: ms-python.python
[2020-11-25 19:22:37.719] [sharedprocess] [info] Renamed to /home/mkasun/.vscode/extensions/ms-python.python-2020.11.371526539
[2020-11-25 19:22:37.722] [sharedprocess] [info] Installation completed. ms-python.python
[2020-11-25 19:22:37.870] [sharedprocess] [info] Extensions installed successfully: ms-python.python
[2020-11-25 19:22:47.862] [sharedprocess] [info] Downloaded extension: ms-toolsai.jupyter undefined
[2020-11-25 19:22:50.241] [sharedprocess] [info] Extracted extension to /home/mkasun/.vscode/extensions/.ms-toolsai.jupyter-2020.11.372831992: ms-toolsai.jupyter
[2020-11-25 19:22:50.241] [sharedprocess] [info] Renamed to /home/mkasun/.vscode/extensions/ms-toolsai.jupyter-2020.11.372831992
[2020-11-25 19:22:50.244] [sharedprocess] [info] Installation completed. ms-toolsai.jupyter
[2020-11-25 19:22:50.258] [sharedprocess] [info] Extensions installed successfully: ms-toolsai.jupyter
