[Info  - 9:46:14 a.m.] 2022/02/02 09:46:14 go env for /home/mkasun/tmp
(root /home/mkasun/tmp)
(go version go version go1.17.6 linux/amd64)
(valid build configuration = false)
(build flags: [])
GOMOD=/dev/null
GOMODCACHE=/home/mkasun/go/pkg/mod
GONOPROXY=
GO111MODULE=
GOCACHE=/home/mkasun/.cache/go-build
GOSUMDB=sum.golang.org
GOINSECURE=
GOPATH=/home/mkasun/go
GOPRIVATE=
GOPROXY=https://proxy.golang.org,direct
GOROOT=/usr/lib/go
GOFLAGS=
GONOSUMDB=


[Info  - 9:46:14 a.m.] 2022/02/02 09:46:14 go/packages.Load
	snapshot=0
	directory=/home/mkasun/tmp
	query=[./ builtin]
	packages=2

