Starting linting the current package at /home/mkasun/netmaker/controllers
/home/mkasun/netmaker/controllers>Finished running tool: /home/mkasun/go/bin/staticcheck
/home/mkasun/netmaker/controllers/node_grpc.go:71:6 undeclared name: function (compile)

Starting linting the current package at /home/mkasun/netmaker/controllers
/home/mkasun/netmaker/controllers>Finished running tool: /home/mkasun/go/bin/staticcheck
/home/mkasun/netmaker/controllers/node_grpc.go:72:6 2-valued functions.IsMacAddressUnique() (value of type (bool, error)) where single value is expected (compile)
/home/mkasun/netmaker/controllers/node_grpc.go:72:35 not enough arguments in call to functions.IsMacAddressUnique (compile)

Starting linting the current package at /home/mkasun/netmaker/controllers
/home/mkasun/netmaker/controllers>Finished running tool: /home/mkasun/go/bin/staticcheck
/home/mkasun/netmaker/controllers/dns_test.go:152:3 this value of err is never used (SA4006)
/home/mkasun/netmaker/controllers/ext_client.go:71:2 this value of err is never used (SA4006)
/home/mkasun/netmaker/controllers/ext_client.go:71:9 New is a pure function but its return value is ignored (SA4017)
/home/mkasun/netmaker/controllers/ext_client.go:71:9 error strings should not be capitalized (ST1005)
/home/mkasun/netmaker/controllers/network.go:44:2 this value of err is never used (SA4006)
/home/mkasun/netmaker/controllers/network.go:44:9 New is a pure function but its return value is ignored (SA4017)
/home/mkasun/netmaker/controllers/network.go:44:9 error strings should not be capitalized (ST1005)
/home/mkasun/netmaker/controllers/network_test.go:14:2 field testname is unused (U1000)
/home/mkasun/netmaker/controllers/node.go:566:3 this value of err is never used (SA4006)
/home/mkasun/netmaker/controllers/node_grpc.go:72:2 this value of err is never used (SA4006)
/home/mkasun/netmaker/controllers/response_test.go:40:6 func testReturnErrorResponse is unused (U1000)
/home/mkasun/netmaker/controllers/security.go:56:66 error should be returned as the last argument (ST1008)
/home/mkasun/netmaker/controllers/user.go:59:54 error strings should not be capitalized (ST1005)
/home/mkasun/netmaker/controllers/user.go:284:41 error strings should not end with punctuation or a newline (ST1005)

Starting linting the current package at /home/mkasun/netmaker/controllers
/home/mkasun/netmaker/controllers>Finished running tool: /home/mkasun/go/bin/staticcheck
/home/mkasun/netmaker/controllers/dns_test.go:152:3 this value of err is never used (SA4006)
/home/mkasun/netmaker/controllers/ext_client.go:71:2 this value of err is never used (SA4006)
/home/mkasun/netmaker/controllers/ext_client.go:71:9 New is a pure function but its return value is ignored (SA4017)
/home/mkasun/netmaker/controllers/ext_client.go:71:9 error strings should not be capitalized (ST1005)
/home/mkasun/netmaker/controllers/network.go:44:2 this value of err is never used (SA4006)
/home/mkasun/netmaker/controllers/network.go:44:9 New is a pure function but its return value is ignored (SA4017)
/home/mkasun/netmaker/controllers/network.go:44:9 error strings should not be capitalized (ST1005)
/home/mkasun/netmaker/controllers/network_test.go:14:2 field testname is unused (U1000)
/home/mkasun/netmaker/controllers/node.go:566:3 this value of err is never used (SA4006)
/home/mkasun/netmaker/controllers/response_test.go:40:6 func testReturnErrorResponse is unused (U1000)
/home/mkasun/netmaker/controllers/security.go:56:66 error should be returned as the last argument (ST1008)
/home/mkasun/netmaker/controllers/user.go:59:54 error strings should not be capitalized (ST1005)
/home/mkasun/netmaker/controllers/user.go:284:41 error strings should not end with punctuation or a newline (ST1005)

Starting linting the current package at /home/mkasun/netmaker/netclient/functions
/home/mkasun/netmaker/netclient/functions>Finished running tool: /home/mkasun/go/bin/staticcheck
/home/mkasun/netmaker/netclient/functions/daemon.go:572:6 func shouldResub is unused (U1000)

Starting linting the current package at /home/mkasun/netmaker/netclient/functions
/home/mkasun/netmaker/netclient/functions>Finished running tool: /home/mkasun/go/bin/staticcheck
/home/mkasun/netmaker/netclient/functions/daemon.go:573:6 func shouldResub is unused (U1000)

Starting linting the current package at /home/mkasun/netmaker/netclient/functions
/home/mkasun/netmaker/netclient/functions>Finished running tool: /home/mkasun/go/bin/staticcheck
/home/mkasun/netmaker/netclient/functions/daemon.go:574:6 func shouldResub is unused (U1000)

Starting linting the current package at /home/mkasun/netmaker/netclient/functions
/home/mkasun/netmaker/netclient/functions>Finished running tool: /home/mkasun/go/bin/staticcheck
/home/mkasun/netmaker/netclient/functions/daemon.go:40:6 func read is unused (U1000)
/home/mkasun/netmaker/netclient/functions/daemon.go:574:6 func shouldResub is unused (U1000)

Starting linting the current package at /home/mkasun/netmaker/controllers
/home/mkasun/netmaker/controllers>Finished running tool: /home/mkasun/go/bin/staticcheck
/home/mkasun/netmaker/controllers/dns_test.go:152:3 this value of err is never used (SA4006)
/home/mkasun/netmaker/controllers/ext_client.go:71:2 this value of err is never used (SA4006)
/home/mkasun/netmaker/controllers/ext_client.go:71:9 New is a pure function but its return value is ignored (SA4017)
/home/mkasun/netmaker/controllers/ext_client.go:71:9 error strings should not be capitalized (ST1005)
/home/mkasun/netmaker/controllers/network.go:44:2 this value of err is never used (SA4006)
/home/mkasun/netmaker/controllers/network.go:44:9 New is a pure function but its return value is ignored (SA4017)
/home/mkasun/netmaker/controllers/network.go:44:9 error strings should not be capitalized (ST1005)
/home/mkasun/netmaker/controllers/network_test.go:14:2 field testname is unused (U1000)
/home/mkasun/netmaker/controllers/node.go:566:3 this value of err is never used (SA4006)
/home/mkasun/netmaker/controllers/response_test.go:40:6 func testReturnErrorResponse is unused (U1000)
/home/mkasun/netmaker/controllers/security.go:56:66 error should be returned as the last argument (ST1008)
/home/mkasun/netmaker/controllers/user.go:59:54 error strings should not be capitalized (ST1005)
/home/mkasun/netmaker/controllers/user.go:284:41 error strings should not end with punctuation or a newline (ST1005)

