[2022-02-02 16:23:18.531] [renderer1] [error] [Extension Host] (node:155938) [DEP0005] DeprecationWarning: Buffer() is deprecated due to security and usability issues. Please use the Buffer.alloc(), Buffer.allocUnsafe(), or Buffer.from() methods instead.
(Use `electron --trace-deprecation ...` to show where the warning was created)
[2022-02-02 16:23:20.656] [renderer1] [error] context canceled: Error: context canceled
    at handleResponse (/home/mkasun/.vscode-oss/extensions/golang.go-0.31.0/dist/goMain.js:4366:40)
    at processMessageQueue (/home/mkasun/.vscode-oss/extensions/golang.go-0.31.0/dist/goMain.js:4204:13)
    at Immediate.<anonymous> (/home/mkasun/.vscode-oss/extensions/golang.go-0.31.0/dist/goMain.js:4190:11)
    at processImmediate (internal/timers.js:461:21)
[2022-02-02 16:31:38.402] [renderer1] [error] context canceled: Error: context canceled
    at handleResponse (/home/mkasun/.vscode-oss/extensions/golang.go-0.31.0/dist/goMain.js:4366:40)
    at processMessageQueue (/home/mkasun/.vscode-oss/extensions/golang.go-0.31.0/dist/goMain.js:4204:13)
    at Immediate.<anonymous> (/home/mkasun/.vscode-oss/extensions/golang.go-0.31.0/dist/goMain.js:4190:11)
    at processImmediate (internal/timers.js:461:21)
[2022-02-02 16:32:59.852] [renderer1] [error] context canceled: Error: context canceled
    at handleResponse (/home/mkasun/.vscode-oss/extensions/golang.go-0.31.0/dist/goMain.js:4366:40)
    at processMessageQueue (/home/mkasun/.vscode-oss/extensions/golang.go-0.31.0/dist/goMain.js:4204:13)
    at Immediate.<anonymous> (/home/mkasun/.vscode-oss/extensions/golang.go-0.31.0/dist/goMain.js:4190:11)
    at processImmediate (internal/timers.js:461:21)
[2022-02-03 04:56:39.405] [renderer1] [error] context canceled: Error: context canceled
    at handleResponse (/home/mkasun/.vscode-oss/extensions/golang.go-0.31.0/dist/goMain.js:4366:40)
    at processMessageQueue (/home/mkasun/.vscode-oss/extensions/golang.go-0.31.0/dist/goMain.js:4204:13)
    at Immediate.<anonymous> (/home/mkasun/.vscode-oss/extensions/golang.go-0.31.0/dist/goMain.js:4190:11)
    at processImmediate (internal/timers.js:461:21)
[2022-02-03 04:59:26.425] [renderer1] [error] context canceled: Error: context canceled
    at handleResponse (/home/mkasun/.vscode-oss/extensions/golang.go-0.31.0/dist/goMain.js:4366:40)
    at processMessageQueue (/home/mkasun/.vscode-oss/extensions/golang.go-0.31.0/dist/goMain.js:4204:13)
    at Immediate.<anonymous> (/home/mkasun/.vscode-oss/extensions/golang.go-0.31.0/dist/goMain.js:4190:11)
    at processImmediate (internal/timers.js:461:21)
