[138492][1605544828835][main][info]["Booting Postman 7.34.0, linux-5.4.0-53-generic on x64"]
[138492][1605544828839][main][info]["EventBus~initialize - Success"]
[138492][1605544828843][main][warn]["CloudProxyManager~init: Error while reading proxy configuration from user data - ",{"errno":-2,"code":"ENOENT","syscall":"open","path":"/home/mkasun/.config/Postman/Postman_Config/proxy","name":"Error","message":"ENOENT: no such file or directory, open '/home/mkasun/.config/Postman/Postman_Config/proxy'","stack":"Error: ENOENT: no such file or directory, open '/home/mkasun/.config/Postman/Postman_Config/proxy'"}]
[138492][1605544828844][main][info]["CloudProxyManager~init - Success"]
[138492][1605544828853][main][info]["UpdateHandler~init - Success"]
[138492][1605544829159][main][info]["RuntimeIPCAgent~started: Success"]
[138492][1605544829281][main][info]["LinuxAutoUpdater~Cleanup - Initial cleanup successful"]
[138492][1605544829343][main][warn]["main~populateInstallationId: Failed to get installationId from appSettings but with no error"]
[138492][1605544829391][main][info]["Bootstrap-models~bootstrap - Success"]
[138492][1605544829581][main][info]["window-manager~newSharedWindow: Shell loaded"]
[138492][1605544832972][main][info]["Main~AppEvents - Received booted event for process shared"]
[138492][1605544835357][main][info]["UpdateHandler~app-update-events - Received event",{"name":"checkForElectronVersionUpdated","namespace":"appUpdate"}]
[138492][1605544835376][main][info]["Main~AppEvents - Received booted event for process requester"]
[138492][1605545284420][main][info]["Main~AppEvents - Received booted event for process runner"]
[138492][1605552540549][main][info]["Main~AppEvents - Received booted event for process runner"]
[138492][1605552541963][main][info]["Quitting app"]
[148256][1605558217980][main][info]["Booting Postman 7.34.0, linux-5.4.0-53-generic on x64"]
[148256][1605558217983][main][info]["EventBus~initialize - Success"]
[148256][1605558217985][main][warn]["CloudProxyManager~init: Error while reading proxy configuration from user data - ",{"errno":-2,"code":"ENOENT","syscall":"open","path":"/home/mkasun/.config/Postman/Postman_Config/proxy","name":"Error","message":"ENOENT: no such file or directory, open '/home/mkasun/.config/Postman/Postman_Config/proxy'","stack":"Error: ENOENT: no such file or directory, open '/home/mkasun/.config/Postman/Postman_Config/proxy'"}]
[148256][1605558217985][main][info]["CloudProxyManager~init - Success"]
[148256][1605558217991][main][info]["UpdateHandler~init - Success"]
[148256][1605558218335][main][info]["RuntimeIPCAgent~started: Success"]
[148256][1605558218511][main][info]["LinuxAutoUpdater~Cleanup - Initial cleanup successful"]
[148256][1605558218588][main][info]["Bootstrap-models~bootstrap - Success"]
[148256][1605558218826][main][info]["window-manager~newSharedWindow: Shell loaded"]
[148256][1605558221651][main][info]["Main~AppEvents - Received booted event for process shared"]
[148256][1605558225891][main][info]["Main~AppEvents - Received booted event for process runner"]
[148256][1605558226065][main][info]["Main~AppEvents - Received booted event for process runner"]
[148256][1605558226084][main][info]["UpdateHandler~app-update-events - Received event",{"name":"checkForElectronVersionUpdated","namespace":"appUpdate"}]
[148256][1605558226090][main][info]["Main~AppEvents - Received booted event for process requester"]
[148256][1605558245665][main][info]["WindowManager~closeHandler - Closed Window (id: 4 )"]
[148256][1605558248601][main][info]["WindowManager~closeHandler - Closed Window (id: 5 )"]
[148256][1605558649577][main][info]["Quitting app"]
[148784][1605558776241][main][info]["Booting Postman 7.34.0, linux-5.4.0-53-generic on x64"]
[148784][1605558776244][main][info]["EventBus~initialize - Success"]
[148784][1605558776246][main][warn]["CloudProxyManager~init: Error while reading proxy configuration from user data - ",{"errno":-2,"code":"ENOENT","syscall":"open","path":"/home/mkasun/.config/Postman/Postman_Config/proxy","name":"Error","message":"ENOENT: no such file or directory, open '/home/mkasun/.config/Postman/Postman_Config/proxy'","stack":"Error: ENOENT: no such file or directory, open '/home/mkasun/.config/Postman/Postman_Config/proxy'"}]
[148784][1605558776247][main][info]["CloudProxyManager~init - Success"]
[148784][1605558776252][main][info]["UpdateHandler~init - Success"]
[148784][1605558776505][main][info]["RuntimeIPCAgent~started: Success"]
[148784][1605558776624][main][info]["LinuxAutoUpdater~Cleanup - Initial cleanup successful"]
[148784][1605558776708][main][info]["Bootstrap-models~bootstrap - Success"]
[148784][1605558776867][main][info]["window-manager~newSharedWindow: Shell loaded"]
[148784][1605558779635][main][info]["Main~AppEvents - Received booted event for process shared"]
[148784][1605558781981][main][info]["UpdateHandler~app-update-events - Received event",{"name":"checkForElectronVersionUpdated","namespace":"appUpdate"}]
[148784][1605558781997][main][info]["Main~AppEvents - Received booted event for process requester"]
[148784][1605565824904][main][info]["Main~AppEvents - Received booted event for process runner"]
[148784][1605565832400][main][info]["WindowManager~closeHandler - Closed Window (id: 4 )"]
[148784][1605622030330][main][info]["Quitting app"]
[163189][1606145536912][main][info]["Booting Postman 7.34.0, linux-5.4.0-54-generic on x64"]
[163189][1606145536916][main][info]["EventBus~initialize - Success"]
[163189][1606145536918][main][warn]["CloudProxyManager~init: Error while reading proxy configuration from user data - ",{"errno":-2,"code":"ENOENT","syscall":"open","path":"/home/mkasun/.config/Postman/Postman_Config/proxy","name":"Error","message":"ENOENT: no such file or directory, open '/home/mkasun/.config/Postman/Postman_Config/proxy'","stack":"Error: ENOENT: no such file or directory, open '/home/mkasun/.config/Postman/Postman_Config/proxy'"}]
[163189][1606145536919][main][info]["CloudProxyManager~init - Success"]
[163189][1606145536926][main][info]["UpdateHandler~init - Success"]
[163189][1606145537304][main][info]["RuntimeIPCAgent~started: Success"]
[163189][1606145537525][main][info]["LinuxAutoUpdater~Cleanup - Initial cleanup successful"]
[163189][1606145537600][main][info]["Bootstrap-models~bootstrap - Success"]
[163189][1606145537895][main][info]["window-manager~newSharedWindow: Shell loaded"]
[163189][1606145541410][main][info]["Main~AppEvents - Received booted event for process shared"]
[163189][1606145544596][main][info]["UpdateHandler~app-update-events - Received event",{"name":"checkForElectronVersionUpdated","namespace":"appUpdate"}]
[163189][1606145544640][main][info]["Main~AppEvents - Received booted event for process requester"]
[163189][1606145554946][main][info]["UpdateHandler~app-update-events - Received event",{"data":{"additionalParamsString":"installationId=5bf26729-c1f1-4fcc-8509-aec0d804c72c&userId=13508600&syncEnabled=true&teamPlan=","appId":"5bf26729-c1f1-4fcc-8509-aec0d804c72c","arch":"64","channel":"stable","downloadURL":"https://dl.pstmn.io/download/version/7.36.0/linux_64","downloadVersion":"7.36.0","platform":"LINUX","updateServerDomain":"https://dl.pstmn.io/","userAgent":"Mozilla/5.0 (X11; Linux x86_64) AppleWebKit/537.36 (KHTML, like Gecko) Postman/7.34.0 Chrome/78.0.3904.130 Electron/7.3.2 Safari/537.36","userId":"13508600","version":"7.34.0"},"name":"updateElectron","namespace":"appUpdate"}]
[163189][1606145554947][main][info]["LinuxUpdater~downloadUpdate - UpdateInfo received",{"additionalParamsString":"installationId=5bf26729-c1f1-4fcc-8509-aec0d804c72c&userId=13508600&syncEnabled=true&teamPlan=","appId":"5bf26729-c1f1-4fcc-8509-aec0d804c72c","arch":"64","channel":"stable","downloadURL":"https://dl.pstmn.io/download/version/7.36.0/linux_64","downloadVersion":"7.36.0","platform":"LINUX","updateServerDomain":"https://dl.pstmn.io/","userAgent":"Mozilla/5.0 (X11; Linux x86_64) AppleWebKit/537.36 (KHTML, like Gecko) Postman/7.34.0 Chrome/78.0.3904.130 Electron/7.3.2 Safari/537.36","userId":"13508600","version":"7.34.0"}]
[163189][1606145783433][main][info]["@postman/app-updater: Update updateDownloaded","","Postman","","https://dl.pstmn.io/download/version/7.36.0/linux_64","7.36.0"]
[163189][1606145783436][main][info]["UpdateHandler~app-update-events - Received event",{"name":"electronAppUpdateDownloaded","namespace":"appUpdate","data":{"name":"Postman","notes":"","date":"","URL":"https://dl.pstmn.io/download/version/7.36.0/linux_64","downloadVersion":"7.36.0"}}]
[163189][1606146318540][main][info]["Quitting app"]
[163189][1606146318628][main][info]["Applying update and quit the app"]
[163189][1606146318629][main][info]["@postman/app-updater: quitting app to update"]
[163189][1606146318630][main][info]["LinuxAutoUpdater~quitAndInstall - Initiated"]
[163189][1606146318636][main][info]["LinuxAutoUpdater~quitAndInstall - Quitting for update"]
[220794][1606220402550][main][info]["Booting Postman 7.36.0, linux-5.4.0-54-generic on x64"]
[220794][1606220402553][main][info]["EventBus~initialize - Success"]
[220794][1606220402556][main][warn]["CloudProxyManager~init: Error while reading proxy configuration from user data - ",{"errno":-2,"code":"ENOENT","syscall":"open","path":"/home/mkasun/.config/Postman/Postman_Config/proxy","name":"Error","message":"ENOENT: no such file or directory, open '/home/mkasun/.config/Postman/Postman_Config/proxy'","stack":"Error: ENOENT: no such file or directory, open '/home/mkasun/.config/Postman/Postman_Config/proxy'"}]
[220794][1606220402557][main][info]["CloudProxyManager~init - Success"]
[220794][1606220402563][main][info]["UpdateHandler~init - Success"]
[220794][1606220402926][main][info]["RuntimeIPCAgent~started: Success"]
[220794][1606220404103][main][info]["window-manager~newSharedWindow: Shell loaded"]
[220794][1606220405306][main][info]["LinuxAutoUpdater~Cleanup - Initial cleanup successful"]
[220794][1606220405314][main][info]["Bootstrap-models~bootstrap - Success"]
[220794][1606220408560][main][info]["Main~AppEvents - Received booted event for process shared"]
[220794][1606220412184][main][info]["UpdateHandler~app-update-events - Received event",{"name":"checkForElectronVersionUpdated","namespace":"appUpdate"}]
[220794][1606220412202][main][info]["@postman/app-updater: version Updated","7.34.0","7.36.0"]
[220794][1606220412203][main][info]["UpdateHandler~app-update-events - Received event",{"name":"electronVersionUpdated","namespace":"appUpdate","data":{"lastKnownVersion":"7.34.0","currentVersion":"7.36.0"}}]
[220794][1606220412218][main][info]["Main~AppEvents - Received booted event for process requester"]
[220794][1606224809499][main][info]["Quitting app"]
