[138492][1605544829557][shell][info]["EventBus~initialize - Success"]
[138492][1605544829568][shell][info]["bootShellCrashReporter~ Success"]
[138492][1605544829570][shell][info]["shellController~init: Success"]
[138492][1605544829570][shell][info]["shellMeta~init: Success"]
[138492][1605544829589][shell][info]["init~setViewAttributes - Initializing view with opts:",{"devtools":false,"id":2,"startTime":1605544829227,"type":"shared","partitionId":"default"}]
[138492][1605544829591][shell][info]["init~setViewAttributes - Success"]
[138492][1605544833237][shell][info]["EventBus~initialize - Success"]
[138492][1605544833245][shell][info]["bootShellCrashReporter~ Success"]
[138492][1605544833247][shell][info]["shellController~init: Success"]
[138492][1605544833248][shell][info]["shellMeta~init: Success"]
[138492][1605544833264][shell][info]["init~setViewAttributes - Initializing view with opts:",{"allIds":[4],"devtools":false,"id":4,"primaryId":4,"startTime":1605544833011,"type":"requester","partitionId":"default"}]
[138492][1605544833266][shell][info]["init~setViewAttributes - Success"]
[138492][1605545282409][shell][info]["EventBus~initialize - Success"]
[138492][1605545282418][shell][info]["bootShellCrashReporter~ Success"]
[138492][1605545282419][shell][info]["shellController~init: Success"]
[138492][1605545282420][shell][info]["shellMeta~init: Success"]
[138492][1605545282435][shell][info]["init~setViewAttributes - Initializing view with opts:",{"devtools":false,"id":5,"startTime":1605545282171,"type":"runner","partitionId":"default"}]
[138492][1605545282436][shell][info]["init~setViewAttributes - Success"]
[138492][1605552538404][shell][info]["EventBus~initialize - Success"]
[138492][1605552538412][shell][info]["bootShellCrashReporter~ Success"]
[138492][1605552538414][shell][info]["shellController~init: Success"]
[138492][1605552538414][shell][info]["shellMeta~init: Success"]
[138492][1605552538441][shell][info]["init~setViewAttributes - Initializing view with opts:",{"devtools":false,"id":6,"startTime":1605552538186,"type":"runner","partitionId":"default"}]
[138492][1605552538442][shell][info]["init~setViewAttributes - Success"]
[148256][1605558218801][shell][info]["EventBus~initialize - Success"]
[148256][1605558218814][shell][info]["bootShellCrashReporter~ Success"]
[148256][1605558218816][shell][info]["shellController~init: Success"]
[148256][1605558218816][shell][info]["shellMeta~init: Success"]
[148256][1605558218832][shell][info]["init~setViewAttributes - Initializing view with opts:",{"devtools":false,"id":2,"startTime":1605558218442,"type":"shared","partitionId":"default"}]
[148256][1605558218834][shell][info]["init~setViewAttributes - Success"]
[148256][1605558222257][shell][info]["EventBus~initialize - Success"]
[148256][1605558222267][shell][info]["bootShellCrashReporter~ Success"]
[148256][1605558222269][shell][info]["shellController~init: Success"]
[148256][1605558222270][shell][info]["shellMeta~init: Success"]
[148256][1605558222286][shell][info]["init~setViewAttributes - Initializing view with opts:",{"devtools":false,"id":4,"startTime":1605558221721,"type":"runner","partitionId":"default"}]
[148256][1605558222287][shell][info]["init~setViewAttributes - Success"]
[148256][1605558222282][shell][info]["EventBus~initialize - Success"]
[148256][1605558222296][shell][info]["bootShellCrashReporter~ Success"]
[148256][1605558222298][shell][info]["shellController~init: Success"]
[148256][1605558222299][shell][info]["shellMeta~init: Success"]
[148256][1605558222333][shell][info]["init~setViewAttributes - Initializing view with opts:",{"devtools":false,"id":5,"startTime":1605558221749,"type":"runner","partitionId":"default"}]
[148256][1605558222335][shell][info]["init~setViewAttributes - Success"]
[148256][1605558222333][shell][info]["EventBus~initialize - Success"]
[148256][1605558222348][shell][info]["bootShellCrashReporter~ Success"]
[148256][1605558222350][shell][info]["shellController~init: Success"]
[148256][1605558222350][shell][info]["shellMeta~init: Success"]
[148256][1605558222382][shell][info]["init~setViewAttributes - Initializing view with opts:",{"allIds":[3,4,5],"devtools":false,"id":3,"primaryId":3,"startTime":1605558221695,"type":"requester","partitionId":"default"}]
[148256][1605558222384][shell][info]["init~setViewAttributes - Success"]
[148784][1605558776848][shell][info]["EventBus~initialize - Success"]
[148784][1605558776856][shell][info]["bootShellCrashReporter~ Success"]
[148784][1605558776858][shell][info]["shellController~init: Success"]
[148784][1605558776859][shell][info]["shellMeta~init: Success"]
[148784][1605558776874][shell][info]["init~setViewAttributes - Initializing view with opts:",{"devtools":false,"id":2,"startTime":1605558776567,"type":"shared","partitionId":"default"}]
[148784][1605558776875][shell][info]["init~setViewAttributes - Success"]
[148784][1605558779925][shell][info]["EventBus~initialize - Success"]
[148784][1605558779933][shell][info]["bootShellCrashReporter~ Success"]
[148784][1605558779934][shell][info]["shellController~init: Success"]
[148784][1605558779935][shell][info]["shellMeta~init: Success"]
[148784][1605558779950][shell][info]["init~setViewAttributes - Initializing view with opts:",{"allIds":[3],"devtools":false,"id":3,"primaryId":3,"startTime":1605558779689,"type":"requester","partitionId":"default"}]
[148784][1605558779951][shell][info]["init~setViewAttributes - Success"]
[148784][1605565822798][shell][info]["EventBus~initialize - Success"]
[148784][1605565822806][shell][info]["bootShellCrashReporter~ Success"]
[148784][1605565822807][shell][info]["shellController~init: Success"]
[148784][1605565822807][shell][info]["shellMeta~init: Success"]
[148784][1605565822821][shell][info]["init~setViewAttributes - Initializing view with opts:",{"devtools":false,"id":4,"startTime":1605565822546,"type":"runner","partitionId":"default"}]
[148784][1605565822822][shell][info]["init~setViewAttributes - Success"]
[163189][1606145537853][shell][info]["EventBus~initialize - Success"]
[163189][1606145537876][shell][info]["bootShellCrashReporter~ Success"]
[163189][1606145537879][shell][info]["shellController~init: Success"]
[163189][1606145537879][shell][info]["shellMeta~init: Success"]
[163189][1606145537905][shell][info]["init~setViewAttributes - Initializing view with opts:",{"devtools":false,"id":2,"startTime":1606145537414,"type":"shared","partitionId":"default"}]
[163189][1606145537907][shell][info]["init~setViewAttributes - Success"]
[163189][1606145541798][shell][info]["EventBus~initialize - Success"]
[163189][1606145541806][shell][info]["bootShellCrashReporter~ Success"]
[163189][1606145541808][shell][info]["shellController~init: Success"]
[163189][1606145541808][shell][info]["shellMeta~init: Success"]
[163189][1606145541825][shell][info]["init~setViewAttributes - Initializing view with opts:",{"allIds":[3],"devtools":false,"id":3,"primaryId":3,"startTime":1606145541464,"type":"requester","partitionId":"default"}]
[163189][1606145541828][shell][info]["init~setViewAttributes - Success"]
[220794][1606220404043][shell][info]["EventBus~initialize - Success"]
[220794][1606220404069][shell][info]["bootShellCrashReporter~ Success"]
[220794][1606220404071][shell][info]["shellController~init: Success"]
[220794][1606220404074][shell][info]["shellMeta~init: Success"]
[220794][1606220404136][shell][info]["init~setViewAttributes - Initializing view with opts:",{"devtools":false,"id":2,"startTime":1606220403027,"type":"shared","partitionId":"default"}]
[220794][1606220404139][shell][info]["init~setViewAttributes - Success"]
[220794][1606220409023][shell][info]["EventBus~initialize - Success"]
[220794][1606220409033][shell][info]["bootShellCrashReporter~ Success"]
[220794][1606220409035][shell][info]["shellController~init: Success"]
[220794][1606220409035][shell][info]["shellMeta~init: Success"]
[220794][1606220409049][shell][info]["init~setViewAttributes - Initializing view with opts:",{"allIds":[3],"devtools":false,"id":3,"primaryId":3,"startTime":1606220408630,"type":"requester","partitionId":"default"}]
[220794][1606220409050][shell][info]["init~setViewAttributes - Success"]
