[138492][1605545284254][runner][info]["EventBus~initialize - Success"]
[138492][1605545284256][runner][info]["Messaging~boot - Success"]
[138492][1605545284264][runner][info]["bootCrashReporter~ Success"]
[138492][1605545284266][runner][info]["Telemetry~boot - Success"]
[138492][1605545284266][runner][info]["bootConfigurations~initialize - Success"]
[138492][1605545284268][runner][info]["Settings~boot - Success"]
[138492][1605545284314][runner][info]["bootstrapModels - Success"]
[138492][1605545284315][runner][info]["WLModels~boot - Success"]
[138492][1605545284331][runner][info]["AppModels~boot - Success"]
[138492][1605545284391][runner][info]["Session~boot - Success"]
[138492][1605545284393][runner][info]["ThemeManager~boot - Success"]
[138492][1605545284394][runner][info]["Store~boot - Success"]
[138492][1605545284396][runner][info]["Shortcuts~boot - Success"]
[138492][1605545284396][runner][info]["SyncProxy~boot - Success"]
[138492][1605545284407][runner][info]["NewConsole~boot - Success"]
[138492][1605545284418][runner][info]["Runner~boot - Success"]
[138492][1605545284418][runner][info]["booted - runner"]
[138492][1605545284535][runner][info]["SessionValidation - Registering listener"]
[138492][1605552540254][runner][info]["EventBus~initialize - Success"]
[138492][1605552540256][runner][info]["Messaging~boot - Success"]
[138492][1605552540264][runner][info]["bootCrashReporter~ Success"]
[138492][1605552540265][runner][info]["Telemetry~boot - Success"]
[138492][1605552540266][runner][info]["bootConfigurations~initialize - Success"]
[138492][1605552540269][runner][info]["Settings~boot - Success"]
[138492][1605552540451][runner][info]["bootstrapModels - Success"]
[138492][1605552540452][runner][info]["WLModels~boot - Success"]
[138492][1605552540469][runner][info]["AppModels~boot - Success"]
[138492][1605552540522][runner][info]["Session~boot - Success"]
[138492][1605552540525][runner][info]["ThemeManager~boot - Success"]
[138492][1605552540526][runner][info]["Store~boot - Success"]
[138492][1605552540528][runner][info]["Shortcuts~boot - Success"]
[138492][1605552540528][runner][info]["SyncProxy~boot - Success"]
[138492][1605552540537][runner][info]["NewConsole~boot - Success"]
[138492][1605552540547][runner][info]["Runner~boot - Success"]
[138492][1605552540548][runner][info]["booted - runner"]
[138492][1605552540653][runner][info]["SessionValidation - Registering listener"]
[148256][1605558225565][runner][info]["EventBus~initialize - Success"]
[148256][1605558225568][runner][info]["Messaging~boot - Success"]
[148256][1605558225584][runner][info]["bootCrashReporter~ Success"]
[148256][1605558225585][runner][info]["Telemetry~boot - Success"]
[148256][1605558225587][runner][info]["bootConfigurations~initialize - Success"]
[148256][1605558225590][runner][info]["Settings~boot - Success"]
[148256][1605558225692][runner][info]["bootstrapModels - Success"]
[148256][1605558225693][runner][info]["WLModels~boot - Success"]
[148256][1605558225739][runner][info]["AppModels~boot - Success"]
[148256][1605558225805][runner][info]["Session~boot - Success"]
[148256][1605558225808][runner][info]["ThemeManager~boot - Success"]
[148256][1605558225812][runner][info]["Store~boot - Success"]
[148256][1605558225817][runner][info]["Shortcuts~boot - Success"]
[148256][1605558225818][runner][info]["SyncProxy~boot - Success"]
[148256][1605558225842][runner][info]["NewConsole~boot - Success"]
[148256][1605558225878][runner][info]["Runner~boot - Success"]
[148256][1605558225784][runner][info]["EventBus~initialize - Success"]
[148256][1605558225786][runner][info]["Messaging~boot - Success"]
[148256][1605558225798][runner][info]["bootCrashReporter~ Success"]
[148256][1605558225801][runner][info]["Telemetry~boot - Success"]
[148256][1605558225802][runner][info]["bootConfigurations~initialize - Success"]
[148256][1605558225805][runner][info]["Settings~boot - Success"]
[148256][1605558225901][runner][info]["bootstrapModels - Success"]
[148256][1605558225902][runner][info]["WLModels~boot - Success"]
[148256][1605558225939][runner][info]["AppModels~boot - Success"]
[148256][1605558226004][runner][info]["Session~boot - Success"]
[148256][1605558226007][runner][info]["ThemeManager~boot - Success"]
[148256][1605558226008][runner][info]["Store~boot - Success"]
[148256][1605558226013][runner][info]["Shortcuts~boot - Success"]
[148256][1605558226014][runner][info]["SyncProxy~boot - Success"]
[148256][1605558226032][runner][info]["NewConsole~boot - Success"]
[148256][1605558226053][runner][info]["Runner~boot - Success"]
[148256][1605558225883][runner][info]["booted - runner"]
[148256][1605558226050][runner][info]["SessionValidation - Registering listener"]
[148256][1605558226054][runner][info]["booted - runner"]
[148256][1605558226253][runner][info]["SessionValidation - Registering listener"]
[148784][1605565824620][runner][info]["EventBus~initialize - Success"]
[148784][1605565824622][runner][info]["Messaging~boot - Success"]
[148784][1605565824630][runner][info]["bootCrashReporter~ Success"]
[148784][1605565824631][runner][info]["Telemetry~boot - Success"]
[148784][1605565824632][runner][info]["bootConfigurations~initialize - Success"]
[148784][1605565824634][runner][info]["Settings~boot - Success"]
[148784][1605565824810][runner][info]["bootstrapModels - Success"]
[148784][1605565824810][runner][info]["WLModels~boot - Success"]
[148784][1605565824825][runner][info]["AppModels~boot - Success"]
[148784][1605565824877][runner][info]["Session~boot - Success"]
[148784][1605565824880][runner][info]["ThemeManager~boot - Success"]
[148784][1605565824880][runner][info]["Store~boot - Success"]
[148784][1605565824883][runner][info]["Shortcuts~boot - Success"]
[148784][1605565824884][runner][info]["SyncProxy~boot - Success"]
[148784][1605565824894][runner][info]["NewConsole~boot - Success"]
[148784][1605565824903][runner][info]["Runner~boot - Success"]
[148784][1605565824903][runner][info]["booted - runner"]
[148784][1605565825008][runner][info]["SessionValidation - Registering listener"]
