[138492][1605544835196][requester][info]["EventBus~initialize - Success"]
[138492][1605544835198][requester][info]["Messaging~boot - Success"]
[138492][1605544835206][requester][info]["bootCrashReporter~ Success"]
[138492][1605544835207][requester][info]["Telemetry~boot - Success"]
[138492][1605544835208][requester][info]["bootConfigurations~initialize - Success"]
[138492][1605544835210][requester][info]["Settings~boot - Success"]
[138492][1605544835257][requester][info]["bootstrapModels - Success"]
[138492][1605544835258][requester][info]["WLModels~boot - Success"]
[138492][1605544835317][requester][info]["Session~boot - Success"]
[138492][1605544835319][requester][info]["IndependentServices~boot - Success"]
[138492][1605544835332][requester][info]["AppModels~boot - Success"]
[138492][1605544835335][requester][info]["DBWatcher~boot - Success"]
[138492][1605544835337][requester][info]["ThemeManager~boot - Success"]
[138492][1605544835338][requester][info]["Store~boot - Success"]
[138492][1605544835340][requester][info]["Shortcuts~boot - Success"]
[138492][1605544835341][requester][info]["SyncProxy~boot - Success"]
[138492][1605544835348][requester][info]["NewConsole~boot - Success"]
[138492][1605544835354][requester][info]["APIDevInterface~boot - Success"]
[138492][1605544835365][requester][info]["Requester~boot - Success"]
[138492][1605544835366][requester][info]["booted - requester"]
[138492][1605544835412][requester][warn]["CloudProxyHandler: Error while reading proxy configuration from user data - ",{"errno":-2,"code":"ENOENT","syscall":"open","path":"/home/mkasun/.config/Postman/Postman_Config/proxy","name":"Error","message":"ENOENT: no such file or directory, open '/home/mkasun/.config/Postman/Postman_Config/proxy'","stack":"Error: ENOENT: no such file or directory, open '/home/mkasun/.config/Postman/Postman_Config/proxy'"}]
[138492][1605544836197][requester][info]["SessionValidation - Registering listener"]
[138492][1605544836207][requester][warn]["FeatureFlagsStore~updateFlags: Could not find feature flags",{"error":{"message":"SyncRequestService\\x7erequestListener: Could not fetch from sync. Socket not connected."}}]
[138492][1605544869175][requester][warn]["Failed to subscribe to workspace for all APIs",{"name":"Error","message":"","stack":"Error\n    at SafeSubscriber._next (file:///home/mkasun/sandbox/Postman/app/resources/app/js/vendor-shared.js:447886:24)\n    at SafeSubscriber.push.SafeSubscriber.__tryOrUnsub (file:///home/mkasun/sandbox/Postman/app/resources/app/js/vendor-shared.js:413243:16)\n    at SafeSubscriber.push.SafeSubscriber.next (file:///home/mkasun/sandbox/Postman/app/resources/app/js/vendor-shared.js:413181:22)\n    at Subscriber.push.Subscriber._next (file:///home/mkasun/sandbox/Postman/app/resources/app/js/vendor-shared.js:413124:26)\n    at Subscriber.push.Subscriber.next (file:///home/mkasun/sandbox/Postman/app/resources/app/js/vendor-shared.js:413101:18)\n    at FilterSubscriber.push.FilterSubscriber._next (file:///home/mkasun/sandbox/Postman/app/resources/app/js/vendor-shared.js:420281:30)\n    at FilterSubscriber.push.Subscriber.next (file:///home/mkasun/sandbox/Postman/app/resources/app/js/vendor-shared.js:413101:18)\n    at RefCountSubscriber.push.Subscriber._next (file:///home/mkasun/sandbox/Postman/app/resources/app/js/vendor-shared.js:413124:26)\n    at RefCountSubscriber.push.Subscriber.next (file:///home/mkasun/sandbox/Postman/app/resources/app/js/vendor-shared.js:413101:18)\n    at Subject.push.Subject.next (file:///home/mkasun/sandbox/Postman/app/resources/app/js/vendor-shared.js:414177:25)\n    at ConnectableSubscriber.push.Subscriber._next (file:///home/mkasun/sandbox/Postman/app/resources/app/js/vendor-shared.js:413124:26)\n    at ConnectableSubscriber.push.Subscriber.next (file:///home/mkasun/sandbox/Postman/app/resources/app/js/vendor-shared.js:413101:18)\n    at EventEmitter.<anonymous> (file:///home/mkasun/sandbox/Postman/app/resources/app/js/vendor-shared.js:447834:14)\n    at EventEmitter.emit (file:///home/mkasun/sandbox/Postman/app/resources/app/js/vendor-shared.js:27377:5)\n    at _dispatch (file:///home/mkasun/sandbox/Postman/app/resources/app/js/vendor-shared.js:45413:14)\n    at EventEmitter.<anonymous> (file:///home/mkasun/sandbox/Postman/app/resources/app/js/vendor-shared.js:45423:9)"}]
[138492][1605544869242][requester][warn]["APIDevService~getAPIs: Failed to get APIs.",{"error":{"message":"SyncRequestService\\x7erequestListener: Could not fetch from sync. Socket not connected."}}]
[138492][1605544869244][requester][warn]["Failed to refresh API List",{"error":{"message":"SyncRequestService\\x7erequestListener: Could not fetch from sync. Socket not connected."}}]
[138492][1605544869659][requester][warn]["FeatureFlagsStore~updateFlags: Could not find feature flags",{"error":{"message":"SyncRequestService\\x7erequestListener: Could not fetch from sync. Socket not connected."}}]
[148256][1605558225768][requester][info]["EventBus~initialize - Success"]
[148256][1605558225770][requester][info]["Messaging~boot - Success"]
[148256][1605558225783][requester][info]["bootCrashReporter~ Success"]
[148256][1605558225785][requester][info]["Telemetry~boot - Success"]
[148256][1605558225786][requester][info]["bootConfigurations~initialize - Success"]
[148256][1605558225789][requester][info]["Settings~boot - Success"]
[148256][1605558225868][requester][info]["bootstrapModels - Success"]
[148256][1605558225869][requester][info]["WLModels~boot - Success"]
[148256][1605558225953][requester][info]["Session~boot - Success"]
[148256][1605558225963][requester][info]["IndependentServices~boot - Success"]
[148256][1605558226001][requester][info]["AppModels~boot - Success"]
[148256][1605558226028][requester][info]["DBWatcher~boot - Success"]
[148256][1605558226035][requester][info]["ThemeManager~boot - Success"]
[148256][1605558226036][requester][info]["Store~boot - Success"]
[148256][1605558226040][requester][info]["Shortcuts~boot - Success"]
[148256][1605558226040][requester][info]["SyncProxy~boot - Success"]
[148256][1605558226056][requester][info]["NewConsole~boot - Success"]
[148256][1605558226062][requester][info]["APIDevInterface~boot - Success"]
[148256][1605558226076][requester][info]["Requester~boot - Success"]
[148256][1605558226077][requester][info]["booted - requester"]
[148256][1605558226134][requester][warn]["CloudProxyHandler: Error while reading proxy configuration from user data - ",{"errno":-2,"code":"ENOENT","syscall":"open","path":"/home/mkasun/.config/Postman/Postman_Config/proxy","name":"Error","message":"ENOENT: no such file or directory, open '/home/mkasun/.config/Postman/Postman_Config/proxy'","stack":"Error: ENOENT: no such file or directory, open '/home/mkasun/.config/Postman/Postman_Config/proxy'"}]
[148256][1605558227972][requester][info]["SessionValidation - Registering listener"]
[148784][1605558781836][requester][info]["EventBus~initialize - Success"]
[148784][1605558781838][requester][info]["Messaging~boot - Success"]
[148784][1605558781848][requester][info]["bootCrashReporter~ Success"]
[148784][1605558781850][requester][info]["Telemetry~boot - Success"]
[148784][1605558781851][requester][info]["bootConfigurations~initialize - Success"]
[148784][1605558781853][requester][info]["Settings~boot - Success"]
[148784][1605558781903][requester][info]["bootstrapModels - Success"]
[148784][1605558781904][requester][info]["WLModels~boot - Success"]
[148784][1605558781936][requester][info]["Session~boot - Success"]
[148784][1605558781938][requester][info]["IndependentServices~boot - Success"]
[148784][1605558781952][requester][info]["AppModels~boot - Success"]
[148784][1605558781956][requester][info]["DBWatcher~boot - Success"]
[148784][1605558781959][requester][info]["ThemeManager~boot - Success"]
[148784][1605558781959][requester][info]["Store~boot - Success"]
[148784][1605558781962][requester][info]["Shortcuts~boot - Success"]
[148784][1605558781962][requester][info]["SyncProxy~boot - Success"]
[148784][1605558781972][requester][info]["NewConsole~boot - Success"]
[148784][1605558781978][requester][info]["APIDevInterface~boot - Success"]
[148784][1605558781988][requester][info]["Requester~boot - Success"]
[148784][1605558781988][requester][info]["booted - requester"]
[148784][1605558782018][requester][warn]["CloudProxyHandler: Error while reading proxy configuration from user data - ",{"errno":-2,"code":"ENOENT","syscall":"open","path":"/home/mkasun/.config/Postman/Postman_Config/proxy","name":"Error","message":"ENOENT: no such file or directory, open '/home/mkasun/.config/Postman/Postman_Config/proxy'","stack":"Error: ENOENT: no such file or directory, open '/home/mkasun/.config/Postman/Postman_Config/proxy'"}]
[148784][1605558783153][requester][info]["SessionValidation - Registering listener"]
[148784][1605559804529][requester][warn]["AcUiUtils~getActionInfo: Could not get the AC action for",{"action":"addcollection","entityType":"workspace","entityId":"470d5c6e-7c44-4481-8079-1abc912fb919"}]
[148784][1605559806405][requester][info]["ACService~can: No permission found for",{"model":"collection","modelId":"13508600-cc3e28e9-e817-4ab5-b827-5647de5f5df8","action":"UPDATE_COLLECTION"}]
[163189][1606145544285][requester][info]["EventBus~initialize - Success"]
[163189][1606145544288][requester][info]["Messaging~boot - Success"]
[163189][1606145544298][requester][info]["bootCrashReporter~ Success"]
[163189][1606145544301][requester][info]["Telemetry~boot - Success"]
[163189][1606145544303][requester][info]["bootConfigurations~initialize - Success"]
[163189][1606145544307][requester][info]["Settings~boot - Success"]
[163189][1606145544400][requester][info]["bootstrapModels - Success"]
[163189][1606145544401][requester][info]["WLModels~boot - Success"]
[163189][1606145544493][requester][info]["Session~boot - Success"]
[163189][1606145544497][requester][info]["IndependentServices~boot - Success"]
[163189][1606145544531][requester][info]["AppModels~boot - Success"]
[163189][1606145544538][requester][info]["DBWatcher~boot - Success"]
[163189][1606145544542][requester][info]["ThemeManager~boot - Success"]
[163189][1606145544544][requester][info]["Store~boot - Success"]
[163189][1606145544547][requester][info]["Shortcuts~boot - Success"]
[163189][1606145544548][requester][info]["SyncProxy~boot - Success"]
[163189][1606145544578][requester][info]["NewConsole~boot - Success"]
[163189][1606145544581][requester][info]["APIDevInterface~boot - Success"]
[163189][1606145544611][requester][info]["Requester~boot - Success"]
[163189][1606145544611][requester][info]["booted - requester"]
[163189][1606145544692][requester][warn]["CloudProxyHandler: Error while reading proxy configuration from user data - ",{"errno":-2,"code":"ENOENT","syscall":"open","path":"/home/mkasun/.config/Postman/Postman_Config/proxy","name":"Error","message":"ENOENT: no such file or directory, open '/home/mkasun/.config/Postman/Postman_Config/proxy'","stack":"Error: ENOENT: no such file or directory, open '/home/mkasun/.config/Postman/Postman_Config/proxy'"}]
[163189][1606145546671][requester][info]["SessionValidation - Registering listener"]
[220794][1606220411931][requester][info]["EventBus~initialize - Success"]
[220794][1606220411933][requester][info]["Messaging~boot - Success"]
[220794][1606220411950][requester][info]["bootCrashReporter~ Success"]
[220794][1606220411952][requester][info]["Telemetry~boot - Success"]
[220794][1606220411952][requester][info]["bootConfigurations~initialize - Success"]
[220794][1606220411955][requester][info]["Settings~boot - Success"]
[220794][1606220412051][requester][info]["bootstrapModels - Success"]
[220794][1606220412052][requester][info]["WLModels~boot - Success"]
[220794][1606220412104][requester][info]["Session~boot - Success"]
[220794][1606220412110][requester][info]["IndependentServices~boot - Success"]
[220794][1606220412132][requester][info]["AppModels~boot - Success"]
[220794][1606220412139][requester][info]["DBWatcher~boot - Success"]
[220794][1606220412145][requester][info]["ThemeManager~boot - Success"]
[220794][1606220412146][requester][info]["Store~boot - Success"]
[220794][1606220412150][requester][info]["Shortcuts~boot - Success"]
[220794][1606220412152][requester][info]["SyncProxy~boot - Success"]
[220794][1606220412176][requester][info]["NewConsole~boot - Success"]
[220794][1606220412181][requester][info]["APIDevInterface~boot - Success"]
[220794][1606220412198][requester][info]["Requester~boot - Success"]
[220794][1606220412198][requester][info]["booted - requester"]
[220794][1606220412251][requester][warn]["CloudProxyHandler: Error while reading proxy configuration from user data - ",{"errno":-2,"code":"ENOENT","syscall":"open","path":"/home/mkasun/.config/Postman/Postman_Config/proxy","name":"Error","message":"ENOENT: no such file or directory, open '/home/mkasun/.config/Postman/Postman_Config/proxy'","stack":"Error: ENOENT: no such file or directory, open '/home/mkasun/.config/Postman/Postman_Config/proxy'"}]
[220794][1606220413840][requester][info]["SessionValidation - Registering listener"]
