[2020-11-17 17:25:38.892] [sharedprocess] [info] main {"machineId":"c5a8e7602ccb8f5703a55c747583575441ed92a91eb64420d5ea1fda1cf6872c","windowId":2}
[2020-11-17 17:25:38.936] [sharedprocess] [error] [File Watcher (node.js)] Error: ENOENT: no such file or directory, stat '/home/mkasun/.config/Code/User/snippets'
[2020-11-17 17:25:49.763] [sharedprocess] [info] Installing extension: ms-python.python
[2020-11-17 17:26:18.911] [sharedprocess] [info] Starting to clean up unused language packs.
[2020-11-17 17:26:21.163] [sharedprocess] [info] Downloaded extension: ms-python.python undefined
[2020-11-17 17:26:23.476] [sharedprocess] [info] Extracted extension to /home/mkasun/.vscode/extensions/.ms-python.python-2020.11.367453362: ms-python.python
[2020-11-17 17:26:23.476] [sharedprocess] [info] Renamed to /home/mkasun/.vscode/extensions/ms-python.python-2020.11.367453362
[2020-11-17 17:26:23.480] [sharedprocess] [info] Installation completed. ms-python.python
[2020-11-17 17:26:23.614] [sharedprocess] [info] Installing extension: ms-toolsai.jupyter
[2020-11-17 17:27:03.567] [sharedprocess] [info] Downloaded extension: ms-toolsai.jupyter undefined
[2020-11-17 17:27:04.499] [sharedprocess] [info] Extracted extension to /home/mkasun/.vscode/extensions/.ms-toolsai.jupyter-2020.11.358541065: ms-toolsai.jupyter
[2020-11-17 17:27:04.499] [sharedprocess] [info] Renamed to /home/mkasun/.vscode/extensions/ms-toolsai.jupyter-2020.11.358541065
[2020-11-17 17:27:04.501] [sharedprocess] [info] Installation completed. ms-toolsai.jupyter
[2020-11-17 17:27:04.514] [sharedprocess] [info] Extensions installed successfully: ms-toolsai.jupyter
[2020-11-17 17:27:04.518] [sharedprocess] [info] Extensions installed successfully: ms-python.python
[2020-11-17 17:27:17.445] [sharedprocess] [info] Installing extension: golang.go
[2020-11-17 17:27:19.619] [sharedprocess] [info] Downloaded extension: golang.go undefined
[2020-11-17 17:27:19.719] [sharedprocess] [info] Extracted extension to /home/mkasun/.vscode/extensions/.golang.go-0.18.1: golang.go
[2020-11-17 17:27:19.719] [sharedprocess] [info] Renamed to /home/mkasun/.vscode/extensions/golang.go-0.18.1
[2020-11-17 17:27:19.723] [sharedprocess] [info] Installation completed. golang.go
[2020-11-17 17:27:19.729] [sharedprocess] [info] Extensions installed successfully: golang.go
[2020-11-17 17:29:58.404] [sharedprocess] [info] Installing extension: vscodevim.vim
[2020-11-17 17:30:04.356] [sharedprocess] [info] Downloaded extension: vscodevim.vim undefined
[2020-11-17 17:30:04.477] [sharedprocess] [info] Extracted extension to /home/mkasun/.vscode/extensions/.vscodevim.vim-1.17.1: vscodevim.vim
[2020-11-17 17:30:04.477] [sharedprocess] [info] Renamed to /home/mkasun/.vscode/extensions/vscodevim.vim-1.17.1
[2020-11-17 17:30:04.478] [sharedprocess] [info] Installation completed. vscodevim.vim
[2020-11-17 17:30:04.486] [sharedprocess] [info] Extensions installed successfully: vscodevim.vim
