[Error - 7:52:00 a.m.] 2022/02/02 07:52:00 starting work for Setting up workspace: Request window/workDoneProgress/create failed with message: Language client is not ready yet

[Info  - 7:52:00 a.m.] 2022/02/02 07:52:00 go env for /home/mkasun/tmp
(root /home/mkasun/tmp)
(go version go version go1.17.6 linux/amd64)
(valid build configuration = false)
(build flags: [])
GONOPROXY=
GONOSUMDB=
GOPATH=/home/mkasun/go
GOPROXY=https://proxy.golang.org,direct
GOINSECURE=
GOPRIVATE=
GOROOT=/usr/lib/go
GOFLAGS=
GOMODCACHE=/home/mkasun/go/pkg/mod
GO111MODULE=
GOCACHE=/home/mkasun/.cache/go-build
GOMOD=/dev/null
GOSUMDB=sum.golang.org


[Info  - 7:52:00 a.m.] 2022/02/02 07:52:00 go/packages.Load
	snapshot=0
	directory=/home/mkasun/tmp
	query=[./ builtin]
	packages=2

[Info  - 7:52:00 a.m.] 2022/02/02 07:52:00 go env for /home/mkasun/tmp
(root /home/mkasun/tmp)
(go version go version go1.17.6 linux/amd64)
(valid build configuration = false)
(build flags: [])
GOPROXY=https://proxy.golang.org,direct
GOPRIVATE=
GOMODCACHE=/home/mkasun/go/pkg/mod
GO111MODULE=
GOINSECURE=
GOPATH=/home/mkasun/go
GOFLAGS=
GOMOD=/dev/null
GONOPROXY=
GONOSUMDB=
GOCACHE=/home/mkasun/.cache/go-build
GOROOT=/usr/lib/go
GOSUMDB=sum.golang.org


[Info  - 7:52:00 a.m.] 2022/02/02 07:52:00 go/packages.Load
	snapshot=0
	directory=/home/mkasun/tmp
	query=[./ builtin]
	packages=2

[Info  - 7:52:30 a.m.] 2022/02/02 07:52:30 background imports cache refresh starting

[Info  - 7:52:30 a.m.] 2022/02/02 07:52:30 background refresh finished after 511.448µs

